{"D:\\Purdue\\ECE 46100\\Project\\Phase 2\\ECE461-group32-frontend\\frontend\\ECE461group32-frontend\\src\\App.tsx": {"path":"D:\\Purdue\\ECE 46100\\Project\\Phase 2\\ECE461-group32-frontend\\frontend\\ECE461group32-frontend\\src\\App.tsx","all":false,"statementMap":{"0":{"start":{"line":1,"column":0},"end":{"line":1,"column":44}},"1":{"start":{"line":2,"column":0},"end":{"line":2,"column":84}},"2":{"start":{"line":3,"column":0},"end":{"line":3,"column":19}},"3":{"start":{"line":4,"column":0},"end":{"line":4,"column":32}},"4":{"start":{"line":5,"column":0},"end":{"line":5,"column":34}},"5":{"start":{"line":6,"column":0},"end":{"line":6,"column":46}},"7":{"start":{"line":8,"column":0},"end":{"line":8,"column":29}},"8":{"start":{"line":9,"column":0},"end":{"line":9,"column":54}},"9":{"start":{"line":10,"column":0},"end":{"line":10,"column":48}},"11":{"start":{"line":12,"column":0},"end":{"line":12,"column":19}},"12":{"start":{"line":13,"column":0},"end":{"line":13,"column":52}},"13":{"start":{"line":14,"column":0},"end":{"line":14,"column":16}},"14":{"start":{"line":15,"column":0},"end":{"line":15,"column":23}},"15":{"start":{"line":16,"column":0},"end":{"line":16,"column":26}},"16":{"start":{"line":17,"column":0},"end":{"line":17,"column":24}},"17":{"start":{"line":18,"column":0},"end":{"line":18,"column":5}},"18":{"start":{"line":19,"column":0},"end":{"line":19,"column":9}},"20":{"start":{"line":21,"column":0},"end":{"line":21,"column":36}},"21":{"start":{"line":22,"column":0},"end":{"line":22,"column":21}},"22":{"start":{"line":23,"column":0},"end":{"line":23,"column":22}},"23":{"start":{"line":24,"column":0},"end":{"line":24,"column":26}},"24":{"start":{"line":25,"column":0},"end":{"line":25,"column":24}},"25":{"start":{"line":26,"column":0},"end":{"line":26,"column":13}},"26":{"start":{"line":27,"column":0},"end":{"line":27,"column":4}},"28":{"start":{"line":29,"column":0},"end":{"line":29,"column":16}},"29":{"start":{"line":30,"column":0},"end":{"line":30,"column":23}},"30":{"start":{"line":31,"column":0},"end":{"line":31,"column":3}},"32":{"start":{"line":33,"column":0},"end":{"line":33,"column":10}},"33":{"start":{"line":34,"column":0},"end":{"line":34,"column":14}},"34":{"start":{"line":35,"column":0},"end":{"line":35,"column":16}},"35":{"start":{"line":36,"column":0},"end":{"line":36,"column":109}},"36":{"start":{"line":37,"column":0},"end":{"line":37,"column":16}},"37":{"start":{"line":38,"column":0},"end":{"line":38,"column":25}},"38":{"start":{"line":39,"column":0},"end":{"line":39,"column":103}},"39":{"start":{"line":40,"column":0},"end":{"line":40,"column":12}},"40":{"start":{"line":41,"column":0},"end":{"line":41,"column":17}},"41":{"start":{"line":42,"column":0},"end":{"line":42,"column":15}},"43":{"start":{"line":44,"column":0},"end":{"line":44,"column":1}},"45":{"start":{"line":46,"column":0},"end":{"line":46,"column":19}}},"s":{"0":1,"1":1,"2":1,"3":1,"4":1,"5":1,"7":5,"8":5,"9":5,"11":5,"12":3,"13":3,"14":2,"15":2,"16":2,"17":2,"18":5,"20":5,"21":0,"22":0,"23":0,"24":0,"25":0,"26":0,"28":5,"29":0,"30":0,"32":5,"33":5,"34":5,"35":5,"36":5,"37":5,"38":5,"39":5,"40":5,"41":5,"43":5,"45":1},"branchMap":{"0":{"type":"branch","line":8,"loc":{"start":{"line":8,"column":0},"end":{"line":44,"column":1}},"locations":[{"start":{"line":8,"column":0},"end":{"line":44,"column":1}}]},"1":{"type":"branch","line":29,"loc":{"start":{"line":29,"column":15},"end":{"line":31,"column":3}},"locations":[{"start":{"line":29,"column":15},"end":{"line":31,"column":3}}]},"2":{"type":"branch","line":39,"loc":{"start":{"line":39,"column":22},"end":{"line":39,"column":83}},"locations":[{"start":{"line":39,"column":22},"end":{"line":39,"column":83}}]},"3":{"type":"branch","line":39,"loc":{"start":{"line":39,"column":78},"end":{"line":39,"column":103}},"locations":[{"start":{"line":39,"column":78},"end":{"line":39,"column":103}}]},"4":{"type":"branch","line":12,"loc":{"start":{"line":12,"column":12},"end":{"line":19,"column":5}},"locations":[{"start":{"line":12,"column":12},"end":{"line":19,"column":5}}]},"5":{"type":"branch","line":14,"loc":{"start":{"line":14,"column":15},"end":{"line":18,"column":5}},"locations":[{"start":{"line":14,"column":15},"end":{"line":18,"column":5}}]}},"b":{"0":[5],"1":[0],"2":[3],"3":[2],"4":[3],"5":[2]},"fnMap":{"0":{"name":"App","decl":{"start":{"line":8,"column":0},"end":{"line":44,"column":1}},"loc":{"start":{"line":8,"column":0},"end":{"line":44,"column":1}},"line":8},"1":{"name":"handleLoginSuccess","decl":{"start":{"line":21,"column":29},"end":{"line":27,"column":4}},"loc":{"start":{"line":21,"column":29},"end":{"line":27,"column":4}},"line":21},"2":{"name":"onLogout","decl":{"start":{"line":36,"column":75},"end":{"line":36,"column":103}},"loc":{"start":{"line":36,"column":75},"end":{"line":36,"column":103}},"line":36}},"f":{"0":5,"1":0,"2":0}}
,"D:\\Purdue\\ECE 46100\\Project\\Phase 2\\ECE461-group32-frontend\\frontend\\ECE461group32-frontend\\src\\api.ts": {"path":"D:\\Purdue\\ECE 46100\\Project\\Phase 2\\ECE461-group32-frontend\\frontend\\ECE461group32-frontend\\src\\api.ts","all":false,"statementMap":{"0":{"start":{"line":1,"column":0},"end":{"line":1,"column":26}},"1":{"start":{"line":2,"column":0},"end":{"line":2,"column":84}},"2":{"start":{"line":3,"column":0},"end":{"line":3,"column":43}},"3":{"start":{"line":4,"column":0},"end":{"line":4,"column":23}},"4":{"start":{"line":5,"column":0},"end":{"line":5,"column":3}},"5":{"start":{"line":6,"column":0},"end":{"line":6,"column":27}},"6":{"start":{"line":7,"column":0},"end":{"line":7,"column":40}},"7":{"start":{"line":8,"column":0},"end":{"line":8,"column":25}},"8":{"start":{"line":9,"column":0},"end":{"line":9,"column":14}},"9":{"start":{"line":10,"column":0},"end":{"line":10,"column":41}},"10":{"start":{"line":11,"column":0},"end":{"line":11,"column":28}},"11":{"start":{"line":12,"column":0},"end":{"line":12,"column":30}},"12":{"start":{"line":13,"column":0},"end":{"line":13,"column":58}},"13":{"start":{"line":14,"column":0},"end":{"line":14,"column":45}},"14":{"start":{"line":15,"column":0},"end":{"line":15,"column":40}},"15":{"start":{"line":16,"column":0},"end":{"line":16,"column":7}},"16":{"start":{"line":17,"column":0},"end":{"line":17,"column":5}},"17":{"start":{"line":18,"column":0},"end":{"line":18,"column":33}},"18":{"start":{"line":19,"column":0},"end":{"line":19,"column":3}},"19":{"start":{"line":20,"column":0},"end":{"line":20,"column":2}},"20":{"start":{"line":21,"column":0},"end":{"line":21,"column":35}},"21":{"start":{"line":22,"column":0},"end":{"line":22,"column":19}},"22":{"start":{"line":23,"column":0},"end":{"line":23,"column":19}},"23":{"start":{"line":24,"column":0},"end":{"line":24,"column":35}},"24":{"start":{"line":25,"column":0},"end":{"line":25,"column":24}},"25":{"start":{"line":26,"column":0},"end":{"line":26,"column":19}},"26":{"start":{"line":27,"column":0},"end":{"line":27,"column":6}},"27":{"start":{"line":28,"column":0},"end":{"line":28,"column":7}},"28":{"start":{"line":29,"column":0},"end":{"line":29,"column":56}},"29":{"start":{"line":30,"column":0},"end":{"line":30,"column":39}},"30":{"start":{"line":31,"column":0},"end":{"line":31,"column":46}},"31":{"start":{"line":32,"column":0},"end":{"line":32,"column":18}},"32":{"start":{"line":33,"column":0},"end":{"line":33,"column":7}},"33":{"start":{"line":34,"column":0},"end":{"line":34,"column":23}},"34":{"start":{"line":35,"column":0},"end":{"line":35,"column":27}},"35":{"start":{"line":36,"column":0},"end":{"line":36,"column":33}},"36":{"start":{"line":37,"column":0},"end":{"line":37,"column":33}},"37":{"start":{"line":38,"column":0},"end":{"line":38,"column":28}},"38":{"start":{"line":39,"column":0},"end":{"line":39,"column":8}},"39":{"start":{"line":40,"column":0},"end":{"line":40,"column":7}},"40":{"start":{"line":41,"column":0},"end":{"line":41,"column":18}},"41":{"start":{"line":42,"column":0},"end":{"line":42,"column":39}},"42":{"start":{"line":43,"column":0},"end":{"line":43,"column":44}},"43":{"start":{"line":44,"column":0},"end":{"line":44,"column":9}},"44":{"start":{"line":45,"column":0},"end":{"line":45,"column":7}},"45":{"start":{"line":46,"column":0},"end":{"line":46,"column":6}},"46":{"start":{"line":47,"column":0},"end":{"line":47,"column":61}},"47":{"start":{"line":48,"column":0},"end":{"line":48,"column":51}},"48":{"start":{"line":49,"column":0},"end":{"line":49,"column":27}},"49":{"start":{"line":50,"column":0},"end":{"line":50,"column":41}},"50":{"start":{"line":51,"column":0},"end":{"line":51,"column":106}},"51":{"start":{"line":52,"column":0},"end":{"line":52,"column":41}},"52":{"start":{"line":53,"column":0},"end":{"line":53,"column":50}},"53":{"start":{"line":54,"column":0},"end":{"line":54,"column":12}},"54":{"start":{"line":55,"column":0},"end":{"line":55,"column":71}},"55":{"start":{"line":56,"column":0},"end":{"line":56,"column":5}},"56":{"start":{"line":57,"column":0},"end":{"line":57,"column":19}},"57":{"start":{"line":58,"column":0},"end":{"line":58,"column":23}},"58":{"start":{"line":59,"column":0},"end":{"line":59,"column":3}},"59":{"start":{"line":60,"column":0},"end":{"line":60,"column":2}},"60":{"start":{"line":61,"column":0},"end":{"line":61,"column":105}},"61":{"start":{"line":62,"column":0},"end":{"line":62,"column":7}},"62":{"start":{"line":63,"column":0},"end":{"line":63,"column":42}},"63":{"start":{"line":64,"column":0},"end":{"line":64,"column":45}},"64":{"start":{"line":65,"column":0},"end":{"line":65,"column":23}},"65":{"start":{"line":66,"column":0},"end":{"line":66,"column":7}},"66":{"start":{"line":67,"column":0},"end":{"line":67,"column":15}},"67":{"start":{"line":68,"column":0},"end":{"line":68,"column":25}},"68":{"start":{"line":69,"column":0},"end":{"line":69,"column":34}},"69":{"start":{"line":70,"column":0},"end":{"line":70,"column":10}},"70":{"start":{"line":71,"column":0},"end":{"line":71,"column":17}},"71":{"start":{"line":72,"column":0},"end":{"line":72,"column":28}},"72":{"start":{"line":73,"column":0},"end":{"line":73,"column":9}},"73":{"start":{"line":74,"column":0},"end":{"line":74,"column":8}},"74":{"start":{"line":75,"column":0},"end":{"line":75,"column":7}},"75":{"start":{"line":76,"column":0},"end":{"line":76,"column":18}},"76":{"start":{"line":77,"column":0},"end":{"line":77,"column":44}},"77":{"start":{"line":78,"column":0},"end":{"line":78,"column":9}},"78":{"start":{"line":79,"column":0},"end":{"line":79,"column":7}},"79":{"start":{"line":80,"column":0},"end":{"line":80,"column":6}},"80":{"start":{"line":81,"column":0},"end":{"line":81,"column":61}},"81":{"start":{"line":82,"column":0},"end":{"line":82,"column":54}},"82":{"start":{"line":83,"column":0},"end":{"line":83,"column":27}},"83":{"start":{"line":84,"column":0},"end":{"line":84,"column":41}},"84":{"start":{"line":85,"column":0},"end":{"line":85,"column":108}},"85":{"start":{"line":86,"column":0},"end":{"line":86,"column":41}},"86":{"start":{"line":87,"column":0},"end":{"line":87,"column":58}},"87":{"start":{"line":88,"column":0},"end":{"line":88,"column":41}},"88":{"start":{"line":89,"column":0},"end":{"line":89,"column":70}},"89":{"start":{"line":90,"column":0},"end":{"line":90,"column":12}},"90":{"start":{"line":91,"column":0},"end":{"line":91,"column":52}},"91":{"start":{"line":92,"column":0},"end":{"line":92,"column":5}},"92":{"start":{"line":93,"column":0},"end":{"line":93,"column":19}},"93":{"start":{"line":94,"column":0},"end":{"line":94,"column":23}},"94":{"start":{"line":95,"column":0},"end":{"line":95,"column":3}},"95":{"start":{"line":96,"column":0},"end":{"line":96,"column":2}},"96":{"start":{"line":97,"column":0},"end":{"line":97,"column":37}},"97":{"start":{"line":98,"column":0},"end":{"line":98,"column":54}},"98":{"start":{"line":99,"column":0},"end":{"line":99,"column":7}},"99":{"start":{"line":100,"column":0},"end":{"line":100,"column":57}},"100":{"start":{"line":101,"column":0},"end":{"line":101,"column":16}},"101":{"start":{"line":102,"column":0},"end":{"line":102,"column":36}},"102":{"start":{"line":103,"column":0},"end":{"line":103,"column":7}},"103":{"start":{"line":104,"column":0},"end":{"line":104,"column":7}},"104":{"start":{"line":105,"column":0},"end":{"line":105,"column":34}},"105":{"start":{"line":106,"column":0},"end":{"line":106,"column":51}},"106":{"start":{"line":107,"column":0},"end":{"line":107,"column":27}},"107":{"start":{"line":108,"column":0},"end":{"line":108,"column":14}},"108":{"start":{"line":109,"column":0},"end":{"line":109,"column":71}},"109":{"start":{"line":110,"column":0},"end":{"line":110,"column":5}},"110":{"start":{"line":111,"column":0},"end":{"line":111,"column":19}},"111":{"start":{"line":112,"column":0},"end":{"line":112,"column":23}},"112":{"start":{"line":113,"column":0},"end":{"line":113,"column":3}},"113":{"start":{"line":114,"column":0},"end":{"line":114,"column":2}},"114":{"start":{"line":115,"column":0},"end":{"line":115,"column":52}},"115":{"start":{"line":116,"column":0},"end":{"line":116,"column":54}},"116":{"start":{"line":117,"column":0},"end":{"line":117,"column":7}},"117":{"start":{"line":118,"column":0},"end":{"line":118,"column":76}},"118":{"start":{"line":119,"column":0},"end":{"line":119,"column":16}},"119":{"start":{"line":120,"column":0},"end":{"line":120,"column":36}},"120":{"start":{"line":121,"column":0},"end":{"line":121,"column":7}},"121":{"start":{"line":122,"column":0},"end":{"line":122,"column":7}},"122":{"start":{"line":123,"column":0},"end":{"line":123,"column":34}},"123":{"start":{"line":124,"column":0},"end":{"line":124,"column":52}},"124":{"start":{"line":125,"column":0},"end":{"line":125,"column":27}},"125":{"start":{"line":126,"column":0},"end":{"line":126,"column":14}},"126":{"start":{"line":127,"column":0},"end":{"line":127,"column":71}},"127":{"start":{"line":128,"column":0},"end":{"line":128,"column":5}},"128":{"start":{"line":129,"column":0},"end":{"line":129,"column":19}},"129":{"start":{"line":130,"column":0},"end":{"line":130,"column":23}},"130":{"start":{"line":131,"column":0},"end":{"line":131,"column":3}},"131":{"start":{"line":132,"column":0},"end":{"line":132,"column":2}},"132":{"start":{"line":133,"column":0},"end":{"line":133,"column":77}},"133":{"start":{"line":134,"column":0},"end":{"line":134,"column":54}},"134":{"start":{"line":135,"column":0},"end":{"line":135,"column":25}},"135":{"start":{"line":136,"column":0},"end":{"line":136,"column":7}},"136":{"start":{"line":137,"column":0},"end":{"line":137,"column":46}},"137":{"start":{"line":138,"column":0},"end":{"line":138,"column":17}},"138":{"start":{"line":139,"column":0},"end":{"line":139,"column":7}},"139":{"start":{"line":140,"column":0},"end":{"line":140,"column":24}},"140":{"start":{"line":141,"column":0},"end":{"line":141,"column":32}},"141":{"start":{"line":142,"column":0},"end":{"line":142,"column":8}},"142":{"start":{"line":143,"column":0},"end":{"line":143,"column":7}},"143":{"start":{"line":144,"column":0},"end":{"line":144,"column":18}},"144":{"start":{"line":145,"column":0},"end":{"line":145,"column":39}},"145":{"start":{"line":146,"column":0},"end":{"line":146,"column":44}},"146":{"start":{"line":147,"column":0},"end":{"line":147,"column":9}},"147":{"start":{"line":148,"column":0},"end":{"line":148,"column":7}},"148":{"start":{"line":149,"column":0},"end":{"line":149,"column":6}},"149":{"start":{"line":150,"column":0},"end":{"line":150,"column":45}},"150":{"start":{"line":151,"column":0},"end":{"line":151,"column":25}},"151":{"start":{"line":152,"column":0},"end":{"line":152,"column":19}},"152":{"start":{"line":153,"column":0},"end":{"line":153,"column":36}},"153":{"start":{"line":154,"column":0},"end":{"line":154,"column":27}},"154":{"start":{"line":155,"column":0},"end":{"line":155,"column":45}},"155":{"start":{"line":156,"column":0},"end":{"line":156,"column":29}},"156":{"start":{"line":157,"column":0},"end":{"line":157,"column":103}},"157":{"start":{"line":158,"column":0},"end":{"line":158,"column":36}},"158":{"start":{"line":159,"column":0},"end":{"line":159,"column":98}},"159":{"start":{"line":160,"column":0},"end":{"line":160,"column":36}},"160":{"start":{"line":161,"column":0},"end":{"line":161,"column":55}},"161":{"start":{"line":162,"column":0},"end":{"line":162,"column":16}},"162":{"start":{"line":163,"column":0},"end":{"line":163,"column":26}},"163":{"start":{"line":164,"column":0},"end":{"line":164,"column":70}},"164":{"start":{"line":165,"column":0},"end":{"line":165,"column":68}},"165":{"start":{"line":166,"column":0},"end":{"line":166,"column":14}},"166":{"start":{"line":167,"column":0},"end":{"line":167,"column":12}},"167":{"start":{"line":168,"column":0},"end":{"line":168,"column":9}},"168":{"start":{"line":169,"column":0},"end":{"line":169,"column":33}},"169":{"start":{"line":170,"column":0},"end":{"line":170,"column":65}},"170":{"start":{"line":171,"column":0},"end":{"line":171,"column":14}},"171":{"start":{"line":172,"column":0},"end":{"line":172,"column":88}},"172":{"start":{"line":173,"column":0},"end":{"line":173,"column":7}},"173":{"start":{"line":174,"column":0},"end":{"line":174,"column":12}},"174":{"start":{"line":175,"column":0},"end":{"line":175,"column":55}},"175":{"start":{"line":176,"column":0},"end":{"line":176,"column":5}},"176":{"start":{"line":177,"column":0},"end":{"line":177,"column":3}},"177":{"start":{"line":178,"column":0},"end":{"line":178,"column":2}},"178":{"start":{"line":179,"column":0},"end":{"line":179,"column":81}},"179":{"start":{"line":180,"column":0},"end":{"line":180,"column":54}},"180":{"start":{"line":181,"column":0},"end":{"line":181,"column":7}},"181":{"start":{"line":182,"column":0},"end":{"line":182,"column":74}},"182":{"start":{"line":183,"column":0},"end":{"line":183,"column":25}},"183":{"start":{"line":184,"column":0},"end":{"line":184,"column":16}},"184":{"start":{"line":185,"column":0},"end":{"line":185,"column":37}},"185":{"start":{"line":186,"column":0},"end":{"line":186,"column":42}},"186":{"start":{"line":187,"column":0},"end":{"line":187,"column":7}},"187":{"start":{"line":188,"column":0},"end":{"line":188,"column":7}},"188":{"start":{"line":189,"column":0},"end":{"line":189,"column":34}},"189":{"start":{"line":190,"column":0},"end":{"line":190,"column":54}},"190":{"start":{"line":191,"column":0},"end":{"line":191,"column":27}},"191":{"start":{"line":192,"column":0},"end":{"line":192,"column":41}},"192":{"start":{"line":193,"column":0},"end":{"line":193,"column":114}},"193":{"start":{"line":194,"column":0},"end":{"line":194,"column":43}},"194":{"start":{"line":195,"column":0},"end":{"line":195,"column":53}},"195":{"start":{"line":196,"column":0},"end":{"line":196,"column":12}},"196":{"start":{"line":197,"column":0},"end":{"line":197,"column":71}},"197":{"start":{"line":198,"column":0},"end":{"line":198,"column":5}},"198":{"start":{"line":199,"column":0},"end":{"line":199,"column":19}},"199":{"start":{"line":200,"column":0},"end":{"line":200,"column":23}},"200":{"start":{"line":201,"column":0},"end":{"line":201,"column":3}},"201":{"start":{"line":202,"column":0},"end":{"line":202,"column":2}},"202":{"start":{"line":203,"column":0},"end":{"line":203,"column":60}},"203":{"start":{"line":204,"column":0},"end":{"line":204,"column":54}},"204":{"start":{"line":205,"column":0},"end":{"line":205,"column":7}},"205":{"start":{"line":206,"column":0},"end":{"line":206,"column":72}},"206":{"start":{"line":207,"column":0},"end":{"line":207,"column":16}},"207":{"start":{"line":208,"column":0},"end":{"line":208,"column":36}},"208":{"start":{"line":209,"column":0},"end":{"line":209,"column":7}},"209":{"start":{"line":210,"column":0},"end":{"line":210,"column":7}},"210":{"start":{"line":211,"column":0},"end":{"line":211,"column":34}},"211":{"start":{"line":212,"column":0},"end":{"line":212,"column":53}},"212":{"start":{"line":213,"column":0},"end":{"line":213,"column":27}},"213":{"start":{"line":214,"column":0},"end":{"line":214,"column":41}},"214":{"start":{"line":215,"column":0},"end":{"line":215,"column":111}},"215":{"start":{"line":216,"column":0},"end":{"line":216,"column":43}},"216":{"start":{"line":217,"column":0},"end":{"line":217,"column":49}},"217":{"start":{"line":218,"column":0},"end":{"line":218,"column":12}},"218":{"start":{"line":219,"column":0},"end":{"line":219,"column":71}},"219":{"start":{"line":220,"column":0},"end":{"line":220,"column":5}},"220":{"start":{"line":221,"column":0},"end":{"line":221,"column":19}},"221":{"start":{"line":222,"column":0},"end":{"line":222,"column":23}},"222":{"start":{"line":223,"column":0},"end":{"line":223,"column":3}},"223":{"start":{"line":224,"column":0},"end":{"line":224,"column":2}},"224":{"start":{"line":225,"column":0},"end":{"line":225,"column":84}},"225":{"start":{"line":226,"column":0},"end":{"line":226,"column":54}},"226":{"start":{"line":227,"column":0},"end":{"line":227,"column":7}},"227":{"start":{"line":228,"column":0},"end":{"line":228,"column":86}},"228":{"start":{"line":229,"column":0},"end":{"line":229,"column":16}},"229":{"start":{"line":230,"column":0},"end":{"line":230,"column":22}},"230":{"start":{"line":231,"column":0},"end":{"line":231,"column":37}},"231":{"start":{"line":232,"column":0},"end":{"line":232,"column":42}},"232":{"start":{"line":233,"column":0},"end":{"line":233,"column":7}},"233":{"start":{"line":234,"column":0},"end":{"line":234,"column":7}},"234":{"start":{"line":235,"column":0},"end":{"line":235,"column":34}},"235":{"start":{"line":236,"column":0},"end":{"line":236,"column":41}},"236":{"start":{"line":237,"column":0},"end":{"line":237,"column":27}},"237":{"start":{"line":238,"column":0},"end":{"line":238,"column":41}},"238":{"start":{"line":239,"column":0},"end":{"line":239,"column":111}},"239":{"start":{"line":240,"column":0},"end":{"line":240,"column":43}},"240":{"start":{"line":241,"column":0},"end":{"line":241,"column":49}},"241":{"start":{"line":242,"column":0},"end":{"line":242,"column":12}},"242":{"start":{"line":243,"column":0},"end":{"line":243,"column":71}},"243":{"start":{"line":244,"column":0},"end":{"line":244,"column":5}},"244":{"start":{"line":245,"column":0},"end":{"line":245,"column":19}},"245":{"start":{"line":246,"column":0},"end":{"line":246,"column":23}},"246":{"start":{"line":247,"column":0},"end":{"line":247,"column":3}},"247":{"start":{"line":248,"column":0},"end":{"line":248,"column":2}},"248":{"start":{"line":249,"column":0},"end":{"line":249,"column":42}},"249":{"start":{"line":250,"column":0},"end":{"line":250,"column":54}},"250":{"start":{"line":251,"column":0},"end":{"line":251,"column":7}},"251":{"start":{"line":252,"column":0},"end":{"line":252,"column":60}},"252":{"start":{"line":253,"column":0},"end":{"line":253,"column":16}},"253":{"start":{"line":254,"column":0},"end":{"line":254,"column":36}},"254":{"start":{"line":255,"column":0},"end":{"line":255,"column":7}},"255":{"start":{"line":256,"column":0},"end":{"line":256,"column":7}},"256":{"start":{"line":257,"column":0},"end":{"line":257,"column":34}},"257":{"start":{"line":258,"column":0},"end":{"line":258,"column":40}},"258":{"start":{"line":259,"column":0},"end":{"line":259,"column":27}},"259":{"start":{"line":260,"column":0},"end":{"line":260,"column":41}},"260":{"start":{"line":261,"column":0},"end":{"line":261,"column":75}},"261":{"start":{"line":262,"column":0},"end":{"line":262,"column":14}},"262":{"start":{"line":263,"column":0},"end":{"line":263,"column":71}},"263":{"start":{"line":264,"column":0},"end":{"line":264,"column":5}},"264":{"start":{"line":265,"column":0},"end":{"line":265,"column":19}},"265":{"start":{"line":266,"column":0},"end":{"line":266,"column":23}},"266":{"start":{"line":267,"column":0},"end":{"line":267,"column":3}},"267":{"start":{"line":268,"column":0},"end":{"line":268,"column":2}},"268":{"start":{"line":269,"column":0},"end":{"line":269,"column":60}},"269":{"start":{"line":270,"column":0},"end":{"line":270,"column":54}},"270":{"start":{"line":271,"column":0},"end":{"line":271,"column":7}},"271":{"start":{"line":272,"column":0},"end":{"line":272,"column":77}},"272":{"start":{"line":273,"column":0},"end":{"line":273,"column":16}},"273":{"start":{"line":274,"column":0},"end":{"line":274,"column":36}},"274":{"start":{"line":275,"column":0},"end":{"line":275,"column":7}},"275":{"start":{"line":276,"column":0},"end":{"line":276,"column":7}},"276":{"start":{"line":277,"column":0},"end":{"line":277,"column":34}},"277":{"start":{"line":278,"column":0},"end":{"line":278,"column":27}},"278":{"start":{"line":279,"column":0},"end":{"line":279,"column":41}},"279":{"start":{"line":280,"column":0},"end":{"line":280,"column":68}},"280":{"start":{"line":281,"column":0},"end":{"line":281,"column":41}},"281":{"start":{"line":282,"column":0},"end":{"line":282,"column":95}},"282":{"start":{"line":283,"column":0},"end":{"line":283,"column":41}},"283":{"start":{"line":284,"column":0},"end":{"line":284,"column":49}},"284":{"start":{"line":285,"column":0},"end":{"line":285,"column":41}},"285":{"start":{"line":286,"column":0},"end":{"line":286,"column":90}},"286":{"start":{"line":287,"column":0},"end":{"line":287,"column":12}},"287":{"start":{"line":288,"column":0},"end":{"line":288,"column":71}},"288":{"start":{"line":289,"column":0},"end":{"line":289,"column":5}},"289":{"start":{"line":290,"column":0},"end":{"line":290,"column":19}},"290":{"start":{"line":291,"column":0},"end":{"line":291,"column":23}},"291":{"start":{"line":292,"column":0},"end":{"line":292,"column":3}},"292":{"start":{"line":293,"column":0},"end":{"line":293,"column":2}},"293":{"start":{"line":294,"column":0},"end":{"line":294,"column":89}},"294":{"start":{"line":295,"column":0},"end":{"line":295,"column":54}},"295":{"start":{"line":296,"column":0},"end":{"line":296,"column":7}},"296":{"start":{"line":297,"column":0},"end":{"line":297,"column":77}},"297":{"start":{"line":298,"column":0},"end":{"line":298,"column":29}},"298":{"start":{"line":299,"column":0},"end":{"line":299,"column":16}},"299":{"start":{"line":300,"column":0},"end":{"line":300,"column":36}},"300":{"start":{"line":301,"column":0},"end":{"line":301,"column":7}},"301":{"start":{"line":302,"column":0},"end":{"line":302,"column":7}},"302":{"start":{"line":303,"column":0},"end":{"line":303,"column":34}},"303":{"start":{"line":304,"column":0},"end":{"line":304,"column":74}},"304":{"start":{"line":305,"column":0},"end":{"line":305,"column":18}},"305":{"start":{"line":306,"column":0},"end":{"line":306,"column":41}},"306":{"start":{"line":307,"column":0},"end":{"line":307,"column":68}},"307":{"start":{"line":308,"column":0},"end":{"line":308,"column":43}},"308":{"start":{"line":309,"column":0},"end":{"line":309,"column":49}},"309":{"start":{"line":310,"column":0},"end":{"line":310,"column":41}},"310":{"start":{"line":311,"column":0},"end":{"line":311,"column":90}},"311":{"start":{"line":312,"column":0},"end":{"line":312,"column":12}},"312":{"start":{"line":313,"column":0},"end":{"line":313,"column":71}},"313":{"start":{"line":314,"column":0},"end":{"line":314,"column":5}},"314":{"start":{"line":315,"column":0},"end":{"line":315,"column":19}},"315":{"start":{"line":316,"column":0},"end":{"line":316,"column":23}},"316":{"start":{"line":317,"column":0},"end":{"line":317,"column":3}},"317":{"start":{"line":318,"column":0},"end":{"line":318,"column":2}},"318":{"start":{"line":319,"column":0},"end":{"line":319,"column":63}},"319":{"start":{"line":320,"column":0},"end":{"line":320,"column":54}},"320":{"start":{"line":321,"column":0},"end":{"line":321,"column":47}},"321":{"start":{"line":322,"column":0},"end":{"line":322,"column":7}},"322":{"start":{"line":323,"column":0},"end":{"line":323,"column":46}},"323":{"start":{"line":324,"column":0},"end":{"line":324,"column":25}},"324":{"start":{"line":325,"column":0},"end":{"line":325,"column":23}},"325":{"start":{"line":326,"column":0},"end":{"line":326,"column":7}},"326":{"start":{"line":327,"column":0},"end":{"line":327,"column":18}},"327":{"start":{"line":328,"column":0},"end":{"line":328,"column":39}},"328":{"start":{"line":329,"column":0},"end":{"line":329,"column":44}},"329":{"start":{"line":330,"column":0},"end":{"line":330,"column":9}},"330":{"start":{"line":331,"column":0},"end":{"line":331,"column":7}},"331":{"start":{"line":332,"column":0},"end":{"line":332,"column":6}},"332":{"start":{"line":333,"column":0},"end":{"line":333,"column":34}},"333":{"start":{"line":334,"column":0},"end":{"line":334,"column":27}},"334":{"start":{"line":335,"column":0},"end":{"line":335,"column":41}},"335":{"start":{"line":336,"column":0},"end":{"line":336,"column":113}},"336":{"start":{"line":337,"column":0},"end":{"line":337,"column":43}},"337":{"start":{"line":338,"column":0},"end":{"line":338,"column":60}},"338":{"start":{"line":339,"column":0},"end":{"line":339,"column":12}},"339":{"start":{"line":340,"column":0},"end":{"line":340,"column":71}},"340":{"start":{"line":341,"column":0},"end":{"line":341,"column":5}},"341":{"start":{"line":342,"column":0},"end":{"line":342,"column":19}},"342":{"start":{"line":343,"column":0},"end":{"line":343,"column":33}},"343":{"start":{"line":344,"column":0},"end":{"line":344,"column":35}},"344":{"start":{"line":345,"column":0},"end":{"line":345,"column":18}},"345":{"start":{"line":346,"column":0},"end":{"line":346,"column":12}},"346":{"start":{"line":347,"column":0},"end":{"line":347,"column":55}},"347":{"start":{"line":348,"column":0},"end":{"line":348,"column":5}},"348":{"start":{"line":349,"column":0},"end":{"line":349,"column":3}},"349":{"start":{"line":350,"column":0},"end":{"line":350,"column":2}},"350":{"start":{"line":351,"column":0},"end":{"line":351,"column":38}},"351":{"start":{"line":352,"column":0},"end":{"line":352,"column":7}},"352":{"start":{"line":353,"column":0},"end":{"line":353,"column":57}},"353":{"start":{"line":354,"column":0},"end":{"line":354,"column":34}},"354":{"start":{"line":355,"column":0},"end":{"line":355,"column":52}},"355":{"start":{"line":356,"column":0},"end":{"line":356,"column":27}},"356":{"start":{"line":357,"column":0},"end":{"line":357,"column":41}},"357":{"start":{"line":358,"column":0},"end":{"line":358,"column":107}},"358":{"start":{"line":359,"column":0},"end":{"line":359,"column":12}},"359":{"start":{"line":360,"column":0},"end":{"line":360,"column":71}},"360":{"start":{"line":361,"column":0},"end":{"line":361,"column":5}},"361":{"start":{"line":362,"column":0},"end":{"line":362,"column":19}},"362":{"start":{"line":363,"column":0},"end":{"line":363,"column":23}},"363":{"start":{"line":364,"column":0},"end":{"line":364,"column":3}},"364":{"start":{"line":365,"column":0},"end":{"line":365,"column":2}},"365":{"start":{"line":366,"column":0},"end":{"line":366,"column":77}},"366":{"start":{"line":367,"column":0},"end":{"line":367,"column":54}},"367":{"start":{"line":368,"column":0},"end":{"line":368,"column":7}},"368":{"start":{"line":369,"column":0},"end":{"line":369,"column":46}},"369":{"start":{"line":370,"column":0},"end":{"line":370,"column":17}},"370":{"start":{"line":371,"column":0},"end":{"line":371,"column":7}},"371":{"start":{"line":372,"column":0},"end":{"line":372,"column":29}},"372":{"start":{"line":373,"column":0},"end":{"line":373,"column":16}},"373":{"start":{"line":374,"column":0},"end":{"line":374,"column":8}},"374":{"start":{"line":375,"column":0},"end":{"line":375,"column":7}},"375":{"start":{"line":376,"column":0},"end":{"line":376,"column":18}},"376":{"start":{"line":377,"column":0},"end":{"line":377,"column":39}},"377":{"start":{"line":378,"column":0},"end":{"line":378,"column":44}},"378":{"start":{"line":379,"column":0},"end":{"line":379,"column":9}},"379":{"start":{"line":380,"column":0},"end":{"line":380,"column":7}},"380":{"start":{"line":381,"column":0},"end":{"line":381,"column":6}},"381":{"start":{"line":382,"column":0},"end":{"line":382,"column":61}},"382":{"start":{"line":383,"column":0},"end":{"line":383,"column":89}},"383":{"start":{"line":384,"column":0},"end":{"line":384,"column":27}},"384":{"start":{"line":385,"column":0},"end":{"line":385,"column":41}},"385":{"start":{"line":386,"column":0},"end":{"line":386,"column":115}},"386":{"start":{"line":387,"column":0},"end":{"line":387,"column":41}},"387":{"start":{"line":388,"column":0},"end":{"line":388,"column":49}},"388":{"start":{"line":389,"column":0},"end":{"line":389,"column":41}},"389":{"start":{"line":390,"column":0},"end":{"line":390,"column":81}},"390":{"start":{"line":391,"column":0},"end":{"line":391,"column":12}},"391":{"start":{"line":392,"column":0},"end":{"line":392,"column":71}},"392":{"start":{"line":393,"column":0},"end":{"line":393,"column":5}},"393":{"start":{"line":394,"column":0},"end":{"line":394,"column":19}},"394":{"start":{"line":395,"column":0},"end":{"line":395,"column":23}},"395":{"start":{"line":396,"column":0},"end":{"line":396,"column":3}},"396":{"start":{"line":397,"column":0},"end":{"line":397,"column":2}},"397":{"start":{"line":398,"column":0},"end":{"line":398,"column":105}},"398":{"start":{"line":399,"column":0},"end":{"line":399,"column":56}},"399":{"start":{"line":400,"column":0},"end":{"line":400,"column":9}},"400":{"start":{"line":401,"column":0},"end":{"line":401,"column":48}},"401":{"start":{"line":402,"column":0},"end":{"line":402,"column":20}},"402":{"start":{"line":403,"column":0},"end":{"line":403,"column":9}},"403":{"start":{"line":404,"column":0},"end":{"line":404,"column":27}},"404":{"start":{"line":405,"column":0},"end":{"line":405,"column":31}},"405":{"start":{"line":406,"column":0},"end":{"line":406,"column":26}},"406":{"start":{"line":407,"column":0},"end":{"line":407,"column":10}},"407":{"start":{"line":408,"column":0},"end":{"line":408,"column":9}},"408":{"start":{"line":409,"column":0},"end":{"line":409,"column":20}},"409":{"start":{"line":410,"column":0},"end":{"line":410,"column":41}},"410":{"start":{"line":411,"column":0},"end":{"line":411,"column":46}},"411":{"start":{"line":412,"column":0},"end":{"line":412,"column":11}},"412":{"start":{"line":413,"column":0},"end":{"line":413,"column":9}},"413":{"start":{"line":414,"column":0},"end":{"line":414,"column":8}},"414":{"start":{"line":415,"column":0},"end":{"line":415,"column":63}},"415":{"start":{"line":416,"column":0},"end":{"line":416,"column":91}},"416":{"start":{"line":417,"column":0},"end":{"line":417,"column":29}},"417":{"start":{"line":418,"column":0},"end":{"line":418,"column":43}},"418":{"start":{"line":419,"column":0},"end":{"line":419,"column":117}},"419":{"start":{"line":420,"column":0},"end":{"line":420,"column":43}},"420":{"start":{"line":421,"column":0},"end":{"line":421,"column":96}},"421":{"start":{"line":422,"column":0},"end":{"line":422,"column":43}},"422":{"start":{"line":423,"column":0},"end":{"line":423,"column":51}},"423":{"start":{"line":424,"column":0},"end":{"line":424,"column":43}},"424":{"start":{"line":425,"column":0},"end":{"line":425,"column":83}},"425":{"start":{"line":426,"column":0},"end":{"line":426,"column":14}},"426":{"start":{"line":427,"column":0},"end":{"line":427,"column":73}},"427":{"start":{"line":428,"column":0},"end":{"line":428,"column":7}},"428":{"start":{"line":429,"column":0},"end":{"line":429,"column":21}},"429":{"start":{"line":430,"column":0},"end":{"line":430,"column":25}},"430":{"start":{"line":431,"column":0},"end":{"line":431,"column":5}},"431":{"start":{"line":432,"column":0},"end":{"line":432,"column":4}},"432":{"start":{"line":433,"column":0},"end":{"line":433,"column":55}},"433":{"start":{"line":434,"column":0},"end":{"line":434,"column":54}},"434":{"start":{"line":435,"column":0},"end":{"line":435,"column":7}},"435":{"start":{"line":436,"column":0},"end":{"line":436,"column":72}},"436":{"start":{"line":437,"column":0},"end":{"line":437,"column":16}},"437":{"start":{"line":438,"column":0},"end":{"line":438,"column":36}},"438":{"start":{"line":439,"column":0},"end":{"line":439,"column":7}},"439":{"start":{"line":440,"column":0},"end":{"line":440,"column":7}},"440":{"start":{"line":441,"column":0},"end":{"line":441,"column":34}},"441":{"start":{"line":442,"column":0},"end":{"line":442,"column":49}},"442":{"start":{"line":443,"column":0},"end":{"line":443,"column":27}},"443":{"start":{"line":444,"column":0},"end":{"line":444,"column":41}},"444":{"start":{"line":445,"column":0},"end":{"line":445,"column":109}},"445":{"start":{"line":446,"column":0},"end":{"line":446,"column":43}},"446":{"start":{"line":447,"column":0},"end":{"line":447,"column":47}},"447":{"start":{"line":448,"column":0},"end":{"line":448,"column":12}},"448":{"start":{"line":449,"column":0},"end":{"line":449,"column":71}},"449":{"start":{"line":450,"column":0},"end":{"line":450,"column":5}},"450":{"start":{"line":451,"column":0},"end":{"line":451,"column":19}},"451":{"start":{"line":452,"column":0},"end":{"line":452,"column":23}},"452":{"start":{"line":453,"column":0},"end":{"line":453,"column":3}},"453":{"start":{"line":454,"column":0},"end":{"line":454,"column":2}}},"s":{"0":1,"1":1,"2":1,"3":1,"4":1,"5":1,"6":1,"7":1,"8":1,"9":0,"10":0,"11":0,"12":0,"13":0,"14":0,"15":0,"16":0,"17":0,"18":0,"19":1,"20":1,"21":0,"22":0,"23":0,"24":0,"25":0,"26":0,"27":0,"28":0,"29":0,"30":0,"31":0,"32":0,"33":0,"34":0,"35":0,"36":0,"37":0,"38":0,"39":0,"40":0,"41":0,"42":0,"43":0,"44":0,"45":0,"46":0,"47":0,"48":0,"49":0,"50":0,"51":0,"52":0,"53":0,"54":0,"55":0,"56":0,"57":0,"58":0,"59":0,"60":1,"61":0,"62":0,"63":0,"64":0,"65":0,"66":0,"67":0,"68":0,"69":0,"70":0,"71":0,"72":0,"73":0,"74":0,"75":0,"76":0,"77":0,"78":0,"79":0,"80":0,"81":0,"82":0,"83":0,"84":0,"85":0,"86":0,"87":0,"88":0,"89":0,"90":0,"91":0,"92":0,"93":0,"94":0,"95":0,"96":1,"97":0,"98":0,"99":0,"100":0,"101":0,"102":0,"103":0,"104":0,"105":0,"106":0,"107":0,"108":0,"109":0,"110":0,"111":0,"112":0,"113":0,"114":1,"115":0,"116":0,"117":0,"118":0,"119":0,"120":0,"121":0,"122":0,"123":0,"124":0,"125":0,"126":0,"127":0,"128":0,"129":0,"130":0,"131":0,"132":1,"133":0,"134":0,"135":0,"136":0,"137":0,"138":0,"139":0,"140":0,"141":0,"142":0,"143":0,"144":0,"145":0,"146":0,"147":0,"148":0,"149":0,"150":0,"151":0,"152":0,"153":0,"154":0,"155":0,"156":0,"157":0,"158":0,"159":0,"160":0,"161":0,"162":0,"163":0,"164":0,"165":0,"166":0,"167":0,"168":0,"169":0,"170":0,"171":0,"172":0,"173":0,"174":0,"175":0,"176":0,"177":0,"178":1,"179":0,"180":0,"181":0,"182":0,"183":0,"184":0,"185":0,"186":0,"187":0,"188":0,"189":0,"190":0,"191":0,"192":0,"193":0,"194":0,"195":0,"196":0,"197":0,"198":0,"199":0,"200":0,"201":0,"202":1,"203":0,"204":0,"205":0,"206":0,"207":0,"208":0,"209":0,"210":0,"211":0,"212":0,"213":0,"214":0,"215":0,"216":0,"217":0,"218":0,"219":0,"220":0,"221":0,"222":0,"223":0,"224":1,"225":0,"226":0,"227":0,"228":0,"229":0,"230":0,"231":0,"232":0,"233":0,"234":0,"235":0,"236":0,"237":0,"238":0,"239":0,"240":0,"241":0,"242":0,"243":0,"244":0,"245":0,"246":0,"247":0,"248":1,"249":0,"250":0,"251":0,"252":0,"253":0,"254":0,"255":0,"256":0,"257":0,"258":0,"259":0,"260":0,"261":0,"262":0,"263":0,"264":0,"265":0,"266":0,"267":0,"268":1,"269":0,"270":0,"271":0,"272":0,"273":0,"274":0,"275":0,"276":0,"277":0,"278":0,"279":0,"280":0,"281":0,"282":0,"283":0,"284":0,"285":0,"286":0,"287":0,"288":0,"289":0,"290":0,"291":0,"292":0,"293":1,"294":0,"295":0,"296":0,"297":0,"298":0,"299":0,"300":0,"301":0,"302":0,"303":0,"304":0,"305":0,"306":0,"307":0,"308":0,"309":0,"310":0,"311":0,"312":0,"313":0,"314":0,"315":0,"316":0,"317":0,"318":1,"319":0,"320":0,"321":0,"322":0,"323":0,"324":0,"325":0,"326":0,"327":0,"328":0,"329":0,"330":0,"331":0,"332":0,"333":0,"334":0,"335":0,"336":0,"337":0,"338":0,"339":0,"340":0,"341":0,"342":0,"343":0,"344":0,"345":0,"346":0,"347":0,"348":0,"349":0,"350":1,"351":0,"352":0,"353":0,"354":0,"355":0,"356":0,"357":0,"358":0,"359":0,"360":0,"361":0,"362":0,"363":0,"364":0,"365":1,"366":0,"367":0,"368":0,"369":0,"370":0,"371":0,"372":0,"373":0,"374":0,"375":0,"376":0,"377":0,"378":0,"379":0,"380":0,"381":0,"382":0,"383":0,"384":0,"385":0,"386":0,"387":0,"388":0,"389":0,"390":0,"391":0,"392":0,"393":0,"394":0,"395":0,"396":0,"397":1,"398":0,"399":0,"400":0,"401":0,"402":0,"403":0,"404":0,"405":0,"406":0,"407":0,"408":0,"409":0,"410":0,"411":0,"412":0,"413":0,"414":0,"415":0,"416":0,"417":0,"418":0,"419":0,"420":0,"421":0,"422":0,"423":0,"424":0,"425":0,"426":0,"427":0,"428":0,"429":0,"430":0,"431":0,"432":1,"433":0,"434":0,"435":0,"436":0,"437":0,"438":0,"439":0,"440":0,"441":0,"442":0,"443":0,"444":0,"445":0,"446":0,"447":0,"448":0,"449":0,"450":0,"451":0,"452":0,"453":0},"branchMap":{},"b":{},"fnMap":{"0":{"name":"axiosInstance.interceptors.response.use.isShowingModal","decl":{"start":{"line":8,"column":2},"end":{"line":8,"column":25}},"loc":{"start":{"line":8,"column":2},"end":{"line":8,"column":25}},"line":8},"1":{"name":"registerUser","decl":{"start":{"line":21,"column":28},"end":{"line":60,"column":2}},"loc":{"start":{"line":21,"column":28},"end":{"line":60,"column":2}},"line":21},"2":{"name":"authenticateUser","decl":{"start":{"line":61,"column":32},"end":{"line":96,"column":2}},"loc":{"start":{"line":61,"column":32},"end":{"line":96,"column":2}},"line":61},"3":{"name":"getUsers","decl":{"start":{"line":97,"column":24},"end":{"line":114,"column":2}},"loc":{"start":{"line":97,"column":24},"end":{"line":114,"column":2}},"line":97},"4":{"name":"getGroupsAndPermissions","decl":{"start":{"line":115,"column":39},"end":{"line":132,"column":2}},"loc":{"start":{"line":115,"column":39},"end":{"line":132,"column":2}},"line":115},"5":{"name":"addGroup","decl":{"start":{"line":133,"column":24},"end":{"line":178,"column":2}},"loc":{"start":{"line":133,"column":24},"end":{"line":178,"column":2}},"line":133},"6":{"name":"getPackages","decl":{"start":{"line":179,"column":27},"end":{"line":202,"column":2}},"loc":{"start":{"line":179,"column":27},"end":{"line":202,"column":2}},"line":179},"7":{"name":"getPackageById","decl":{"start":{"line":203,"column":30},"end":{"line":224,"column":2}},"loc":{"start":{"line":203,"column":30},"end":{"line":224,"column":2}},"line":203},"8":{"name":"updatePackageById","decl":{"start":{"line":225,"column":33},"end":{"line":248,"column":2}},"loc":{"start":{"line":225,"column":33},"end":{"line":248,"column":2}},"line":225},"9":{"name":"resetRegistry","decl":{"start":{"line":249,"column":29},"end":{"line":268,"column":2}},"loc":{"start":{"line":249,"column":29},"end":{"line":268,"column":2}},"line":249},"10":{"name":"getPackageRate","decl":{"start":{"line":269,"column":30},"end":{"line":293,"column":2}},"loc":{"start":{"line":269,"column":30},"end":{"line":293,"column":2}},"line":269},"11":{"name":"getPackageCost","decl":{"start":{"line":294,"column":30},"end":{"line":318,"column":2}},"loc":{"start":{"line":294,"column":30},"end":{"line":318,"column":2}},"line":294},"12":{"name":"searchPackagesByRegEx","decl":{"start":{"line":319,"column":37},"end":{"line":350,"column":2}},"loc":{"start":{"line":319,"column":37},"end":{"line":350,"column":2}},"line":319},"13":{"name":"getTracks","decl":{"start":{"line":351,"column":25},"end":{"line":365,"column":2}},"loc":{"start":{"line":351,"column":25},"end":{"line":365,"column":2}},"line":351},"14":{"name":"uploadPackageByURL","decl":{"start":{"line":366,"column":34},"end":{"line":397,"column":2}},"loc":{"start":{"line":366,"column":34},"end":{"line":397,"column":2}},"line":366},"15":{"name":"uploadPackageByContent","decl":{"start":{"line":398,"column":40},"end":{"line":432,"column":4}},"loc":{"start":{"line":398,"column":40},"end":{"line":432,"column":4}},"line":398},"16":{"name":"deleteGroup","decl":{"start":{"line":433,"column":27},"end":{"line":454,"column":2}},"loc":{"start":{"line":433,"column":27},"end":{"line":454,"column":2}},"line":433}},"f":{"0":0,"1":0,"2":0,"3":0,"4":0,"5":0,"6":0,"7":0,"8":0,"9":0,"10":0,"11":0,"12":0,"13":0,"14":0,"15":0,"16":0}}
,"D:\\Purdue\\ECE 46100\\Project\\Phase 2\\ECE461-group32-frontend\\frontend\\ECE461group32-frontend\\src\\components\\AddGroup.tsx": {"path":"D:\\Purdue\\ECE 46100\\Project\\Phase 2\\ECE461-group32-frontend\\frontend\\ECE461group32-frontend\\src\\components\\AddGroup.tsx","all":false,"statementMap":{"0":{"start":{"line":1,"column":0},"end":{"line":1,"column":40}},"1":{"start":{"line":2,"column":0},"end":{"line":2,"column":35}},"2":{"start":{"line":3,"column":0},"end":{"line":3,"column":35}},"8":{"start":{"line":9,"column":0},"end":{"line":9,"column":99}},"9":{"start":{"line":10,"column":0},"end":{"line":10,"column":49}},"10":{"start":{"line":11,"column":0},"end":{"line":11,"column":64}},"12":{"start":{"line":13,"column":0},"end":{"line":13,"column":63}},"13":{"start":{"line":14,"column":0},"end":{"line":14,"column":89}},"14":{"start":{"line":15,"column":0},"end":{"line":15,"column":48}},"16":{"start":{"line":17,"column":0},"end":{"line":17,"column":73}},"17":{"start":{"line":18,"column":0},"end":{"line":18,"column":39}},"18":{"start":{"line":19,"column":0},"end":{"line":19,"column":18}},"19":{"start":{"line":20,"column":0},"end":{"line":20,"column":45}},"20":{"start":{"line":21,"column":0},"end":{"line":21,"column":12}},"21":{"start":{"line":22,"column":0},"end":{"line":22,"column":78}},"22":{"start":{"line":23,"column":0},"end":{"line":23,"column":5}},"23":{"start":{"line":24,"column":0},"end":{"line":24,"column":4}},"25":{"start":{"line":26,"column":0},"end":{"line":26,"column":56}},"26":{"start":{"line":27,"column":0},"end":{"line":27,"column":23}},"28":{"start":{"line":29,"column":0},"end":{"line":29,"column":9}},"29":{"start":{"line":30,"column":0},"end":{"line":30,"column":23}},"30":{"start":{"line":31,"column":0},"end":{"line":31,"column":81}},"31":{"start":{"line":32,"column":0},"end":{"line":32,"column":75}},"32":{"start":{"line":33,"column":0},"end":{"line":33,"column":28}},"33":{"start":{"line":34,"column":0},"end":{"line":34,"column":33}},"34":{"start":{"line":35,"column":0},"end":{"line":35,"column":78}},"35":{"start":{"line":36,"column":0},"end":{"line":36,"column":14}},"36":{"start":{"line":37,"column":0},"end":{"line":37,"column":99}},"37":{"start":{"line":38,"column":0},"end":{"line":38,"column":7}},"38":{"start":{"line":39,"column":0},"end":{"line":39,"column":15}},"39":{"start":{"line":40,"column":0},"end":{"line":40,"column":24}},"40":{"start":{"line":41,"column":0},"end":{"line":41,"column":5}},"41":{"start":{"line":42,"column":0},"end":{"line":42,"column":4}},"43":{"start":{"line":44,"column":0},"end":{"line":44,"column":16}},"44":{"start":{"line":45,"column":0},"end":{"line":45,"column":65}},"45":{"start":{"line":46,"column":0},"end":{"line":46,"column":3}},"47":{"start":{"line":48,"column":0},"end":{"line":48,"column":10}},"48":{"start":{"line":49,"column":0},"end":{"line":49,"column":116}},"49":{"start":{"line":50,"column":0},"end":{"line":50,"column":73}},"50":{"start":{"line":51,"column":0},"end":{"line":51,"column":11}},"51":{"start":{"line":52,"column":0},"end":{"line":52,"column":36}},"52":{"start":{"line":53,"column":0},"end":{"line":53,"column":33}},"53":{"start":{"line":54,"column":0},"end":{"line":54,"column":67}},"54":{"start":{"line":55,"column":0},"end":{"line":55,"column":30}},"55":{"start":{"line":56,"column":0},"end":{"line":56,"column":83}},"57":{"start":{"line":58,"column":0},"end":{"line":58,"column":18}},"58":{"start":{"line":59,"column":0},"end":{"line":59,"column":16}},"59":{"start":{"line":60,"column":0},"end":{"line":60,"column":25}},"60":{"start":{"line":61,"column":0},"end":{"line":61,"column":23}},"61":{"start":{"line":62,"column":0},"end":{"line":62,"column":25}},"62":{"start":{"line":63,"column":0},"end":{"line":63,"column":54}},"63":{"start":{"line":64,"column":0},"end":{"line":64,"column":20}},"64":{"start":{"line":65,"column":0},"end":{"line":65,"column":146}},"65":{"start":{"line":66,"column":0},"end":{"line":66,"column":12}},"66":{"start":{"line":67,"column":0},"end":{"line":67,"column":14}},"67":{"start":{"line":68,"column":0},"end":{"line":68,"column":30}},"68":{"start":{"line":69,"column":0},"end":{"line":69,"column":64}},"69":{"start":{"line":70,"column":0},"end":{"line":70,"column":18}},"70":{"start":{"line":71,"column":0},"end":{"line":71,"column":40}},"71":{"start":{"line":72,"column":0},"end":{"line":72,"column":29}},"72":{"start":{"line":73,"column":0},"end":{"line":73,"column":39}},"73":{"start":{"line":74,"column":0},"end":{"line":74,"column":68}},"74":{"start":{"line":75,"column":0},"end":{"line":75,"column":14}},"76":{"start":{"line":77,"column":0},"end":{"line":77,"column":18}},"77":{"start":{"line":78,"column":0},"end":{"line":78,"column":32}},"78":{"start":{"line":79,"column":0},"end":{"line":79,"column":17}},"79":{"start":{"line":80,"column":0},"end":{"line":80,"column":68}},"80":{"start":{"line":81,"column":0},"end":{"line":81,"column":97}},"82":{"start":{"line":83,"column":0},"end":{"line":83,"column":22}},"83":{"start":{"line":84,"column":0},"end":{"line":84,"column":68}},"84":{"start":{"line":85,"column":0},"end":{"line":85,"column":97}},"86":{"start":{"line":87,"column":0},"end":{"line":87,"column":22}},"87":{"start":{"line":88,"column":0},"end":{"line":88,"column":68}},"88":{"start":{"line":89,"column":0},"end":{"line":89,"column":97}},"90":{"start":{"line":91,"column":0},"end":{"line":91,"column":22}},"91":{"start":{"line":92,"column":0},"end":{"line":92,"column":18}},"93":{"start":{"line":94,"column":0},"end":{"line":94,"column":14}},"94":{"start":{"line":95,"column":0},"end":{"line":95,"column":120}},"95":{"start":{"line":96,"column":0},"end":{"line":96,"column":59}},"96":{"start":{"line":97,"column":0},"end":{"line":97,"column":17}},"97":{"start":{"line":98,"column":0},"end":{"line":98,"column":25}},"98":{"start":{"line":99,"column":0},"end":{"line":99,"column":133}},"100":{"start":{"line":101,"column":0},"end":{"line":101,"column":19}},"101":{"start":{"line":102,"column":0},"end":{"line":102,"column":14}},"102":{"start":{"line":103,"column":0},"end":{"line":103,"column":13}},"103":{"start":{"line":104,"column":0},"end":{"line":104,"column":10}},"105":{"start":{"line":106,"column":0},"end":{"line":106,"column":2}},"107":{"start":{"line":108,"column":0},"end":{"line":108,"column":24}}},"s":{"0":1,"1":1,"2":1,"8":1,"9":29,"10":29,"12":29,"13":29,"14":29,"16":29,"17":2,"18":2,"19":1,"20":1,"21":1,"22":1,"23":2,"25":29,"26":4,"28":4,"29":4,"30":4,"31":4,"32":4,"33":1,"34":1,"35":1,"36":0,"37":0,"38":4,"39":4,"40":4,"41":4,"43":29,"44":4,"45":4,"47":25,"48":25,"49":25,"50":25,"51":25,"52":25,"53":25,"54":25,"55":25,"57":25,"58":25,"59":25,"60":25,"61":25,"62":25,"63":25,"64":25,"65":25,"66":25,"67":25,"68":25,"69":25,"70":25,"71":25,"72":25,"73":25,"74":25,"76":25,"77":25,"78":22,"79":22,"80":22,"82":22,"83":22,"84":22,"86":22,"87":22,"88":22,"90":22,"91":22,"93":29,"94":29,"95":29,"96":29,"97":29,"98":29,"100":29,"101":29,"102":29,"103":29,"105":29,"107":1},"branchMap":{"0":{"type":"branch","line":9,"loc":{"start":{"line":9,"column":64},"end":{"line":106,"column":2}},"locations":[{"start":{"line":9,"column":64},"end":{"line":106,"column":2}}]},"1":{"type":"branch","line":44,"loc":{"start":{"line":44,"column":15},"end":{"line":46,"column":3}},"locations":[{"start":{"line":44,"column":15},"end":{"line":46,"column":3}}]},"2":{"type":"branch","line":46,"loc":{"start":{"line":46,"column":2},"end":{"line":78,"column":32}},"locations":[{"start":{"line":46,"column":2},"end":{"line":78,"column":32}}]},"3":{"type":"branch","line":78,"loc":{"start":{"line":78,"column":12},"end":{"line":92,"column":18}},"locations":[{"start":{"line":78,"column":12},"end":{"line":92,"column":18}}]},"4":{"type":"branch","line":95,"loc":{"start":{"line":95,"column":42},"end":{"line":95,"column":65}},"locations":[{"start":{"line":95,"column":42},"end":{"line":95,"column":65}}]},"5":{"type":"branch","line":95,"loc":{"start":{"line":95,"column":46},"end":{"line":95,"column":79}},"locations":[{"start":{"line":95,"column":46},"end":{"line":95,"column":79}}]},"6":{"type":"branch","line":17,"loc":{"start":{"line":17,"column":28},"end":{"line":24,"column":4}},"locations":[{"start":{"line":17,"column":28},"end":{"line":24,"column":4}}]},"7":{"type":"branch","line":19,"loc":{"start":{"line":19,"column":17},"end":{"line":23,"column":5}},"locations":[{"start":{"line":19,"column":17},"end":{"line":23,"column":5}}]},"8":{"type":"branch","line":22,"loc":{"start":{"line":22,"column":40},"end":{"line":22,"column":75}},"locations":[{"start":{"line":22,"column":40},"end":{"line":22,"column":75}}]},"9":{"type":"branch","line":26,"loc":{"start":{"line":26,"column":25},"end":{"line":42,"column":4}},"locations":[{"start":{"line":26,"column":25},"end":{"line":42,"column":4}}]},"10":{"type":"branch","line":31,"loc":{"start":{"line":31,"column":56},"end":{"line":32,"column":39}},"locations":[{"start":{"line":31,"column":56},"end":{"line":32,"column":39}}]},"11":{"type":"branch","line":32,"loc":{"start":{"line":32,"column":20},"end":{"line":32,"column":75}},"locations":[{"start":{"line":32,"column":20},"end":{"line":32,"column":75}}]},"12":{"type":"branch","line":33,"loc":{"start":{"line":33,"column":4},"end":{"line":39,"column":6}},"locations":[{"start":{"line":33,"column":4},"end":{"line":39,"column":6}}]},"13":{"type":"branch","line":36,"loc":{"start":{"line":36,"column":6},"end":{"line":38,"column":7}},"locations":[{"start":{"line":36,"column":6},"end":{"line":38,"column":7}}]},"14":{"type":"branch","line":63,"loc":{"start":{"line":63,"column":22},"end":{"line":63,"column":54}},"locations":[{"start":{"line":63,"column":22},"end":{"line":63,"column":54}}]},"15":{"type":"branch","line":74,"loc":{"start":{"line":74,"column":24},"end":{"line":74,"column":68}},"locations":[{"start":{"line":74,"column":24},"end":{"line":74,"column":68}}]}},"b":{"0":[29],"1":[4],"2":[25],"3":[22],"4":[2],"5":[23],"6":[2],"7":[1],"8":[1],"9":[4],"10":[3],"11":[2],"12":[1],"13":[0],"14":[5],"15":[5]},"fnMap":{"0":{"name":"AddGroup","decl":{"start":{"line":9,"column":64},"end":{"line":106,"column":2}},"loc":{"start":{"line":9,"column":64},"end":{"line":106,"column":2}},"line":9},"1":{"name":"handlePermissions","decl":{"start":{"line":17,"column":28},"end":{"line":24,"column":4}},"loc":{"start":{"line":17,"column":28},"end":{"line":24,"column":4}},"line":17},"2":{"name":"handleAddGroup","decl":{"start":{"line":26,"column":25},"end":{"line":42,"column":4}},"loc":{"start":{"line":26,"column":25},"end":{"line":42,"column":4}},"line":26},"3":{"name":"onChange","decl":{"start":{"line":63,"column":22},"end":{"line":63,"column":54}},"loc":{"start":{"line":63,"column":22},"end":{"line":63,"column":54}},"line":63},"4":{"name":"onChange","decl":{"start":{"line":74,"column":24},"end":{"line":74,"column":68}},"loc":{"start":{"line":74,"column":24},"end":{"line":74,"column":68}},"line":74}},"f":{"0":29,"1":2,"2":4,"3":5,"4":5}}
,"D:\\Purdue\\ECE 46100\\Project\\Phase 2\\ECE461-group32-frontend\\frontend\\ECE461group32-frontend\\src\\components\\AddUser.tsx": {"path":"D:\\Purdue\\ECE 46100\\Project\\Phase 2\\ECE461-group32-frontend\\frontend\\ECE461group32-frontend\\src\\components\\AddUser.tsx","all":false,"statementMap":{"0":{"start":{"line":1,"column":0},"end":{"line":1,"column":51}},"1":{"start":{"line":2,"column":0},"end":{"line":2,"column":63}},"2":{"start":{"line":3,"column":0},"end":{"line":3,"column":35}},"8":{"start":{"line":9,"column":0},"end":{"line":9,"column":97}},"9":{"start":{"line":10,"column":0},"end":{"line":10,"column":47}},"10":{"start":{"line":11,"column":0},"end":{"line":11,"column":47}},"11":{"start":{"line":12,"column":0},"end":{"line":12,"column":61}},"12":{"start":{"line":13,"column":0},"end":{"line":13,"column":53}},"13":{"start":{"line":14,"column":0},"end":{"line":14,"column":64}},"14":{"start":{"line":15,"column":0},"end":{"line":15,"column":60}},"15":{"start":{"line":16,"column":0},"end":{"line":16,"column":66}},"17":{"start":{"line":18,"column":0},"end":{"line":18,"column":63}},"18":{"start":{"line":19,"column":0},"end":{"line":19,"column":58}},"21":{"start":{"line":22,"column":0},"end":{"line":22,"column":34}},"23":{"start":{"line":24,"column":0},"end":{"line":24,"column":48}},"25":{"start":{"line":26,"column":0},"end":{"line":26,"column":19}},"26":{"start":{"line":27,"column":0},"end":{"line":27,"column":24}},"27":{"start":{"line":28,"column":0},"end":{"line":28,"column":21}},"28":{"start":{"line":29,"column":0},"end":{"line":29,"column":5}},"29":{"start":{"line":30,"column":0},"end":{"line":30,"column":22}},"31":{"start":{"line":32,"column":0},"end":{"line":32,"column":36}},"32":{"start":{"line":33,"column":0},"end":{"line":33,"column":51}},"33":{"start":{"line":34,"column":0},"end":{"line":34,"column":22}},"34":{"start":{"line":35,"column":0},"end":{"line":35,"column":4}},"36":{"start":{"line":37,"column":0},"end":{"line":37,"column":73}},"37":{"start":{"line":38,"column":0},"end":{"line":38,"column":39}},"38":{"start":{"line":39,"column":0},"end":{"line":39,"column":18}},"39":{"start":{"line":40,"column":0},"end":{"line":40,"column":45}},"40":{"start":{"line":41,"column":0},"end":{"line":41,"column":12}},"41":{"start":{"line":42,"column":0},"end":{"line":42,"column":78}},"42":{"start":{"line":43,"column":0},"end":{"line":43,"column":5}},"43":{"start":{"line":44,"column":0},"end":{"line":44,"column":4}},"45":{"start":{"line":46,"column":0},"end":{"line":46,"column":55}},"46":{"start":{"line":47,"column":0},"end":{"line":47,"column":23}},"48":{"start":{"line":49,"column":0},"end":{"line":49,"column":39}},"49":{"start":{"line":50,"column":0},"end":{"line":50,"column":79}},"50":{"start":{"line":51,"column":0},"end":{"line":51,"column":24}},"51":{"start":{"line":52,"column":0},"end":{"line":52,"column":13}},"52":{"start":{"line":53,"column":0},"end":{"line":53,"column":5}},"54":{"start":{"line":55,"column":0},"end":{"line":55,"column":9}},"55":{"start":{"line":56,"column":0},"end":{"line":56,"column":23}},"56":{"start":{"line":57,"column":0},"end":{"line":57,"column":96}},"57":{"start":{"line":58,"column":0},"end":{"line":58,"column":17}},"58":{"start":{"line":59,"column":0},"end":{"line":59,"column":84}},"59":{"start":{"line":60,"column":0},"end":{"line":60,"column":14}},"60":{"start":{"line":61,"column":0},"end":{"line":61,"column":96}},"61":{"start":{"line":62,"column":0},"end":{"line":62,"column":7}},"62":{"start":{"line":63,"column":0},"end":{"line":63,"column":28}},"63":{"start":{"line":64,"column":0},"end":{"line":64,"column":33}},"64":{"start":{"line":65,"column":0},"end":{"line":65,"column":68}},"65":{"start":{"line":66,"column":0},"end":{"line":66,"column":14}},"66":{"start":{"line":67,"column":0},"end":{"line":67,"column":87}},"67":{"start":{"line":68,"column":0},"end":{"line":68,"column":7}},"68":{"start":{"line":69,"column":0},"end":{"line":69,"column":15}},"69":{"start":{"line":70,"column":0},"end":{"line":70,"column":24}},"70":{"start":{"line":71,"column":0},"end":{"line":71,"column":5}},"71":{"start":{"line":72,"column":0},"end":{"line":72,"column":4}},"73":{"start":{"line":74,"column":0},"end":{"line":74,"column":16}},"74":{"start":{"line":75,"column":0},"end":{"line":75,"column":23}},"75":{"start":{"line":76,"column":0},"end":{"line":76,"column":3}},"77":{"start":{"line":78,"column":0},"end":{"line":78,"column":10}},"78":{"start":{"line":79,"column":0},"end":{"line":79,"column":116}},"79":{"start":{"line":80,"column":0},"end":{"line":80,"column":69}},"80":{"start":{"line":81,"column":0},"end":{"line":81,"column":96}},"81":{"start":{"line":82,"column":0},"end":{"line":82,"column":30}},"82":{"start":{"line":83,"column":0},"end":{"line":83,"column":83}},"84":{"start":{"line":85,"column":0},"end":{"line":85,"column":18}},"85":{"start":{"line":86,"column":0},"end":{"line":86,"column":16}},"86":{"start":{"line":87,"column":0},"end":{"line":87,"column":25}},"87":{"start":{"line":88,"column":0},"end":{"line":88,"column":23}},"88":{"start":{"line":89,"column":0},"end":{"line":89,"column":28}},"89":{"start":{"line":90,"column":0},"end":{"line":90,"column":57}},"90":{"start":{"line":91,"column":0},"end":{"line":91,"column":20}},"91":{"start":{"line":92,"column":0},"end":{"line":92,"column":146}},"92":{"start":{"line":93,"column":0},"end":{"line":93,"column":12}},"93":{"start":{"line":94,"column":0},"end":{"line":94,"column":14}},"94":{"start":{"line":95,"column":0},"end":{"line":95,"column":30}},"95":{"start":{"line":96,"column":0},"end":{"line":96,"column":83}},"97":{"start":{"line":98,"column":0},"end":{"line":98,"column":18}},"98":{"start":{"line":99,"column":0},"end":{"line":99,"column":16}},"99":{"start":{"line":100,"column":0},"end":{"line":100,"column":25}},"100":{"start":{"line":101,"column":0},"end":{"line":101,"column":27}},"101":{"start":{"line":102,"column":0},"end":{"line":102,"column":28}},"102":{"start":{"line":103,"column":0},"end":{"line":103,"column":57}},"103":{"start":{"line":104,"column":0},"end":{"line":104,"column":20}},"104":{"start":{"line":105,"column":0},"end":{"line":105,"column":146}},"105":{"start":{"line":106,"column":0},"end":{"line":106,"column":12}},"106":{"start":{"line":107,"column":0},"end":{"line":107,"column":14}},"107":{"start":{"line":108,"column":0},"end":{"line":108,"column":30}},"108":{"start":{"line":109,"column":0},"end":{"line":109,"column":90}},"110":{"start":{"line":111,"column":0},"end":{"line":111,"column":18}},"111":{"start":{"line":112,"column":0},"end":{"line":112,"column":16}},"112":{"start":{"line":113,"column":0},"end":{"line":113,"column":32}},"113":{"start":{"line":114,"column":0},"end":{"line":114,"column":27}},"114":{"start":{"line":115,"column":0},"end":{"line":115,"column":35}},"115":{"start":{"line":116,"column":0},"end":{"line":116,"column":64}},"116":{"start":{"line":117,"column":0},"end":{"line":117,"column":20}},"117":{"start":{"line":118,"column":0},"end":{"line":118,"column":146}},"118":{"start":{"line":119,"column":0},"end":{"line":119,"column":12}},"119":{"start":{"line":120,"column":0},"end":{"line":120,"column":14}},"120":{"start":{"line":121,"column":0},"end":{"line":121,"column":59}},"121":{"start":{"line":122,"column":0},"end":{"line":122,"column":17}},"122":{"start":{"line":123,"column":0},"end":{"line":123,"column":25}},"123":{"start":{"line":124,"column":0},"end":{"line":124,"column":127}},"124":{"start":{"line":125,"column":0},"end":{"line":125,"column":28}},"125":{"start":{"line":126,"column":0},"end":{"line":126,"column":40}},"126":{"start":{"line":127,"column":0},"end":{"line":127,"column":38}},"127":{"start":{"line":128,"column":0},"end":{"line":128,"column":15}},"129":{"start":{"line":130,"column":0},"end":{"line":130,"column":19}},"130":{"start":{"line":131,"column":0},"end":{"line":131,"column":17}},"131":{"start":{"line":132,"column":0},"end":{"line":132,"column":25}},"132":{"start":{"line":133,"column":0},"end":{"line":133,"column":124}},"133":{"start":{"line":134,"column":0},"end":{"line":134,"column":28}},"134":{"start":{"line":135,"column":0},"end":{"line":135,"column":37}},"135":{"start":{"line":136,"column":0},"end":{"line":136,"column":41}},"136":{"start":{"line":137,"column":0},"end":{"line":137,"column":15}},"138":{"start":{"line":139,"column":0},"end":{"line":139,"column":19}},"139":{"start":{"line":140,"column":0},"end":{"line":140,"column":14}},"140":{"start":{"line":141,"column":0},"end":{"line":141,"column":27}},"141":{"start":{"line":142,"column":0},"end":{"line":142,"column":32}},"142":{"start":{"line":143,"column":0},"end":{"line":143,"column":32}},"143":{"start":{"line":144,"column":0},"end":{"line":144,"column":83}},"145":{"start":{"line":146,"column":0},"end":{"line":146,"column":20}},"146":{"start":{"line":147,"column":0},"end":{"line":147,"column":19}},"147":{"start":{"line":148,"column":0},"end":{"line":148,"column":25}},"148":{"start":{"line":149,"column":0},"end":{"line":149,"column":37}},"149":{"start":{"line":150,"column":0},"end":{"line":150,"column":149}},"150":{"start":{"line":151,"column":0},"end":{"line":151,"column":54}},"151":{"start":{"line":152,"column":0},"end":{"line":152,"column":38}},"152":{"start":{"line":153,"column":0},"end":{"line":153,"column":50}},"153":{"start":{"line":154,"column":0},"end":{"line":154,"column":25}},"154":{"start":{"line":155,"column":0},"end":{"line":155,"column":25}},"155":{"start":{"line":156,"column":0},"end":{"line":156,"column":17}},"156":{"start":{"line":157,"column":0},"end":{"line":157,"column":21}},"157":{"start":{"line":158,"column":0},"end":{"line":158,"column":81}},"159":{"start":{"line":160,"column":0},"end":{"line":160,"column":30}},"160":{"start":{"line":161,"column":0},"end":{"line":161,"column":32}},"161":{"start":{"line":162,"column":0},"end":{"line":162,"column":66}},"162":{"start":{"line":163,"column":0},"end":{"line":163,"column":20}},"163":{"start":{"line":164,"column":0},"end":{"line":164,"column":42}},"164":{"start":{"line":165,"column":0},"end":{"line":165,"column":31}},"165":{"start":{"line":166,"column":0},"end":{"line":166,"column":41}},"166":{"start":{"line":167,"column":0},"end":{"line":167,"column":70}},"167":{"start":{"line":168,"column":0},"end":{"line":168,"column":16}},"169":{"start":{"line":170,"column":0},"end":{"line":170,"column":20}},"170":{"start":{"line":171,"column":0},"end":{"line":171,"column":34}},"171":{"start":{"line":172,"column":0},"end":{"line":172,"column":19}},"172":{"start":{"line":173,"column":0},"end":{"line":173,"column":70}},"173":{"start":{"line":174,"column":0},"end":{"line":174,"column":113}},"175":{"start":{"line":176,"column":0},"end":{"line":176,"column":24}},"176":{"start":{"line":177,"column":0},"end":{"line":177,"column":70}},"177":{"start":{"line":178,"column":0},"end":{"line":178,"column":115}},"179":{"start":{"line":180,"column":0},"end":{"line":180,"column":24}},"180":{"start":{"line":181,"column":0},"end":{"line":181,"column":70}},"181":{"start":{"line":182,"column":0},"end":{"line":182,"column":113}},"183":{"start":{"line":184,"column":0},"end":{"line":184,"column":24}},"184":{"start":{"line":185,"column":0},"end":{"line":185,"column":20}},"186":{"start":{"line":187,"column":0},"end":{"line":187,"column":16}},"188":{"start":{"line":189,"column":0},"end":{"line":189,"column":115}},"189":{"start":{"line":190,"column":0},"end":{"line":190,"column":119}},"190":{"start":{"line":191,"column":0},"end":{"line":191,"column":59}},"191":{"start":{"line":192,"column":0},"end":{"line":192,"column":17}},"192":{"start":{"line":193,"column":0},"end":{"line":193,"column":25}},"193":{"start":{"line":194,"column":0},"end":{"line":194,"column":133}},"195":{"start":{"line":196,"column":0},"end":{"line":196,"column":19}},"196":{"start":{"line":197,"column":0},"end":{"line":197,"column":14}},"197":{"start":{"line":198,"column":0},"end":{"line":198,"column":13}},"198":{"start":{"line":199,"column":0},"end":{"line":199,"column":10}},"200":{"start":{"line":201,"column":0},"end":{"line":201,"column":2}},"202":{"start":{"line":203,"column":0},"end":{"line":203,"column":23}}},"s":{"0":1,"1":1,"2":1,"8":1,"9":39,"10":39,"11":39,"12":39,"13":39,"14":39,"15":39,"17":39,"18":39,"21":39,"23":39,"25":39,"26":10,"27":1,"28":1,"29":39,"31":39,"32":1,"33":1,"34":1,"36":39,"37":0,"38":0,"39":0,"40":0,"41":0,"42":0,"43":0,"45":39,"46":5,"48":5,"49":1,"50":1,"51":1,"52":1,"54":4,"55":4,"56":4,"57":5,"58":2,"59":5,"60":1,"61":1,"62":5,"63":1,"64":1,"65":1,"66":0,"67":0,"68":5,"69":4,"70":4,"71":5,"73":39,"74":4,"75":4,"77":35,"78":35,"79":35,"80":35,"81":35,"82":35,"84":35,"85":35,"86":35,"87":35,"88":35,"89":35,"90":35,"91":35,"92":35,"93":35,"94":35,"95":35,"97":35,"98":35,"99":35,"100":35,"101":35,"102":35,"103":35,"104":35,"105":35,"106":35,"107":35,"108":35,"110":35,"111":35,"112":35,"113":35,"114":35,"115":35,"116":35,"117":35,"118":35,"119":35,"120":35,"121":35,"122":35,"123":39,"124":39,"125":1,"126":1,"127":1,"129":39,"130":39,"131":39,"132":39,"133":39,"134":1,"135":1,"136":1,"138":39,"139":39,"140":39,"141":2,"142":1,"143":1,"145":1,"146":1,"147":1,"148":1,"149":1,"150":1,"151":1,"152":2,"153":2,"154":2,"155":1,"156":1,"157":2,"159":39,"160":1,"161":1,"162":1,"163":1,"164":1,"165":1,"166":1,"167":1,"169":1,"170":1,"171":1,"172":1,"173":1,"175":1,"176":1,"177":1,"179":1,"180":1,"181":1,"183":1,"184":1,"186":1,"188":39,"189":39,"190":39,"191":39,"192":39,"193":39,"195":39,"196":39,"197":39,"198":39,"200":39,"202":1},"branchMap":{"0":{"type":"branch","line":9,"loc":{"start":{"line":9,"column":63},"end":{"line":201,"column":2}},"locations":[{"start":{"line":9,"column":63},"end":{"line":201,"column":2}}]},"1":{"type":"branch","line":74,"loc":{"start":{"line":74,"column":15},"end":{"line":76,"column":3}},"locations":[{"start":{"line":74,"column":15},"end":{"line":76,"column":3}}]},"2":{"type":"branch","line":76,"loc":{"start":{"line":76,"column":2},"end":{"line":124,"column":57}},"locations":[{"start":{"line":76,"column":2},"end":{"line":124,"column":57}}]},"3":{"type":"branch","line":124,"loc":{"start":{"line":124,"column":38},"end":{"line":124,"column":86}},"locations":[{"start":{"line":124,"column":38},"end":{"line":124,"column":86}}]},"4":{"type":"branch","line":124,"loc":{"start":{"line":124,"column":57},"end":{"line":124,"column":124}},"locations":[{"start":{"line":124,"column":57},"end":{"line":124,"column":124}}]},"5":{"type":"branch","line":133,"loc":{"start":{"line":133,"column":38},"end":{"line":133,"column":83}},"locations":[{"start":{"line":133,"column":38},"end":{"line":133,"column":83}}]},"6":{"type":"branch","line":133,"loc":{"start":{"line":133,"column":54},"end":{"line":133,"column":121}},"locations":[{"start":{"line":133,"column":54},"end":{"line":133,"column":121}}]},"7":{"type":"branch","line":141,"loc":{"start":{"line":141,"column":9},"end":{"line":158,"column":81}},"locations":[{"start":{"line":141,"column":9},"end":{"line":158,"column":81}}]},"8":{"type":"branch","line":142,"loc":{"start":{"line":142,"column":27},"end":{"line":158,"column":19}},"locations":[{"start":{"line":142,"column":27},"end":{"line":158,"column":19}}]},"9":{"type":"branch","line":158,"loc":{"start":{"line":158,"column":10},"end":{"line":158,"column":81}},"locations":[{"start":{"line":158,"column":10},"end":{"line":158,"column":81}}]},"10":{"type":"branch","line":160,"loc":{"start":{"line":160,"column":9},"end":{"line":187,"column":16}},"locations":[{"start":{"line":160,"column":9},"end":{"line":187,"column":16}}]},"11":{"type":"branch","line":189,"loc":{"start":{"line":189,"column":34},"end":{"line":189,"column":115}},"locations":[{"start":{"line":189,"column":34},"end":{"line":189,"column":115}}]},"12":{"type":"branch","line":190,"loc":{"start":{"line":190,"column":34},"end":{"line":190,"column":119}},"locations":[{"start":{"line":190,"column":34},"end":{"line":190,"column":119}}]},"13":{"type":"branch","line":26,"loc":{"start":{"line":26,"column":12},"end":{"line":30,"column":5}},"locations":[{"start":{"line":26,"column":12},"end":{"line":30,"column":5}}]},"14":{"type":"branch","line":27,"loc":{"start":{"line":27,"column":23},"end":{"line":29,"column":5}},"locations":[{"start":{"line":27,"column":23},"end":{"line":29,"column":5}}]},"15":{"type":"branch","line":32,"loc":{"start":{"line":32,"column":23},"end":{"line":35,"column":4}},"locations":[{"start":{"line":32,"column":23},"end":{"line":35,"column":4}}]},"16":{"type":"branch","line":46,"loc":{"start":{"line":46,"column":24},"end":{"line":72,"column":4}},"locations":[{"start":{"line":46,"column":24},"end":{"line":72,"column":4}}]},"17":{"type":"branch","line":49,"loc":{"start":{"line":49,"column":38},"end":{"line":53,"column":5}},"locations":[{"start":{"line":49,"column":38},"end":{"line":53,"column":5}}]},"18":{"type":"branch","line":53,"loc":{"start":{"line":53,"column":4},"end":{"line":57,"column":96}},"locations":[{"start":{"line":53,"column":4},"end":{"line":57,"column":96}}]},"19":{"type":"branch","line":57,"loc":{"start":{"line":57,"column":94},"end":{"line":58,"column":16}},"locations":[{"start":{"line":57,"column":94},"end":{"line":58,"column":16}}]},"20":{"type":"branch","line":58,"loc":{"start":{"line":58,"column":16},"end":{"line":60,"column":13}},"locations":[{"start":{"line":58,"column":16},"end":{"line":60,"column":13}}]},"21":{"type":"branch","line":60,"loc":{"start":{"line":60,"column":6},"end":{"line":62,"column":7}},"locations":[{"start":{"line":60,"column":6},"end":{"line":62,"column":7}}]},"22":{"type":"branch","line":63,"loc":{"start":{"line":63,"column":4},"end":{"line":69,"column":6}},"locations":[{"start":{"line":63,"column":4},"end":{"line":69,"column":6}}]},"23":{"type":"branch","line":66,"loc":{"start":{"line":66,"column":6},"end":{"line":68,"column":7}},"locations":[{"start":{"line":66,"column":6},"end":{"line":68,"column":7}}]},"24":{"type":"branch","line":69,"loc":{"start":{"line":69,"column":4},"end":{"line":71,"column":5}},"locations":[{"start":{"line":69,"column":4},"end":{"line":71,"column":5}}]},"25":{"type":"branch","line":90,"loc":{"start":{"line":90,"column":22},"end":{"line":90,"column":57}},"locations":[{"start":{"line":90,"column":22},"end":{"line":90,"column":57}}]},"26":{"type":"branch","line":103,"loc":{"start":{"line":103,"column":22},"end":{"line":103,"column":57}},"locations":[{"start":{"line":103,"column":22},"end":{"line":103,"column":57}}]},"27":{"type":"branch","line":116,"loc":{"start":{"line":116,"column":22},"end":{"line":116,"column":64}},"locations":[{"start":{"line":116,"column":22},"end":{"line":116,"column":64}}]},"28":{"type":"branch","line":125,"loc":{"start":{"line":125,"column":21},"end":{"line":128,"column":15}},"locations":[{"start":{"line":125,"column":21},"end":{"line":128,"column":15}}]},"29":{"type":"branch","line":134,"loc":{"start":{"line":134,"column":21},"end":{"line":137,"column":15}},"locations":[{"start":{"line":134,"column":21},"end":{"line":137,"column":15}}]},"30":{"type":"branch","line":152,"loc":{"start":{"line":152,"column":26},"end":{"line":155,"column":25}},"locations":[{"start":{"line":152,"column":26},"end":{"line":155,"column":25}}]}},"b":{"0":[39],"1":[4],"2":[35],"3":[1],"4":[34],"5":[2],"6":[33],"7":[2],"8":[1],"9":[1],"10":[1],"11":[3],"12":[2],"13":[10],"14":[1],"15":[1],"16":[5],"17":[1],"18":[4],"19":[3],"20":[2],"21":[1],"22":[1],"23":[0],"24":[4],"25":[6],"26":[6],"27":[6],"28":[1],"29":[1],"30":[2]},"fnMap":{"0":{"name":"AddUser","decl":{"start":{"line":9,"column":63},"end":{"line":201,"column":2}},"loc":{"start":{"line":9,"column":63},"end":{"line":201,"column":2}},"line":9},"1":{"name":"handleGroups","decl":{"start":{"line":32,"column":23},"end":{"line":35,"column":4}},"loc":{"start":{"line":32,"column":23},"end":{"line":35,"column":4}},"line":32},"2":{"name":"handlePermissions","decl":{"start":{"line":37,"column":28},"end":{"line":44,"column":4}},"loc":{"start":{"line":37,"column":28},"end":{"line":44,"column":4}},"line":37},"3":{"name":"handleAddUser","decl":{"start":{"line":46,"column":24},"end":{"line":72,"column":4}},"loc":{"start":{"line":46,"column":24},"end":{"line":72,"column":4}},"line":46},"4":{"name":"onChange","decl":{"start":{"line":90,"column":22},"end":{"line":90,"column":57}},"loc":{"start":{"line":90,"column":22},"end":{"line":90,"column":57}},"line":90},"5":{"name":"onChange","decl":{"start":{"line":103,"column":22},"end":{"line":103,"column":57}},"loc":{"start":{"line":103,"column":22},"end":{"line":103,"column":57}},"line":103},"6":{"name":"onChange","decl":{"start":{"line":116,"column":22},"end":{"line":116,"column":64}},"loc":{"start":{"line":116,"column":22},"end":{"line":116,"column":64}},"line":116},"7":{"name":"onClick","decl":{"start":{"line":125,"column":21},"end":{"line":128,"column":15}},"loc":{"start":{"line":125,"column":21},"end":{"line":128,"column":15}},"line":125},"8":{"name":"onClick","decl":{"start":{"line":134,"column":21},"end":{"line":137,"column":15}},"loc":{"start":{"line":134,"column":21},"end":{"line":137,"column":15}},"line":134},"9":{"name":"onChange","decl":{"start":{"line":167,"column":26},"end":{"line":167,"column":70}},"loc":{"start":{"line":167,"column":26},"end":{"line":167,"column":70}},"line":167}},"f":{"0":39,"1":1,"2":0,"3":5,"4":6,"5":6,"6":6,"7":1,"8":1,"9":0}}
,"D:\\Purdue\\ECE 46100\\Project\\Phase 2\\ECE461-group32-frontend\\frontend\\ECE461group32-frontend\\src\\components\\Cost.tsx": {"path":"D:\\Purdue\\ECE 46100\\Project\\Phase 2\\ECE461-group32-frontend\\frontend\\ECE461group32-frontend\\src\\components\\Cost.tsx","all":false,"statementMap":{"0":{"start":{"line":1,"column":0},"end":{"line":1,"column":40}},"7":{"start":{"line":8,"column":0},"end":{"line":8,"column":67}},"8":{"start":{"line":9,"column":0},"end":{"line":9,"column":49}},"9":{"start":{"line":10,"column":0},"end":{"line":10,"column":56}},"10":{"start":{"line":11,"column":0},"end":{"line":11,"column":88}},"12":{"start":{"line":13,"column":0},"end":{"line":13,"column":70}},"13":{"start":{"line":14,"column":0},"end":{"line":14,"column":33}},"14":{"start":{"line":15,"column":0},"end":{"line":15,"column":87}},"15":{"start":{"line":16,"column":0},"end":{"line":16,"column":56}},"16":{"start":{"line":17,"column":0},"end":{"line":17,"column":4}},"18":{"start":{"line":19,"column":0},"end":{"line":19,"column":37}},"19":{"start":{"line":20,"column":0},"end":{"line":20,"column":21}},"20":{"start":{"line":21,"column":0},"end":{"line":21,"column":66}},"21":{"start":{"line":22,"column":0},"end":{"line":22,"column":13}},"22":{"start":{"line":23,"column":0},"end":{"line":23,"column":5}},"24":{"start":{"line":25,"column":0},"end":{"line":25,"column":9}},"26":{"start":{"line":27,"column":0},"end":{"line":27,"column":55}},"27":{"start":{"line":28,"column":0},"end":{"line":28,"column":21}},"28":{"start":{"line":29,"column":0},"end":{"line":29,"column":26}},"29":{"start":{"line":30,"column":0},"end":{"line":30,"column":80}},"30":{"start":{"line":31,"column":0},"end":{"line":31,"column":14}},"31":{"start":{"line":32,"column":0},"end":{"line":32,"column":91}},"32":{"start":{"line":33,"column":0},"end":{"line":33,"column":7}},"33":{"start":{"line":34,"column":0},"end":{"line":34,"column":13}},"34":{"start":{"line":35,"column":0},"end":{"line":35,"column":82}},"35":{"start":{"line":36,"column":0},"end":{"line":36,"column":5}},"36":{"start":{"line":37,"column":0},"end":{"line":37,"column":4}},"38":{"start":{"line":39,"column":0},"end":{"line":39,"column":72}},"39":{"start":{"line":40,"column":0},"end":{"line":40,"column":28}},"40":{"start":{"line":41,"column":0},"end":{"line":41,"column":22}},"41":{"start":{"line":42,"column":0},"end":{"line":42,"column":5}},"42":{"start":{"line":43,"column":0},"end":{"line":43,"column":4}},"44":{"start":{"line":45,"column":0},"end":{"line":45,"column":10}},"45":{"start":{"line":46,"column":0},"end":{"line":46,"column":92}},"46":{"start":{"line":47,"column":0},"end":{"line":47,"column":65}},"48":{"start":{"line":49,"column":0},"end":{"line":49,"column":14}},"49":{"start":{"line":50,"column":0},"end":{"line":50,"column":12}},"50":{"start":{"line":51,"column":0},"end":{"line":51,"column":22}},"51":{"start":{"line":52,"column":0},"end":{"line":52,"column":19}},"52":{"start":{"line":53,"column":0},"end":{"line":53,"column":25}},"53":{"start":{"line":54,"column":0},"end":{"line":54,"column":33}},"54":{"start":{"line":55,"column":0},"end":{"line":55,"column":35}},"55":{"start":{"line":56,"column":0},"end":{"line":56,"column":38}},"56":{"start":{"line":57,"column":0},"end":{"line":57,"column":52}},"57":{"start":{"line":58,"column":0},"end":{"line":58,"column":8}},"58":{"start":{"line":59,"column":0},"end":{"line":59,"column":99}},"60":{"start":{"line":61,"column":0},"end":{"line":61,"column":15}},"61":{"start":{"line":62,"column":0},"end":{"line":62,"column":27}},"62":{"start":{"line":63,"column":0},"end":{"line":63,"column":102}},"63":{"start":{"line":64,"column":0},"end":{"line":64,"column":30}},"64":{"start":{"line":65,"column":0},"end":{"line":65,"column":15}},"66":{"start":{"line":67,"column":0},"end":{"line":67,"column":96}},"67":{"start":{"line":68,"column":0},"end":{"line":68,"column":10}},"69":{"start":{"line":70,"column":0},"end":{"line":70,"column":1}}},"s":{"0":1,"7":8,"8":8,"9":8,"10":8,"12":8,"13":2,"14":2,"15":2,"16":2,"18":8,"19":2,"20":
[...]
":0},"end":{"line":1,"column":40}},"1":{"start":{"line":2,"column":0},"end":{"line":2,"column":47}},"2":{"start":{"line":3,"column":0},"end":{"line":3,"column":42}},"3":{"start":{"line":4,"column":0},"end":{"line":4,"column":40}},"4":{"start":{"line":5,"column":0},"end":{"line":5,"column":52}},"5":{"start":{"line":6,"column":0},"end":{"line":6,"column":42}},"6":{"start":{"line":7,"column":0},"end":{"line":7,"column":38}},"7":{"start":{"line":8,"column":0},"end":{"line":8,"column":38}},"8":{"start":{"line":9,"column":0},"end":{"line":9,"column":42}},"9":{"start":{"line":10,"column":0},"end":{"line":10,"column":50}},"10":{"start":{"line":11,"column":0},"end":{"line":11,"column":44}},"11":{"start":{"line":12,"column":0},"end":{"line":12,"column":46}},"12":{"start":{"line":13,"column":0},"end":{"line":13,"column":52}},"14":{"start":{"line":15,"column":0},"end":{"line":15,"column":101}},"15":{"start":{"line":16,"column":0},"end":{"line":16,"column":33}},"16":{"start":{"line":17,"column":0},"end":{"line":17,"column":26}},"17":{"start":{"line":18,"column":0},"end":{"line":18,"column":23}},"18":{"start":{"line":19,"column":0},"end":{"line":19,"column":28}},"19":{"start":{"line":20,"column":0},"end":{"line":20,"column":23}},"20":{"start":{"line":21,"column":0},"end":{"line":21,"column":19}},"21":{"start":{"line":22,"column":0},"end":{"line":22,"column":19}},"22":{"start":{"line":23,"column":0},"end":{"line":23,"column":25}},"23":{"start":{"line":24,"column":0},"end":{"line":24,"column":20}},"24":{"start":{"line":25,"column":0},"end":{"line":25,"column":17}},"25":{"start":{"line":26,"column":0},"end":{"line":26,"column":18}},"26":{"start":{"line":27,"column":0},"end":{"line":27,"column":20}},"27":{"start":{"line":28,"column":0},"end":{"line":28,"column":4}},"28":{"start":{"line":29,"column":0},"end":{"line":29,"column":100}},"30":{"start":{"line":31,"column":0},"end":{"line":31,"column":10}},"31":{"start":{"line":32,"column":0},"end":{"line":32,"column":99}},"32":{"start":{"line":33,"column":0},"end":{"line":33,"column":77}},"33":{"start":{"line":34,"column":0},"end":{"line":34,"column":21}},"34":{"start":{"line":35,"column":0},"end":{"line":35,"column":13}},"35":{"start":{"line":36,"column":0},"end":{"line":36,"column":17}},"36":{"start":{"line":37,"column":0},"end":{"line":37,"column":62}},"37":{"start":{"line":38,"column":0},"end":{"line":38,"column":28}},"38":{"start":{"line":39,"column":0},"end":{"line":39,"column":51}},"39":{"start":{"line":40,"column":0},"end":{"line":40,"column":25}},"40":{"start":{"line":41,"column":0},"end":{"line":41,"column":28}},"41":{"start":{"line":42,"column":0},"end":{"line":42,"column":15}},"43":{"start":{"line":44,"column":0},"end":{"line":44,"column":19}},"44":{"start":{"line":45,"column":0},"end":{"line":45,"column":14}},"45":{"start":{"line":46,"column":0},"end":{"line":46,"column":81}},"46":{"start":{"line":47,"column":0},"end":{"line":47,"column":26}},"47":{"start":{"line":48,"column":0},"end":{"line":48,"column":37}},"48":{"start":{"line":49,"column":0},"end":{"line":49,"column":32}},"49":{"start":{"line":50,"column":0},"end":{"line":50,"column":21}},"50":{"start":{"line":51,"column":0},"end":{"line":51,"column":26}},"51":{"start":{"line":52,"column":0},"end":{"line":52,"column":25}},"52":{"start":{"line":53,"column":0},"end":{"line":53,"column":59}},"53":{"start":{"line":54,"column":0},"end":{"line":54,"column":63}},"54":{"start":{"line":55,"column":0},"end":{"line":55,"column":96}},"55":{"start":{"line":56,"column":0},"end":{"line":56,"column":86}},"56":{"start":{"line":57,"column":0},"end":{"line":57,"column":19}},"57":{"start":{"line":58,"column":0},"end":{"line":58,"column":63}},"58":{"start":{"line":59,"column":0},"end":{"line":59,"column":82}},"59":{"start":{"line":60,"column":0},"end":{"line":60,"column":21}},"60":{"start":{"line":61,"column":0},"end":{"line":61,"column":23}},"61":{"start":{"line":62,"column":0},"end":{"line":62,"column":15}},"62":{"start":{"line":63,"column":0},"end":{"line":63,"column":16}},"63":{"start":{"line":64,"column":0},"end":{"line":64,"column":14}},"64":{"start":{"line":65,"column":0},"end":{"line":65,"column":37}},"65":{"start":{"line":66,"column":0},"end":{"line":66,"column":27}},"66":{"start":{"line":67,"column":0},"end":{"line":67,"column":58}},"67":{"start":{"line":68,"column":0},"end":{"line":68,"column":61}},"68":{"start":{"line":69,"column":0},"end":{"line":69,"column":82}},"69":{"start":{"line":70,"column":0},"end":{"line":70,"column":92}},"70":{"start":{"line":71,"column":0},"end":{"line":71,"column":83}},"71":{"start":{"line":72,"column":0},"end":{"line":72,"column":82}},"72":{"start":{"line":73,"column":0},"end":{"line":73,"column":76}},"73":{"start":{"line":74,"column":0},"end":{"line":74,"column":76}},"74":{"start":{"line":75,"column":0},"end":{"line":75,"column":83}},"75":{"start":{"line":76,"column":0},"end":{"line":76,"column":77}},"76":{"start":{"line":77,"column":0},"end":{"line":77,"column":79}},"77":{"start":{"line":78,"column":0},"end":{"line":78,"column":85}},"78":{"start":{"line":79,"column":0},"end":{"line":79,"column":16}},"79":{"start":{"line":80,"column":0},"end":{"line":80,"column":14}},"81":{"start":{"line":82,"column":0},"end":{"line":82,"column":53}},"82":{"start":{"line":83,"column":0},"end":{"line":83,"column":105}},"84":{"start":{"line":85,"column":0},"end":{"line":85,"column":19}},"85":{"start":{"line":86,"column":0},"end":{"line":86,"column":20}},"86":{"start":{"line":87,"column":0},"end":{"line":87,"column":15}},"88":{"start":{"line":89,"column":0},"end":{"line":89,"column":10}},"90":{"start":{"line":91,"column":0},"end":{"line":91,"column":2}},"92":{"start":{"line":93,"column":0},"end":{"line":93,"column":20}}},"s":{"0":1,"1":1,"2":1,"3":1,"4":1,"5":1,"6":1,"7":1,"8":1,"9":1,"10":1,"11":1,"12":1,"14":1,"15":12,"16":12,"17":12,"18":12,"19":12,"20":12,"21":12,"22":12,"23":12,"24":12,"25":12,"26":12,"27":12,"28":12,"30":12,"31":12,"32":12,"33":12,"34":8,"35":8,"36":8,"37":8,"38":1,"39":1,"40":1,"41":1,"43":8,"44":8,"45":8,"46":8,"47":8,"48":8,"49":80,"50":80,"51":80,"52":80,"53":80,"54":80,"55":80,"56":80,"57":80,"58":80,"59":80,"60":80,"61":8,"62":8,"63":8,"64":8,"65":8,"66":8,"67":8,"68":8,"69":8,"70":8,"71":8,"72":8,"73":8,"74":8,"75":8,"76":8,"77":8,"78":8,"79":8,"81":4,"82":4,"84":4,"85":4,"86":4,"88":12,"90":12,"92":1},"branchMap":{"0":{"type":"branch","line":15,"loc":{"start":{"line":15,"column":70},"end":{"line":91,"column":2}},"locations":[{"start":{"line":15,"column":70},"end":{"line":91,"column":2}}]},"1":{"type":"branch","line":34,"loc":{"start":{"line":34,"column":7},"end":{"line":80,"column":14}},"locations":[{"start":{"line":34,"column":7},"end":{"line":80,"column":14}}]},"2":{"type":"branch","line":69,"loc":{"start":{"line":69,"column":27},"end":{"line":69,"column":82}},"locations":[{"start":{"line":69,"column":27},"end":{"line":69,"column":82}}]},"3":{"type":"branch","line":70,"loc":{"start":{"line":70,"column":27},"end":{"line":70,"column":92}},"locations":[{"start":{"line":70,"column":27},"end":{"line":70,"column":92}}]},"4":{"type":"branch","line":71,"loc":{"start":{"line":71,"column":27},"end":{"line":71,"column":83}},"locations":[{"start":{"line":71,"column":27},"end":{"line":71,"column":83}}]},"5":{"type":"branch","line":72,"loc":{"start":{"line":72,"column":27},"end":{"line":72,"column":82}},"locations":[{"start":{"line":72,"column":27},"end":{"line":72,"column":82}}]},"6":{"type":"branch","line":73,"loc":{"start":{"line":73,"column":27},"end":{"line":73,"column":76}},"locations":[{"start":{"line":73,"column":27},"end":{"line":73,"column":76}}]},"7":{"type":"branch","line":74,"loc":{"start":{"line":74,"column":27},"end":{"line":74,"column":76}},"locations":[{"start":{"line":74,"column":27},"end":{"line":74,"column":76}}]},"8":{"type":"branch","line":75,"loc":{"start":{"line":75,"column":27},"end":{"line":75,"column":83}},"locations":[{"start":{"line":75,"column":27},"end":{"line":75,"column":83}}]},"9":{"type":"branch","line":76,"loc":{"start":{"line":76,"column":27},"end":{"line":76,"column":77}},"locations":[{"start":{"line":76,"column":27},"end":{"line":76,"column":77}}]},"10":{"type":"branch","line":77,"loc":{"start":{"line":77,"column":27},"end":{"line":77,"column":79}},"locations":[{"start":{"line":77,"column":27},"end":{"line":77,"column":79}}]},"11":{"type":"branch","line":78,"loc":{"start":{"line":78,"column":27},"end":{"line":78,"column":85}},"locations":[{"start":{"line":78,"column":27},"end":{"line":78,"column":85}}]},"12":{"type":"branch","line":80,"loc":{"start":{"line":80,"column":8},"end":{"line":87,"column":15}},"locations":[{"start":{"line":80,"column":8},"end":{"line":87,"column":15}}]},"13":{"type":"branch","line":38,"loc":{"start":{"line":38,"column":21},"end":{"line":42,"column":15}},"locations":[{"start":{"line":38,"column":21},"end":{"line":42,"column":15}}]},"14":{"type":"branch","line":49,"loc":{"start":{"line":49,"column":22},"end":{"line":61,"column":23}},"locations":[{"start":{"line":49,"column":22},"end":{"line":61,"column":23}}]},"15":{"type":"branch","line":56,"loc":{"start":{"line":56,"column":40},"end":{"line":56,"column":71}},"locations":[{"start":{"line":56,"column":40},"end":{"line":56,"column":71}}]},"16":{"type":"branch","line":56,"loc":{"start":{"line":56,"column":52},"end":{"line":56,"column":86}},"locations":[{"start":{"line":56,"column":52},"end":{"line":56,"column":86}}]},"17":{"type":"branch","line":58,"loc":{"start":{"line":58,"column":25},"end":{"line":58,"column":63}},"locations":[{"start":{"line":58,"column":25},"end":{"line":58,"column":63}}]}},"b":{"0":[12],"1":[8],"2":[6],"3":[1],"4":[1],"5":[0],"6":[0],"7":[0],"8":[0],"9":[0],"10":[0],"11":[0],"12":[4],"13":[1],"14":[80],"15":[8],"16":[72],"17":[3]},"fnMap":{"0":{"name":"Home","decl":{"start":{"line":15,"column":70},"end":{"line":91,"column":2}},"loc":{"start":{"line":15,"column":70},"end":{"line":91,"column":2}},"line":15},"1":{"name":"onClick","decl":{"start":{"line":38,"column":21},"end":{"line":42,"column":15}},"loc":{"start":{"line":38,"column":21},"end":{"line":42,"column":15}},"line":38},"2":{"name":"onClick","decl":{"start":{"line":58,"column":25},"end":{"line":58,"column":63}},"loc":{"start":{"line":58,"column":25},"end":{"line":58,"column":63}},"line":58},"3":{"name":"onClick","decl":{"start":{"line":83,"column":79},"end":{"line":83,"column":105}},"loc":{"start":{"line":83,"column":79},"end":{"line":83,"column":105}},"line":83}},"f":{"0":12,"1":1,"2":3,"3":0}}
,"D:\\Purdue\\ECE 46100\\Project\\Phase 2\\ECE461-group32-frontend\\frontend\\ECE461group32-frontend\\src\\pages\\Login.tsx": {"path":"D:\\Purdue\\ECE 46100\\Project\\Phase 2\\ECE461-group32-frontend\\frontend\\ECE461group32-frontend\\src\\pages\\Login.tsx","all":false,"statementMap":{"0":{"start":{"line":1,"column":0},"end":{"line":1,"column":40}},"1":{"start":{"line":2,"column":0},"end":{"line":2,"column":47}},"2":{"start":{"line":3,"column":0},"end":{"line":3,"column":42}},"3":{"start":{"line":4,"column":0},"end":{"line":4,"column":47}},"9":{"start":{"line":10,"column":0},"end":{"line":10,"column":61}},"10":{"start":{"line":11,"column":0},"end":{"line":11,"column":47}},"11":{"start":{"line":12,"column":0},"end":{"line":12,"column":47}},"12":{"start":{"line":13,"column":0},"end":{"line":13,"column":41}},"13":{"start":{"line":14,"column":0},"end":{"line":14,"column":33}},"14":{"start":{"line":15,"column":0},"end":{"line":15,"column":48}},"16":{"start":{"line":17,"column":0},"end":{"line":17,"column":53}},"17":{"start":{"line":18,"column":0},"end":{"line":18,"column":23}},"18":{"start":{"line":19,"column":0},"end":{"line":19,"column":17}},"20":{"start":{"line":21,"column":0},"end":{"line":21,"column":9}},"21":{"start":{"line":22,"column":0},"end":{"line":22,"column":23}},"22":{"start":{"line":23,"column":0},"end":{"line":23,"column":69}},"23":{"start":{"line":24,"column":0},"end":{"line":24,"column":17}},"24":{"start":{"line":25,"column":0},"end":{"line":25,"column":48}},"25":{"start":{"line":26,"column":0},"end":{"line":26,"column":25}},"26":{"start":{"line":27,"column":0},"end":{"line":27,"column":22}},"27":{"start":{"line":28,"column":0},"end":{"line":28,"column":14}},"28":{"start":{"line":29,"column":0},"end":{"line":29,"column":79}},"29":{"start":{"line":30,"column":0},"end":{"line":30,"column":7}},"30":{"start":{"line":31,"column":0},"end":{"line":31,"column":28}},"31":{"start":{"line":32,"column":0},"end":{"line":32,"column":33}},"32":{"start":{"line":33,"column":0},"end":{"line":33,"column":30}},"33":{"start":{"line":34,"column":0},"end":{"line":34,"column":14}},"34":{"start":{"line":35,"column":0},"end":{"line":35,"column":49}},"35":{"start":{"line":36,"column":0},"end":{"line":36,"column":7}},"36":{"start":{"line":37,"column":0},"end":{"line":37,"column":15}},"37":{"start":{"line":38,"column":0},"end":{"line":38,"column":24}},"38":{"start":{"line":39,"column":0},"end":{"line":39,"column":5}},"39":{"start":{"line":40,"column":0},"end":{"line":40,"column":4}},"41":{"start":{"line":42,"column":0},"end":{"line":42,"column":16}},"42":{"start":{"line":43,"column":0},"end":{"line":43,"column":23}},"43":{"start":{"line":44,"column":0},"end":{"line":44,"column":3}},"45":{"start":{"line":46,"column":0},"end":{"line":46,"column":10}},"46":{"start":{"line":47,"column":0},"end":{"line":47,"column":93}},"47":{"start":{"line":48,"column":0},"end":{"line":48,"column":58}},"48":{"start":{"line":49,"column":0},"end":{"line":49,"column":13}},"49":{"start":{"line":50,"column":0},"end":{"line":50,"column":37}},"50":{"start":{"line":51,"column":0},"end":{"line":51,"column":94}},"52":{"start":{"line":53,"column":0},"end":{"line":53,"column":15}},"53":{"start":{"line":54,"column":0},"end":{"line":54,"column":94}},"54":{"start":{"line":55,"column":0},"end":{"line":55,"column":30}},"55":{"start":{"line":56,"column":0},"end":{"line":56,"column":83}},"57":{"start":{"line":58,"column":0},"end":{"line":58,"column":18}},"58":{"start":{"line":59,"column":0},"end":{"line":59,"column":16}},"59":{"start":{"line":60,"column":0},"end":{"line":60,"column":25}},"60":{"start":{"line":61,"column":0},"end":{"line":61,"column":23}},"61":{"start":{"line":62,"column":0},"end":{"line":62,"column":28}},"62":{"start":{"line":63,"column":0},"end":{"line":63,"column":57}},"63":{"start":{"line":64,"column":0},"end":{"line":64,"column":20}},"64":{"start":{"line":65,"column":0},"end":{"line":65,"column":146}},"65":{"start":{"line":66,"column":0},"end":{"line":66,"column":12}},"66":{"start":{"line":67,"column":0},"end":{"line":67,"column":14}},"67":{"start":{"line":68,"column":0},"end":{"line":68,"column":30}},"68":{"start":{"line":69,"column":0},"end":{"line":69,"column":83}},"70":{"start":{"line":71,"column":0},"end":{"line":71,"column":18}},"71":{"start":{"line":72,"column":0},"end":{"line":72,"column":16}},"72":{"start":{"line":73,"column":0},"end":{"line":73,"column":25}},"73":{"start":{"line":74,"column":0},"end":{"line":74,"column":27}},"74":{"start":{"line":75,"column":0},"end":{"line":75,"column":28}},"75":{"start":{"line":76,"column":0},"end":{"line":76,"column":57}},"76":{"start":{"line":77,"column":0},"end":{"line":77,"column":20}},"77":{"start":{"line":78,"column":0},"end":{"line":78,"column":146}},"78":{"start":{"line":79,"column":0},"end":{"line":79,"column":12}},"79":{"start":{"line":80,"column":0},"end":{"line":80,"column":14}},"80":{"start":{"line":81,"column":0},"end":{"line":81,"column":70}},"81":{"start":{"line":82,"column":0},"end":{"line":82,"column":59}},"82":{"start":{"line":83,"column":0},"end":{"line":83,"column":17}},"83":{"start":{"line":84,"column":0},"end":{"line":84,"column":29}},"84":{"start":{"line":85,"column":0},"end":{"line":85,"column":25}},"85":{"start":{"line":86,"column":0},"end":{"line":86,"column":135}},"87":{"start":{"line":88,"column":0},"end":{"line":88,"column":19}},"88":{"start":{"line":89,"column":0},"end":{"line":89,"column":14}},"89":{"start":{"line":90,"column":0},"end":{"line":90,"column":13}},"90":{"start":{"line":91,"column":0},"end":{"line":91,"column":10}},"92":{"start":{"line":93,"column":0},"end":{"line":93,"column":2}},"94":{"start":{"line":95,"column":0},"end":{"line":95,"column":21}}},"s":{"0":1,"1":1,"2":1,"3":1,"9":1,"10":12,"11":12,"12":12,"13":12,"14":12,"16":12,"17":2,"18":2,"20":2,"21":2,"22":2,"23":1,"24":1,"25":1,"26":1,"27":2,"28":0,"29":0,"30":2,"31":1,"32":1,"33":1,"34":0,"35":0,"36":2,"37":2,"38":2,"39":2,"41":12,"42":2,"43":2,"45":10,"46":10,"47":10,"48":10,"49":10,"50":10,"52":10,"53":10,"54":10,"55":10,"57":10,"58":10,"59":10,"60":10,"61":10,"62":10,"63":10,"64":10,"65":10,"66":10,"67":10,"68":10,"70":10,"71":10,"72":10,"73":10,"74":10,"75":10,"76":10,"77":10,"78":10,"79":10,"80":12,"81":12,"82":12,"83":12,"84":12,"85":12,"87":12,"88":12,"89":12,"90":12,"92":12,"94":1},"branchMap":{"0":{"type":"branch","line":10,"loc":{"start":{"line":10,"column":36},"end":{"line":93,"column":2}},"locations":[{"start":{"line":10,"column":36},"end":{"line":93,"column":2}}]},"1":{"type":"branch","line":42,"loc":{"start":{"line":42,"column":15},"end":{"line":44,"column":3}},"locations":[{"start":{"line":42,"column":15},"end":{"line":44,"column":3}}]},"2":{"type":"branch","line":44,"loc":{"start":{"line":44,"column":2},"end":{"line":81,"column":18}},"locations":[{"start":{"line":44,"column":2},"end":{"line":81,"column":18}}]},"3":{"type":"branch","line":81,"loc":{"start":{"line":81,"column":9},"end":{"line":81,"column":70}},"locations":[{"start":{"line":81,"column":9},"end":{"line":81,"column":70}}]},"4":{"type":"branch","line":17,"loc":{"start":{"line":17,"column":22},"end":{"line":40,"column":4}},"locations":[{"start":{"line":17,"column":22},"end":{"line":40,"column":4}}]},"5":{"type":"branch","line":23,"loc":{"start":{"line":23,"column":67},"end":{"line":28,"column":13}},"locations":[{"start":{"line":23,"column":67},"end":{"line":28,"column":13}}]},"6":{"type":"branch","line":28,"loc":{"start":{"line":28,"column":6},"end":{"line":30,"column":7}},"locations":[{"start":{"line":28,"column":6},"end":{"line":30,"column":7}}]},"7":{"type":"branch","line":31,"loc":{"start":{"line":31,"column":4},"end":{"line":37,"column":6}},"locations":[{"start":{"line":31,"column":4},"end":{"line":37,"column":6}}]},"8":{"type":"branch","line":34,"loc":{"start":{"line":34,"column":6},"end":{"line":36,"column":7}},"locations":[{"start":{"line":34,"column":6},"end":{"line":36,"column":7}}]},"9":{"type":"branch","line":50,"loc":{"start":{"line":50,"column":17},"end":{"line":50,"column":37}},"locations":[{"start":{"line":50,"column":17},"end":{"line":50,"column":37}}]},"10":{"type":"branch","line":63,"loc":{"start":{"line":63,"column":22},"end":{"line":63,"column":57}},"locations":[{"start":{"line":63,"column":22},"end":{"line":63,"column":57}}]},"11":{"type":"branch","line":76,"loc":{"start":{"line":76,"column":22},"end":{"line":76,"column":57}},"locations":[{"start":{"line":76,"column":22},"end":{"line":76,"column":57}}]}},"b":{"0":[12],"1":[2],"2":[10],"3":[1],"4":[2],"5":[1],"6":[0],"7":[1],"8":[0],"9":[1],"10":[2],"11":[2]},"fnMap":{"0":{"name":"Login","decl":{"start":{"line":10,"column":36},"end":{"line":93,"column":2}},"loc":{"start":{"line":10,"column":36},"end":{"line":93,"column":2}},"line":10},"1":{"name":"handleLogin","decl":{"start":{"line":17,"column":22},"end":{"line":40,"column":4}},"loc":{"start":{"line":17,"column":22},"end":{"line":40,"column":4}},"line":17},"2":{"name":"onClick","decl":{"start":{"line":50,"column":17},"end":{"line":50,"column":37}},"loc":{"start":{"line":50,"column":17},"end":{"line":50,"column":37}},"line":50},"3":{"name":"onChange","decl":{"start":{"line":63,"column":22},"end":{"line":63,"column":57}},"loc":{"start":{"line":63,"column":22},"end":{"line":63,"column":57}},"line":63},"4":{"name":"onChange","decl":{"start":{"line":76,"column":22},"end":{"line":76,"column":57}},"loc":{"start":{"line":76,"column":22},"end":{"line":76,"column":57}},"line":76}},"f":{"0":12,"1":2,"2":1,"3":2,"4":2}}
}
