{"D:\\Purdue\\ECE 46100\\Project\\Phase 2\\ECE461-group32-frontend\\frontend\\ECE461group32-frontend\\src\\App.tsx": {"path":"D:\\Purdue\\ECE 46100\\Project\\Phase 2\\ECE461-group32-frontend\\frontend\\ECE461group32-frontend\\src\\App.tsx","all":true,"statementMap":{"0":{"start":{"line":1,"column":0},"end":{"line":1,"column":44}},"1":{"start":{"line":2,"column":0},"end":{"line":2,"column":84}},"2":{"start":{"line":3,"column":0},"end":{"line":3,"column":19}},"3":{"start":{"line":4,"column":0},"end":{"line":4,"column":32}},"4":{"start":{"line":5,"column":0},"end":{"line":5,"column":34}},"5":{"start":{"line":6,"column":0},"end":{"line":6,"column":46}},"6":{"start":{"line":7,"column":0},"end":{"line":7,"column":0}},"7":{"start":{"line":8,"column":0},"end":{"line":8,"column":29}},"8":{"start":{"line":9,"column":0},"end":{"line":9,"column":54}},"9":{"start":{"line":10,"column":0},"end":{"line":10,"column":48}},"10":{"start":{"line":11,"column":0},"end":{"line":11,"column":0}},"11":{"start":{"line":12,"column":0},"end":{"line":12,"column":19}},"12":{"start":{"line":13,"column":0},"end":{"line":13,"column":52}},"13":{"start":{"line":14,"column":0},"end":{"line":14,"column":16}},"14":{"start":{"line":15,"column":0},"end":{"line":15,"column":23}},"15":{"start":{"line":16,"column":0},"end":{"line":16,"column":26}},"16":{"start":{"line":17,"column":0},"end":{"line":17,"column":24}},"17":{"start":{"line":18,"column":0},"end":{"line":18,"column":5}},"18":{"start":{"line":19,"column":0},"end":{"line":19,"column":9}},"19":{"start":{"line":20,"column":0},"end":{"line":20,"column":0}},"20":{"start":{"line":21,"column":0},"end":{"line":21,"column":36}},"21":{"start":{"line":22,"column":0},"end":{"line":22,"column":21}},"22":{"start":{"line":23,"column":0},"end":{"line":23,"column":22}},"23":{"start":{"line":24,"column":0},"end":{"line":24,"column":26}},"24":{"start":{"line":25,"column":0},"end":{"line":25,"column":24}},"25":{"start":{"line":26,"column":0},"end":{"line":26,"column":13}},"26":{"start":{"line":27,"column":0},"end":{"line":27,"column":4}},"27":{"start":{"line":28,"column":0},"end":{"line":28,"column":0}},"28":{"start":{"line":29,"column":0},"end":{"line":29,"column":16}},"29":{"start":{"line":30,"column":0},"end":{"line":30,"column":23}},"30":{"start":{"line":31,"column":0},"end":{"line":31,"column":3}},"31":{"start":{"line":32,"column":0},"end":{"line":32,"column":0}},"32":{"start":{"line":33,"column":0},"end":{"line":33,"column":10}},"33":{"start":{"line":34,"column":0},"end":{"line":34,"column":14}},"34":{"start":{"line":35,"column":0},"end":{"line":35,"column":16}},"35":{"start":{"line":36,"column":0},"end":{"line":36,"column":109}},"36":{"start":{"line":37,"column":0},"end":{"line":37,"column":16}},"37":{"start":{"line":38,"column":0},"end":{"line":38,"column":25}},"38":{"start":{"line":39,"column":0},"end":{"line":39,"column":102}},"39":{"start":{"line":40,"column":0},"end":{"line":40,"column":12}},"40":{"start":{"line":41,"column":0},"end":{"line":41,"column":99}},"41":{"start":{"line":42,"column":0},"end":{"line":42,"column":17}},"42":{"start":{"line":43,"column":0},"end":{"line":43,"column":15}},"43":{"start":{"line":44,"column":0},"end":{"line":44,"column":4}},"44":{"start":{"line":45,"column":0},"end":{"line":45,"column":1}},"45":{"start":{"line":46,"column":0},"end":{"line":46,"column":0}},"46":{"start":{"line":47,"column":0},"end":{"line":47,"column":19}}},"s":{"0":0,"1":0,"2":0,"3":0,"4":0,"5":0,"6":0,"7":0,"8":0,"9":0,"10":0,"11":0,"12":0,"13":0,"14":0,"15":0,"16":0,"17":0,"18":0,"19":0,"20":0,"21":0,"22":0,"23":0,"24":0,"25":0,"26":0,"27":0,"28":0,"29":0,"30":0,"31":0,"32":0,"33":0,"34":0,"35":0,"36":0,"37":0,"38":0,"39":0,"40":0,"41":0,"42":0,"43":0,"44":0,"45":0,"46":0},"branchMap":{"0":{"type":"branch","line":1,"loc":{"start":{"line":1,"column":0},"end":{"line":47,"column":19}},"locations":[{"start":{"line":1,"column":0},"end":{"line":47,"column":19}}]}},"b":{"0":[0]},"fnMap":{"0":{"name":"(empty-report)","decl":{"start":{"line":1,"column":0},"end":{"line":47,"column":19}},"loc":{"start":{"line":1,"column":0},"end":{"line":47,"column":19}},"line":1}},"f":{"0":0}}
,"D:\\Purdue\\ECE 46100\\Project\\Phase 2\\ECE461-group32-frontend\\frontend\\ECE461group32-frontend\\src\\components\\AddGroup.tsx": {"path":"D:\\Purdue\\ECE 46100\\Project\\Phase 2\\ECE461-group32-frontend\\frontend\\ECE461group32-frontend\\src\\components\\AddGroup.tsx","all":false,"statementMap":{"0":{"start":{"line":1,"column":0},"end":{"line":1,"column":40}},"2":{"start":{"line":3,"column":0},"end":{"line":3,"column":59}},"3":{"start":{"line":4,"column":0},"end":{"line":4,"column":35}},"5":{"start":{"line":6,"column":0},"end":{"line":6,"column":34}},"6":{"start":{"line":7,"column":0},"end":{"line":7,"column":49}},"8":{"start":{"line":9,"column":0},"end":{"line":9,"column":64}},"12":{"start":{"line":13,"column":0},"end":{"line":13,"column":63}},"13":{"start":{"line":14,"column":0},"end":{"line":14,"column":89}},"14":{"start":{"line":15,"column":0},"end":{"line":15,"column":48}},"21":{"start":{"line":22,"column":0},"end":{"line":22,"column":73}},"22":{"start":{"line":23,"column":0},"end":{"line":23,"column":39}},"23":{"start":{"line":24,"column":0},"end":{"line":24,"column":18}},"24":{"start":{"line":25,"column":0},"end":{"line":25,"column":45}},"25":{"start":{"line":26,"column":0},"end":{"line":26,"column":12}},"26":{"start":{"line":27,"column":0},"end":{"line":27,"column":78}},"27":{"start":{"line":28,"column":0},"end":{"line":28,"column":5}},"28":{"start":{"line":29,"column":0},"end":{"line":29,"column":4}},"31":{"start":{"line":32,"column":0},"end":{"line":32,"column":56}},"32":{"start":{"line":33,"column":0},"end":{"line":33,"column":21}},"34":{"start":{"line":35,"column":0},"end":{"line":35,"column":7}},"35":{"start":{"line":36,"column":0},"end":{"line":36,"column":21}},"36":{"start":{"line":37,"column":0},"end":{"line":37,"column":79}},"37":{"start":{"line":38,"column":0},"end":{"line":38,"column":17}},"38":{"start":{"line":39,"column":0},"end":{"line":39,"column":63}},"39":{"start":{"line":40,"column":0},"end":{"line":40,"column":26}},"40":{"start":{"line":41,"column":0},"end":{"line":41,"column":31}},"41":{"start":{"line":42,"column":0},"end":{"line":42,"column":76}},"42":{"start":{"line":43,"column":0},"end":{"line":43,"column":12}},"43":{"start":{"line":44,"column":0},"end":{"line":44,"column":97}},"44":{"start":{"line":45,"column":0},"end":{"line":45,"column":5}},"45":{"start":{"line":46,"column":0},"end":{"line":46,"column":13}},"46":{"start":{"line":47,"column":0},"end":{"line":47,"column":22}},"47":{"start":{"line":48,"column":0},"end":{"line":48,"column":3}},"48":{"start":{"line":49,"column":0},"end":{"line":49,"column":2}},"50":{"start":{"line":51,"column":0},"end":{"line":51,"column":16}},"51":{"start":{"line":52,"column":0},"end":{"line":52,"column":65}},"52":{"start":{"line":53,"column":0},"end":{"line":53,"column":3}},"54":{"start":{"line":55,"column":0},"end":{"line":55,"column":10}},"55":{"start":{"line":56,"column":0},"end":{"line":56,"column":93}},"56":{"start":{"line":57,"column":0},"end":{"line":57,"column":73}},"57":{"start":{"line":58,"column":0},"end":{"line":58,"column":126}},"58":{"start":{"line":59,"column":0},"end":{"line":59,"column":30}},"59":{"start":{"line":60,"column":0},"end":{"line":60,"column":83}},"61":{"start":{"line":62,"column":0},"end":{"line":62,"column":18}},"62":{"start":{"line":63,"column":0},"end":{"line":63,"column":16}},"63":{"start":{"line":64,"column":0},"end":{"line":64,"column":25}},"64":{"start":{"line":65,"column":0},"end":{"line":65,"column":23}},"65":{"start":{"line":66,"column":0},"end":{"line":66,"column":25}},"66":{"start":{"line":67,"column":0},"end":{"line":67,"column":54}},"67":{"start":{"line":68,"column":0},"end":{"line":68,"column":20}},"68":{"start":{"line":69,"column":0},"end":{"line":69,"column":146}},"69":{"start":{"line":70,"column":0},"end":{"line":70,"column":12}},"70":{"start":{"line":71,"column":0},"end":{"line":71,"column":14}},"71":{"start":{"line":72,"column":0},"end":{"line":72,"column":30}},"72":{"start":{"line":73,"column":0},"end":{"line":73,"column":66}},"73":{"start":{"line":74,"column":0},"end":{"line":74,"column":20}},"74":{"start":{"line":75,"column":0},"end":{"line":75,"column":42}},"75":{"start":{"line":76,"column":0},"end":{"line":76,"column":31}},"76":{"start":{"line":77,"column":0},"end":{"line":77,"column":41}},"77":{"start":{"line":78,"column":0},"end":{"line":78,"column":70}},"78":{"start":{"line":79,"column":0},"end":{"line":79,"column":16}},"80":{"start":{"line":81,"column":0},"end":{"line":81,"column":20}},"81":{"start":{"line":82,"column":0},"end":{"line":82,"column":34}},"82":{"start":{"line":83,"column":0},"end":{"line":83,"column":19}},"83":{"start":{"line":84,"column":0},"end":{"line":84,"column":70}},"84":{"start":{"line":85,"column":0},"end":{"line":85,"column":99}},"86":{"start":{"line":87,"column":0},"end":{"line":87,"column":24}},"87":{"start":{"line":88,"column":0},"end":{"line":88,"column":70}},"88":{"start":{"line":89,"column":0},"end":{"line":89,"column":99}},"90":{"start":{"line":91,"column":0},"end":{"line":91,"column":24}},"91":{"start":{"line":92,"column":0},"end":{"line":92,"column":70}},"92":{"start":{"line":93,"column":0},"end":{"line":93,"column":99}},"94":{"start":{"line":95,"column":0},"end":{"line":95,"column":24}},"95":{"start":{"line":96,"column":0},"end":{"line":96,"column":20}},"97":{"start":{"line":98,"column":0},"end":{"line":98,"column":16}},"98":{"start":{"line":99,"column":0},"end":{"line":99,"column":119}},"99":{"start":{"line":100,"column":0},"end":{"line":100,"column":59}},"100":{"start":{"line":101,"column":0},"end":{"line":101,"column":17}},"101":{"start":{"line":102,"column":0},"end":{"line":102,"column":25}},"102":{"start":{"line":103,"column":0},"end":{"line":103,"column":133}},"104":{"start":{"line":105,"column":0},"end":{"line":105,"column":19}},"105":{"start":{"line":106,"column":0},"end":{"line":106,"column":14}},"106":{"start":{"line":107,"column":0},"end":{"line":107,"column":13}},"107":{"start":{"line":108,"column":0},"end":{"line":108,"column":10}},"109":{"start":{"line":110,"column":0},"end":{"line":110,"column":2}},"111":{"start":{"line":112,"column":0},"end":{"line":112,"column":24}}},"s":{"0":1,"2":1,"3":1,"5":1,"6":29,"8":29,"12":29,"13":29,"14":29,"21":29,"22":2,"23":2,"24":1,"25":1,"26":1,"27":1,"28":2,"31":29,"32":4,"34":4,"35":4,"36":4,"37":3,"38":4,"39":4,"40":1,"41":1,"42":1,"43":0,"44":0,"45":4,"46":4,"47":4,"48":4,"50":29,"51":4,"52":4,"54":25,"55":25,"56":25,"57":25,"58":25,"59":25,"61":25,"62":25,"63":25,"64":25,"65":25,"66":25,"67":25,"68":25,"69":25,"70":25,"71":25,"72":25,"73":25,"74":25,"75":25,"76":25,"77":25,"78":25,"80":25,"81":25,"82":22,"83":22,"84":22,"86":22,"87":22,"88":22,"90":22,"91":22,"92":22,"94":22,"95":22,"97":29,"98":29,"99":29,"100":29,"101":29,"102":29,"104":29,"105":29,"106":29,"107":29,"109":29,"111":1},"branchMap":{"0":{"type":"branch","line":6,"loc":{"start":{"line":6,"column":27},"end":{"line":110,"column":2}},"locations":[{"start":{"line":6,"column":27},"end":{"line":110,"column":2}}]},"1":{"type":"branch","line":51,"loc":{"start":{"line":51,"column":15},"end":{"line":53,"column":3}},"locations":[{"start":{"line":51,"column":15},"end":{"line":53,"column":3}}]},"2":{"type":"branch","line":53,"loc":{"start":{"line":53,"column":2},"end":{"line":82,"column":34}},"locations":[{"start":{"line":53,"column":2},"end":{"line":82,"column":34}}]},"3":{"type":"branch","line":82,"loc":{"start":{"line":82,"column":14},"end":{"line":96,"column":20}},"locations":[{"start":{"line":82,"column":14},"end":{"line":96,"column":20}}]},"4":{"type":"branch","line":99,"loc":{"start":{"line":99,"column":42},"end":{"line":99,"column":64}},"locations":[{"start":{"line":99,"column":42},"end":{"line":99,"column":64}}]},"5":{"type":"branch","line":99,"loc":{"start":{"line":99,"column":45},"end":{"line":99,"column":78}},"locations":[{"start":{"line":99,"column":45},"end":{"line":99,"column":78}}]},"6":{"type":"branch","line":22,"loc":{"start":{"line":22,"column":28},"end":{"line":29,"column":4}},"locations":[{"start":{"line":22,"column":28},"end":{"line":29,"column":4}}]},"7":{"type":"branch","line":24,"loc":{"start":{"line":24,"column":17},"end":{"line":28,"column":5}},"locations":[{"start":{"line":24,"column":17},"end":{"line":28,"column":5}}]},"8":{"type":"branch","line":27,"loc":{"start":{"line":27,"column":40},"end":{"line":27,"column":75}},"locations":[{"start":{"line":27,"column":40},"end":{"line":27,"column":75}}]},"9":{"type":"branch","line":32,"loc":{"start":{"line":32,"column":25},"end":{"line":49,"column":2}},"locations":[{"start":{"line":32,"column":25},"end":{"line":49,"column":2}}]},"10":{"type":"branch","line":37,"loc":{"start":{"line":37,"column":54},"end":{"line":39,"column":27}},"locations":[{"start":{"line":37,"column":54},"end":{"line":39,"column":27}}]},"11":{"type":"branch","line":39,"loc":{"start":{"line":39,"column":8},"end":{"line":39,"column":63}},"locations":[{"start":{"line":39,"column":8},"end":{"line":39,"column":63}}]},"12":{"type":"branch","line":40,"loc":{"start":{"line":40,"column":2},"end":{"line":46,"column":4}},"locations":[{"start":{"line":40,"column":2},"end":{"line":46,"column":4}}]},"13":{"type":"branch","line":43,"loc":{"start":{"line":43,"column":4},"end":{"line":45,"column":5}},"locations":[{"start":{"line":43,"column":4},"end":{"line":45,"column":5}}]},"14":{"type":"branch","line":67,"loc":{"start":{"line":67,"column":22},"end":{"line":67,"column":54}},"locations":[{"start":{"line":67,"column":22},"end":{"line":67,"column":54}}]},"15":{"type":"branch","line":78,"loc":{"start":{"line":78,"column":26},"end":{"line":78,"column":70}},"locations":[{"start":{"line":78,"column":26},"end":{"line":78,"column":70}}]}},"b":{"0":[29],"1":[4],"2":[25],"3":[22],"4":[2],"5":[23],"6":[2],"7":[1],"8":[1],"9":[4],"10":[3],"11":[2],"12":[1],"13":[0],"14":[5],"15":[5]},"fnMap":{"0":{"name":"AddGroup","decl":{"start":{"line":6,"column":27},"end":{"line":110,"column":2}},"loc":{"start":{"line":6,"column":27},"end":{"line":110,"column":2}},"line":6},"1":{"name":"handlePermissions","decl":{"start":{"line":22,"column":28},"end":{"line":29,"column":4}},"loc":{"start":{"line":22,"column":28},"end":{"line":29,"column":4}},"line":22},"2":{"name":"handleAddGroup","decl":{"start":{"line":32,"column":25},"end":{"line":49,"column":2}},"loc":{"start":{"line":32,"column":25},"end":{"line":49,"column":2}},"line":32},"3":{"name":"onChange","decl":{"start":{"line":67,"column":22},"end":{"line":67,"column":54}},"loc":{"start":{"line":67,"column":22},"end":{"line":67,"column":54}},"line":67},"4":{"name":"onChange","decl":{"start":{"line":78,"column":26},"end":{"line":78,"column":70}},"loc":{"start":{"line":78,"column":26},"end":{"line":78,"column":70}},"line":78}},"f":{"0":29,"1":2,"2":4,"3":5,"4":5}}
,"D:\\Purdue\\ECE 46100\\Project\\Phase 2\\ECE461-group32-frontend\\frontend\\ECE461group32-frontend\\src\\components\\AddUser.tsx": {"path":"D:\\Purdue\\ECE 46100\\Project\\Phase 2\\ECE461-group32-frontend\\frontend\\ECE461group32-frontend\\src\\components\\AddUser.tsx","all":false,"statementMap":{"0":{"start":{"line":1,"column":0},"end":{"line":1,"column":43}},"190":{"start":{"line":191,"column":0},"end":{"line":191,"column":51}},"191":{"start":{"line":192,"column":0},"end":{"line":192,"column":63}},"192":{"start":{"line":193,"column":0},"end":{"line":193,"column":35}},"194":{"start":{"line":195,"column":0},"end":{"line":195,"column":33}},"195":{"start":{"line":196,"column":0},"end":{"line":196,"column":47}},"196":{"start":{"line":197,"column":0},"end":{"line":197,"column":47}},"197":{"start":{"line":198,"column":0},"end":{"line":198,"column":61}},"198":{"start":{"line":199,"column":0},"end":{"line":199,"column":53}},"199":{"start":{"line":200,"column":0},"end":{"line":200,"column":64}},"200":{"start":{"line":201,"column":0},"end":{"line":201,"column":60}},"201":{"start":{"line":202,"column":0},"end":{"line":202,"column":66}},"203":{"start":{"line":204,"column":0},"end":{"line":204,"column":63}},"204":{"start":{"line":205,"column":0},"end":{"line":205,"column":58}},"207":{"start":{"line":208,"column":0},"end":{"line":208,"column":34}},"209":{"start":{"line":210,"column":0},"end":{"line":210,"column":48}},"211":{"start":{"line":212,"column":0},"end":{"line":212,"column":19}},"212":{"start":{"line":213,"column":0},"end":{"line":213,"column":24}},"213":{"start":{"line":214,"column":0},"end":{"line":214,"column":21}},"214":{"start":{"line":215,"column":0},"end":{"line":215,"column":5}},"215":{"start":{"line":216,"column":0},"end":{"line":216,"column":22}},"217":{"start":{"line":218,"column":0},"end":{"line":218,"column":36}},"218":{"start":{"line":219,"column":0},"end":{"line":219,"column":51}},"219":{"start":{"line":220,"column":0},"end":{"line":220,"column":22}},"220":{"start":{"line":221,"column":0},"end":{"line":221,"column":4}},"222":{"start":{"line":223,"column":0},"end":{"line":223,"column":73}},"223":{"start":{"line":224,"column":0},"end":{"line":224,"column":39}},"224":{"start":{"line":225,"column":0},"end":{"line":225,"column":18}},"225":{"start":{"line":226,"column":0},"end":{"line":226,"column":45}},"226":{"start":{"line":227,"column":0},"end":{"line":227,"column":12}},"227":{"start":{"line":228,"column":0},"end":{"line":228,"column":78}},"228":{"start":{"line":229,"column":0},"end":{"line":229,"column":5}},"229":{"start":{"line":230,"column":0},"end":{"line":230,"column":4}},"231":{"start":{"line":232,"column":0},"end":{"line":232,"column":55}},"232":{"start":{"line":233,"column":0},"end":{"line":233,"column":23}},"235":{"start":{"line":236,"column":0},"end":{"line":236,"column":39}},"236":{"start":{"line":237,"column":0},"end":{"line":237,"column":79}},"237":{"start":{"line":238,"column":0},"end":{"line":238,"column":24}},"238":{"start":{"line":239,"column":0},"end":{"line":239,"column":13}},"239":{"start":{"line":240,"column":0},"end":{"line":240,"column":5}},"241":{"start":{"line":242,"column":0},"end":{"line":242,"column":9}},"242":{"start":{"line":243,"column":0},"end":{"line":243,"column":23}},"243":{"start":{"line":244,"column":0},"end":{"line":244,"column":96}},"244":{"start":{"line":245,"column":0},"end":{"line":245,"column":17}},"245":{"start":{"line":246,"column":0},"end":{"line":246,"column":84}},"246":{"start":{"line":247,"column":0},"end":{"line":247,"column":14}},"247":{"start":{"line":248,"column":0},"end":{"line":248,"column":96}},"248":{"start":{"line":249,"column":0},"end":{"line":249,"column":7}},"249":{"start":{"line":250,"column":0},"end":{"line":250,"column":28}},"250":{"start":{"line":251,"column":0},"end":{"line":251,"column":33}},"251":{"start":{"line":252,"column":0},"end":{"line":252,"column":68}},"252":{"start":{"line":253,"column":0},"end":{"line":253,"column":14}},"253":{"start":{"line":254,"column":0},"end":{"line":254,"column":87}},"254":{"start":{"line":255,"column":0},"end":{"line":255,"column":7}},"255":{"start":{"line":256,"column":0},"end":{"line":256,"column":15}},"256":{"start":{"line":257,"column":0},"end":{"line":257,"column":24}},"257":{"start":{"line":258,"column":0},"end":{"line":258,"column":5}},"258":{"start":{"line":259,"column":0},"end":{"line":259,"column":4}},"260":{"start":{"line":261,"column":0},"end":{"line":261,"column":16}},"261":{"start":{"line":262,"column":0},"end":{"line":262,"column":23}},"262":{"start":{"line":263,"column":0},"end":{"line":263,"column":3}},"264":{"start":{"line":265,"column":0},"end":{"line":265,"column":10}},"265":{"start":{"line":266,"column":0},"end":{"line":266,"column":93}},"266":{"start":{"line":267,"column":0},"end":{"line":267,"column":69}},"267":{"start":{"line":268,"column":0},"end":{"line":268,"column":96}},"268":{"start":{"line":269,"column":0},"end":{"line":269,"column":30}},"269":{"start":{"line":270,"column":0},"end":{"line":270,"column":83}},"271":{"start":{"line":272,"column":0},"end":{"line":272,"column":18}},"272":{"start":{"line":273,"column":0},"end":{"line":273,"column":16}},"273":{"start":{"line":274,"column":0},"end":{"line":274,"column":25}},"274":{"start":{"line":275,"column":0},"end":{"line":275,"column":23}},"275":{"start":{"line":276,"column":0},"end":{"line":276,"column":28}},"276":{"start":{"line":277,"column":0},"end":{"line":277,"column":57}},"277":{"start":{"line":278,"column":0},"end":{"line":278,"column":20}},"278":{"start":{"line":279,"column":0},"end":{"line":279,"column":146}},"279":{"start":{"line":280,"column":0},"end":{"line":280,"column":12}},"280":{"start":{"line":281,"column":0},"end":{"line":281,"column":14}},"281":{"start":{"line":282,"column":0},"end":{"line":282,"column":30}},"282":{"start":{"line":283,"column":0},"end":{"line":283,"column":83}},"284":{"start":{"line":285,"column":0},"end":{"line":285,"column":18}},"285":{"start":{"line":286,"column":0},"end":{"line":286,"column":16}},"286":{"start":{"line":287,"column":0},"end":{"line":287,"column":25}},"287":{"start":{"line":288,"column":0},"end":{"line":288,"column":27}},"288":{"start":{"line":289,"column":0},"end":{"line":289,"column":28}},"289":{"start":{"line":290,"column":0},"end":{"line":290,"column":57}},"290":{"start":{"line":291,"column":0},"end":{"line":291,"column":20}},"291":{"start":{"line":292,"column":0},"end":{"line":292,"column":146}},"292":{"start":{"line":293,"column":0},"end":{"line":293,"column":12}},"293":{"start":{"line":294,"column":0},"end":{"line":294,"column":14}},"294":{"start":{"line":295,"column":0},"end":{"line":295,"column":30}},"295":{"start":{"line":296,"column":0},"end":{"line":296,"column":90}},"297":{"start":{"line":298,"column":0},"end":{"line":298,"column":18}},"298":{"start":{"line":299,"column":0},"end":{"line":299,"column":16}},"299":{"start":{"line":300,"column":0},"end":{"line":300,"column":32}},"300":{"start":{"line":301,"column":0},"end":{"line":301,"column":27}},"301":{"start":{"line":302,"column":0},"end":{"line":302,"column":35}},"302":{"start":{"line":303,"column":0},"end":{"line":303,"column":64}},"303":{"start":{"line":304,"column":0},"end":{"line":304,"column":20}},"304":{"start":{"line":305,"column":0},"end":{"line":305,"column":146}},"305":{"start":{"line":306,"column":0},"end":{"line":306,"column":12}},"306":{"start":{"line":307,"column":0},"end":{"line":307,"column":14}},"307":{"start":{"line":308,"column":0},"end":{"line":308,"column":59}},"308":{"start":{"line":309,"column":0},"end":{"line":309,"column":17}},"309":{"start":{"line":310,"column":0},"end":{"line":310,"column":25}},"310":{"start":{"line":311,"column":0},"end":{"line":311,"column":127}},"311":{"start":{"line":312,"column":0},"end":{"line":312,"column":28}},"312":{"start":{"line":313,"column":0},"end":{"line":313,"column":40}},"313":{"start":{"line":314,"column":0},"end":{"line":314,"column":38}},"314":{"start":{"line":315,"column":0},"end":{"line":315,"column":14}},"315":{"start":{"line":316,"column":0},"end":{"line":316,"column":11}},"317":{"start":{"line":318,"column":0},"end":{"line":318,"column":19}},"318":{"start":{"line":319,"column":0},"end":{"line":319,"column":17}},"319":{"start":{"line":320,"column":0},"end":{"line":320,"column":25}},"320":{"start":{"line":321,"column":0},"end":{"line":321,"column":124}},"321":{"start":{"line":322,"column":0},"end":{"line":322,"column":28}},"322":{"start":{"line":323,"column":0},"end":{"line":323,"column":37}},"323":{"start":{"line":324,"column":0},"end":{"line":324,"column":41}},"324":{"start":{"line":325,"column":0},"end":{"line":325,"column":14}},"325":{"start":{"line":326,"column":0},"end":{"line":326,"column":11}},"327":{"start":{"line":328,"column":0},"end":{"line":328,"column":19}},"328":{"start":{"line":329,"column":0},"end":{"line":329,"column":14}},"329":{"start":{"line":330,"column":0},"end":{"line":330,"column":27}},"330":{"start":{"line":331,"column":0},"end":{"line":331,"column":32}},"331":{"start":{"line":332,"column":0},"end":{"line":332,"column":83}},"333":{"start":{"line":334,"column":0},"end":{"line":334,"column":20}},"334":{"start":{"line":335,"column":0},"end":{"line":335,"column":19}},"335":{"start":{"line":336,"column":0},"end":{"line":336,"column":25}},"336":{"start":{"line":337,"column":0},"end":{"line":337,"column":37}},"337":{"start":{"line":338,"column":0},"end":{"line":338,"column":148}},"339":{"start":{"line":340,"column":0},"end":{"line":340,"column":54}},"340":{"start":{"line":341,"column":0},"end":{"line":341,"column":38}},"341":{"start":{"line":342,"column":0},"end":{"line":342,"column":50}},"342":{"start":{"line":343,"column":0},"end":{"line":343,"column":25}},"343":{"start":{"line":344,"column":0},"end":{"line":344,"column":25}},"344":{"start":{"line":345,"column":0},"end":{"line":345,"column":17}},"345":{"start":{"line":346,"column":0},"end":{"line":346,"column":21}},"346":{"start":{"line":347,"column":0},"end":{"line":347,"column":16}},"348":{"start":{"line":349,"column":0},"end":{"line":349,"column":30}},"349":{"start":{"line":350,"column":0},"end":{"line":350,"column":32}},"350":{"start":{"line":351,"column":0},"end":{"line":351,"column":66}},"351":{"start":{"line":352,"column":0},"end":{"line":352,"column":20}},"352":{"start":{"line":353,"column":0},"end":{"line":353,"column":42}},"353":{"start":{"line":354,"column":0},"end":{"line":354,"column":31}},"354":{"start":{"line":355,"column":0},"end":{"line":355,"column":41}},"355":{"start":{"line":356,"column":0},"end":{"line":356,"column":70}},"356":{"start":{"line":357,"column":0},"end":{"line":357,"column":16}},"358":{"start":{"line":359,"column":0},"end":{"line":359,"column":20}},"359":{"start":{"line":360,"column":0},"end":{"line":360,"column":34}},"360":{"start":{"line":361,"column":0},"end":{"line":361,"column":19}},"361":{"start":{"line":362,"column":0},"end":{"line":362,"column":70}},"362":{"start":{"line":363,"column":0},"end":{"line":363,"column":113}},"364":{"start":{"line":365,"column":0},"end":{"line":365,"column":24}},"365":{"start":{"line":366,"column":0},"end":{"line":366,"column":70}},"366":{"start":{"line":367,"column":0},"end":{"line":367,"column":115}},"368":{"start":{"line":369,"column":0},"end":{"line":369,"column":24}},"369":{"start":{"line":370,"column":0},"end":{"line":370,"column":70}},"370":{"start":{"line":371,"column":0},"end":{"line":371,"column":113}},"372":{"start":{"line":373,"column":0},"end":{"line":373,"column":24}},"373":{"start":{"line":374,"column":0},"end":{"line":374,"column":20}},"375":{"start":{"line":376,"column":0},"end":{"line":376,"column":16}},"377":{"start":{"line":378,"column":0},"end":{"line":378,"column":117}},"378":{"start":{"line":379,"column":0},"end":{"line":379,"column":121}},"379":{"start":{"line":380,"column":0},"end":{"line":380,"column":59}},"380":{"start":{"line":381,"column":0},"end":{"line":381,"column":17}},"381":{"start":{"line":382,"column":0},"end":{"line":382,"column":25}},"382":{"start":{"line":383,"column":0},"end":{"line":383,"column":132}},"383":{"start":{"line":384,"column":0},"end":{"line":384,"column":11}},"385":{"start":{"line":386,"column":0},"end":{"line":386,"column":19}},"386":{"start":{"line":387,"column":0},"end":{"line":387,"column":14}},"387":{"start":{"line":388,"column":0},"end":{"line":388,"column":13}},"388":{"start":{"line":389,"column":0},"end":{"line":389,"column":10}},"390":{"start":{"line":391,"column":0},"end":{"line":391,"column":2}},"392":{"start":{"line":393,"column":0},"end":{"line":393,"column":23}}},"s":{"0":1,"190":1,"191":1,"192":1,"194":1,"195":39,"196":39,"197":39,"198":39,"199":39,"200":39,"201":39,"203":39,"204":39,"207":39,"209":39,"211":39,"212":10,"213":1,"214":1,"215":39,"217":39,"218":1,"219":1,"220":1,"222":39,"223":0,"224":0,"225":0,"226":0,"227":0,"228":0,"229":0,"231":39,"232":5,"235":5,"236":1,"237":1,"238":1,"239":1,"241":4,"242":4,"243":4,"244":5,"245":2,"246":5,"247":1,"248":1,"249":5,"250":1,"251":1,"252":1,"253":0,"254":0,"255":5,"256":4,"257":4,"258":5,"260":39,"261":4,"262":4,"264":35,"265":35,"266":35,"267":35,"268":35,"269":35,"271":35,"272":35,"273":35,"274":35,"275":35,"276":35,"277":35,"278":35,"279":35,"280":35,"281":35,"282":35,"284":35,"285":35,"286":35,"287":35,"288":35,"289":35,"290":35,"291":35,"292":35,"293":35,"294":35,"295":35,"297":35,"298":35,"299":35,"300":35,"301":35,"302":35,"303":35,"304":35,"305":35,"306":35,"307":35,"308":35,"309":35,"310":39,"311":39,"312":1,"313":1,"314":1,"315":39,"317":39,"318":39,"319":39,"320":39,"321":39,"322":1,"323":1,"324":1,"325":39,"327":39,"328":39,"329":39,"330":2,"331":2,"333":2,"334":2,"335":2,"336":2,"337":2,"339":2,"340":2,"341":2,"342":2,"343":2,"344":2,"345":2,"346":2,"348":39,"349":1,"350":1,"351":1,"352":1,"353":1,"354":1,"355":1,"356":1,"358":1,"359":1,"360":1,"361":1,"362":1,"364":1,"365":1,"366":1,"368":1,"369":1,"370":1,"372":1,"373":1,"375":1,"377":39,"378":39,"379":39,"380":39,"381":39,"382":39,"383":39,"385":39,"386":39,"387":39,"388":39,"390":39,"392":1},"branchMap":{"0":{"type":"branch","line":195,"loc":{"start":{"line":195,"column":26},"end":{"line":391,"column":2}},"locations":[{"start":{"line":195,"column":26},"end":{"line":391,"column":2}}]},"1":{"type":"branch","line":261,"loc":{"start":{"line":261,"column":15},"end":{"line":263,"column":3}},"locations":[{"start":{"line":261,"column":15},"end":{"line":263,"column":3}}]},"2":{"type":"branch","line":263,"loc":{"start":{"line":263,"column":2},"end":{"line":311,"column":57}},"locations":[{"start":{"line":263,"column":2},"end":{"line":311,"column":57}}]},"3":{"type":"branch","line":311,"loc":{"start":{"line":311,"column":38},"end":{"line":311,"column":86}},"locations":[{"start":{"line":311,"column":38},"end":{"line":311,"column":86}}]},"4":{"type":"branch","line":311,"loc":{"start":{"line":311,"column":57},"end":{"line":311,"column":124}},"locations":[{"start":{"line":311,"column":57},"end":{"line":311,"column":124}}]},"5":{"type":"branch","line":321,"loc":{"start":{"line":321,"column":38},"end":{"line":321,"column":83}},"locations":[{"start":{"line":321,"column":38},"end":{"line":321,"column":83}}]},"6":{"type":"branch","line":321,"loc":{"start":{"line":321,"column":54},"end":{"line":321,"column":121}},"locations":[{"start":{"line":321,"column":54},"end":{"line":321,"column":121}}]},"7":{"type":"branch","line":330,"loc":{"start":{"line":330,"column":9},"end":{"line":347,"column":16}},"locations":[{"start":{"line":330,"column":9},"end":{"line":347,"column":16}}]},"8":{"type":"branch","line":349,"loc":{"start":{"line":349,"column":9},"end":{"line":376,"column":16}},"locations":[{"start":{"line":349,"column":9},"end":{"line":376,"column":16}}]},"9":{"type":"branch","line":378,"loc":{"start":{"line":378,"column":36},"end":{"line":378,"column":117}},"locations":[{"start":{"line":378,"column":36},"end":{"line":378,"column":117}}]},"10":{"type":"branch","line":379,"loc":{"start":{"line":379,"column":36},"end":{"line":379,"column":121}},"locations":[{"start":{"line":379,"column":36},"end":{"line":379,"column":121}}]},"11":{"type":"branch","line":212,"loc":{"start":{"line":212,"column":12},"end":{"line":216,"column":5}},"locations":[{"start":{"line":212,"column":12},"end":{"line":216,"column":5}}]},"12":{"type":"branch","line":213,"loc":{"start":{"line":213,"column":23},"end":{"line":215,"column":5}},"locations":[{"start":{"line":213,"column":23},"end":{"line":215,"column":5}}]},"13":{"type":"branch","line":218,"loc":{"start":{"line":218,"column":23},"end":{"line":221,"column":4}},"locations":[{"start":{"line":218,"column":23},"end":{"line":221,"column":4}}]},"14":{"type":"branch","line":232,"loc":{"start":{"line":232,"column":24},"end":{"line":259,"column":4}},"locations":[{"start":{"line":232,"column":24},"end":{"line":259,"column":4}}]},"15":{"type":"branch","line":236,"loc":{"start":{"line":236,"column":38},"end":{"line":240,"column":5}},"locations":[{"start":{"line":236,"column":38},"end":{"line":240,"column":5}}]},"16":{"type":"branch","line":240,"loc":{"start":{"line":240,"column":4},"end":{"line":244,"column":96}},"locations":[{"start":{"line":240,"column":4},"end":{"line":244,"column":96}}]},"17":{"type":"branch","line":244,"loc":{"start":{"line":244,"column":94},"end":{"line":245,"column":16}},"locations":[{"start":{"line":244,"column":94},"end":{"line":245,"column":16}}]},"18":{"type":"branch","line":245,"loc":{"start":{"line":245,"column":16},"end":{"line":247,"column":13}},"locations":[{"start":{"line":245,"column":16},"end":{"line":247,"column":13}}]},"19":{"type":"branch","line":247,"loc":{"start":{"line":247,"column":6},"end":{"line":249,"column":7}},"locations":[{"start":{"line":247,"column":6},"end":{"line":249,"column":7}}]},"20":{"type":"branch","line":250,"loc":{"start":{"line":250,"column":4},"end":{"line":256,"column":6}},"locations":[{"start":{"line":250,"column":4},"end":{"line":256,"column":6}}]},"21":{"type":"branch","line":253,"loc":{"start":{"line":253,"column":6},"end":{"line":255,"column":7}},"locations":[{"start":{"line":253,"column":6},"end":{"line":255,"column":7}}]},"22":{"type":"branch","line":256,"loc":{"start":{"line":256,"column":4},"end":{"line":258,"column":5}},"locations":[{"start":{"line":256,"column":4},"end":{"line":258,"column":5}}]},"23":{"type":"branch","line":277,"loc":{"start":{"line":277,"column":22},"end":{"line":277,"column":57}},"locations":[{"start":{"line":277,"column":22},"end":{"line":277,"column":57}}]},"24":{"type":"branch","line":290,"loc":{"start":{"line":290,"column":22},"end":{"line":290,"column":57}},"locations":[{"start":{"line":290,"column":22},"end":{"line":290,"column":57}}]},"25":{"type":"branch","line":303,"loc":{"start":{"line":303,"column":22},"end":{"line":303,"column":64}},"locations":[{"start":{"line":303,"column":22},"end":{"line":303,"column":64}}]},"26":{"type":"branch","line":312,"loc":{"start":{"line":312,"column":21},"end":{"line":315,"column":14}},"locations":[{"start":{"line":312,"column":21},"end":{"line":315,"column":14}}]},"27":{"type":"branch","line":322,"loc":{"start":{"line":322,"column":21},"end":{"line":325,"column":14}},"locations":[{"start":{"line":322,"column":21},"end":{"line":325,"column":14}}]},"28":{"type":"branch","line":341,"loc":{"start":{"line":341,"column":26},"end":{"line":344,"column":25}},"locations":[{"start":{"line":341,"column":26},"end":{"line":344,"column":25}}]}},"b":{"0":[39],"1":[4],"2":[35],"3":[1],"4":[34],"5":[2],"6":[33],"7":[2],"8":[1],"9":[3],"10":[2],"11":[10],"12":[1],"13":[1],"14":[5],"15":[1],"16":[4],"17":[3],"18":[2],"19":[1],"20":[1],"21":[0],"22":[4],"23":[6],"24":[6],"25":[6],"26":[1],"27":[1],"28":[2]},"fnMap":{"0":{"name":"AddUser","decl":{"start":{"line":195,"column":26},"end":{"line":391,"column":2}},"loc":{"start":{"line":195,"column":26},"end":{"line":391,"column":2}},"line":195},"1":{"name":"handleGroups","decl":{"start":{"line":218,"column":23},"end":{"line":221,"column":4}},"loc":{"start":{"line":218,"column":23},"end":{"line":221,"column":4}},"line":218},"2":{"name":"handlePermissions","decl":{"start":{"line":223,"column":28},"end":{"line":230,"column":4}},"loc":{"start":{"line":223,"column":28},"end":{"line":230,"column":4}},"line":223},"3":{"name":"handleAddUser","decl":{"start":{"line":232,"column":24},"end":{"line":259,"column":4}},"loc":{"start":{"line":232,"column":24},"end":{"line":259,"column":4}},"line":232},"4":{"name":"onChange","decl":{"start":{"line":277,"column":22},"end":{"line":277,"column":57}},"loc":{"start":{"line":277,"column":22},"end":{"line":277,"column":57}},"line":277},"5":{"name":"onChange","decl":{"start":{"line":290,"column":22},"end":{"line":290,"column":57}},"loc":{"start":{"line":290,"column":22},"end":{"line":290,"column":57}},"line":290},"6":{"name":"onChange","decl":{"start":{"line":303,"column":22},"end":{"line":303,"column":64}},"loc":{"start":{"line":303,"column":22},"end":{"line":303,"column":64}},"line":303},"7":{"name":"onClick","decl":{"start":{"line":312,"column":21},"end":{"line":315,"column":14}},"loc":{"start":{"line":312,"column":21},"end":{"line":315,"column":14}},"line":312},"8":{"name":"onClick","decl":{"start":{"line":322,"column":21},"end":{"line":325,"column":14}},"loc":{"start":{"line":322,"column":21},"end":{"line":325,"column":14}},"line":322},"9":{"name":"onChange","decl":{"start":{"line":356,"column":26},"end":{"line":356,"column":70}},"loc":{"start":{"line":356,"column":26},"end":{"line":356,"column":70}},"line":356}},"f":{"0":39,"1":1,"2":0,"3":5,"4":6,"5":6,"6":6,"7":1,"8":1,"9":0}}
,"D:\\Purdue\\ECE 46100\\Project\\Phase 2\\ECE461-group32-frontend\\frontend\\ECE461group32-frontend\\src\\components\\Cost.tsx": {"path":"D:\\Purdue\\ECE 46100\\Project\\Phase 2\\ECE461-group32-frontend\\frontend\\ECE461group32-frontend\\src\\components\\Cost.tsx","all":false,"statementMap":{"0":{"start":{"line":1,"column":0},"end":{"line":1,"column":40}},"3":{"start":{"line":4,"column":0},"end":{"line":4,"column":45}},"4":{"start":{"line":5,"column":0},"end":{"line":5,"column":51}},"5":{"start":{"line":6,"column":0},"end":{"line":6,"column":58}},"6":{"start":{"line":7,"column":0},"end":{"line":7,"column":63}},"8":{"start":{"line":9,"column":0},"end":{"line":9,"column":72}},"9":{"start":{"line":10,"column":0},"end":{"line":10,"column":37}},"10":{"start":{"line":11,"column":0},"end":{"line":11,"column":81}},"11":{"start":{"line":12,"column":0},"end":{"line":12,"column":60}},"12":{"start":{"line":13,"column":0},"end":{"line":13,"column":6}},"14":{"start":{"line":15,"column":0},"end":{"line":15,"column":39}},"15":{"start":{"line":16,"column":0},"end":{"line":16,"column":25}},"16":{"start":{"line":17,"column":0},"end":{"line":17,"column":61}},"17":{"start":{"line":18,"column":0},"end":{"line":18,"column":19}},"18":{"start":{"line":19,"column":0},"end":{"line":19,"column":9}},"20":{"start":{"line":21,"column":0},"end":{"line":21,"column":13}},"22":{"start":{"line":23,"column":0},"end":{"line":23,"column":61}},"23":{"start":{"line":24,"column":0},"end":{"line":24,"column":27}},"24":{"start":{"line":25,"column":0},"end":{"line":25,"column":39}},"25":{"start":{"line":26,"column":0},"end":{"line":26,"column":75}},"26":{"start":{"line":27,"column":0},"end":{"line":27,"column":20}},"27":{"start":{"line":28,"column":0},"end":{"line":28,"column":88}},"28":{"start":{"line":29,"column":0},"end":{"line":29,"column":13}},"29":{"start":{"line":30,"column":0},"end":{"line":30,"column":17}},"30":{"start":{"line":31,"column":0},"end":{"line":31,"column":77}},"31":{"start":{"line":32,"column":0},"end":{"line":32,"column":9}},"32":{"start":{"line":33,"column":0},"end":{"line":33,"column":6}},"34":{"start":{"line":35,"column":0},"end":{"line":35,"column":74}},"35":{"start":{"line":36,"column":0},"end":{"line":36,"column":32}},"36":{"start":{"line":37,"column":0},"end":{"line":37,"column":28}},"37":{"start":{"line":38,"column":0},"end":{"line":38,"column":9}},"38":{"start":{"line":39,"column":0},"end":{"line":39,"column":6}},"40":{"start":{"line":41,"column":0},"end":{"line":41,"column":12}},"41":{"start":{"line":42,"column":0},"end":{"line":42,"column":73}},"42":{"start":{"line":43,"column":0},"end":{"line":43,"column":101}},"43":{"start":{"line":44,"column":0},"end":{"line":44,"column":18}},"44":{"start":{"line":45,"column":0},"end":{"line":45,"column":30}},"45":{"start":{"line":46,"column":0},"end":{"line":46,"column":27}},"46":{"start":{"line":47,"column":0},"end":{"line":47,"column":33}},"47":{"start":{"line":48,"column":0},"end":{"line":48,"column":41}},"48":{"start":{"line":49,"column":0},"end":{"line":49,"column":43}},"49":{"start":{"line":50,"column":0},"end":{"line":50,"column":46}},"50":{"start":{"line":51,"column":0},"end":{"line":51,"column":60}},"51":{"start":{"line":52,"column":0},"end":{"line":52,"column":14}},"52":{"start":{"line":53,"column":0},"end":{"line":53,"column":105}},"54":{"start":{"line":55,"column":0},"end":{"line":55,"column":21}},"55":{"start":{"line":56,"column":0},"end":{"line":56,"column":93}},"56":{"start":{"line":57,"column":0},"end":{"line":57,"column":31}},"57":{"start":{"line":58,"column":0},"end":{"line":58,"column":58}},"58":{"start":{"line":59,"column":0},"end":{"line":59,"column":41}},"59":{"start":{"line":60,"column":0},"end":{"line":60,"column":22}},"61":{"start":{"line":62,"column":0},"end":{"line":62,"column":14}},"63":{"start":{"line":64,"column":0},"end":{"line":64,"column":1}}},"s":{"0":1,"3":14,"4":14,"5":14,"6":14,"8":14,"9":4,"10":4,"11":4,"12":4,"14":14,"15":4,"16":1,"17":1,"18":1,"20":3,"22":3,"23":2,"24":2,"25":2,"26":4,"27":0,"28":0,"29":4,"30":1,"31":1,"32":4,"34":14,"35":1,"36":1,"37":1,"38":1,"40":14,"41":14,"42":14,"43":14,"44":14,"45":14,"46":14,"47":14,"48":14,"49":14,"50":14,"51":14,"52":14,"54":14,"55":14,"56":14,"57":2,"58":2,"59":2,"61":14,"63":14},"branchMap":{"0":{"type":"branch","line":4,"loc":{"start":{"line":4,"column":0},"end":{"line":64,"column":1}},"locations":[{"start":{"line":4,"column":0},"end":{"line":64,"column":1}}]},"1":{"type":"branch","line":56,"loc":{"start":{"line":56,"column":13},"end":{"line":56,"column":93}},"locations":[{"start":{"line":56,"column":13},"end":{"line":56,"column":93}}]},"2":{"type":"branch","line":57,"loc":{"start":{"line":57,"column":22},"end":{"line":60,"column":22}},"locations":[{"start":{"line":57,"column":22},"end":{"line":60,"column":22}}]},"3":{"type":"branch","line":9,"loc":{"start":{"line":9,"column":27},"end":{"line":13,"column":6}},"locations":[{"start":{"line":9,"column":27},"end":{"line":13,"column":6}}]},"4":{"type":"branch","line":15,"loc":{"start":{"line":15,"column":26},"end":{"line":33,"column":6}},"locations":[{"start":{"line":15,"column":26},"end":{"line":33,"column":6}}]},"5":{"type":"branch","line":16,"loc":{"start":{"line":16,"column":24},"end":{"line":19,"column":9}},"locations":[{"start":{"line":16,"column":24},"end":{"line":19,"column":9}}]},"6":{"type":"branch","line":19,"loc":{"start":{"line":19,"column":8},"end":{"line":23,"column":61}},"locations":[{"start":{"line":19,"column":8},"end":{"line":23,"column":61}}]},"7":{"type":"branch","line":23,"loc":{"start":{"line":23,"column":59},"end":{"line":27,"column":19}},"locations":[{"start":{"line":23,"column":59},"end":{"line":27,"column":19}}]},"8":{"type":"branch","line":27,"loc":{"start":{"line":27,"column":12},"end":{"line":29,"column":13}},"locations":[{"start":{"line":27,"column":12},"end":{"line":29,"column":13}}]},"9":{"type":"branch","line":30,"loc":{"start":{"line":30,"column":8},"end":{"line":32,"column":9}},"locations":[{"start":{"line":30,"column":8},"end":{"line":32,"column":9}}]},"10":{"type":"branch","line":35,"loc":{"start":{"line":35,"column":27},"end":{"line":39,"column":6}},"locations":[{"start":{"line":35,"column":27},"end":{"line":39,"column":6}}]}},"b":{"0":[14],"1":[4],"2":[2],"3":[4],"4":[4],"5":[1],"6":[3],"7":[2],"8":[0],"9":[1],"10":[1]},"fnMap":{"0":{"name":"Cost","decl":{"start":{"line":4,"column":0},"end":{"line":64,"column":1}},"loc":{"start":{"line":4,"column":0},"end":{"line":64,"column":1}},"line":4},"1":{"name":"handleIdChange","decl":{"start":{"line":9,"column":27},"end":{"line":13,"column":6}},"loc":{"start":{"line":9,"column":27},"end":{"line":13,"column":6}},"line":9},"2":{"name":"handleGetCost","decl":{"start":{"line":15,"column":26},"end":{"line":33,"column":6}},"loc":{"start":{"line":15,"column":26},"end":{"line":33,"column":6}},"line":15},"3":{"name":"handleKeyPress","decl":{"start":{"line":35,"column":27},"end":{"line":39,"column":6}},"loc":{"start":{"line":35,"column":27},"end":{"line":39,"column":6}},"line":35}},"f":{"0":14,"1":4,"2":4,"3":1}}
,"D:\\Purdue\\ECE 46100\\Project\\Phase 2\\ECE461-group32-frontend\\frontend\\ECE461group32-frontend\\src\\components\\DeleteGroup.tsx": {"path":"D:\\Purdue\\ECE 46100\\Project\\Phase 2\\ECE461-group32-frontend\\frontend\\ECE461group32-frontend\\src\\components\\DeleteGroup.tsx","all":false,"statementMap":{"0":{"start":{"line":1,"column":0},"end":{"line":1,"column":42}},"4":{"start":{"line":5,"column":0},"end":{"line":5,"column":39}},"5":{"start":{"line":6,"column":0},"end":{"line":6,"column":75}},"7":{"start":{"line":8,"column":0},"end":{"line":8,"column":22}},"8":{"start":{"line":9,"column":0},"end":{"line":9,"column":33}},"9":{"start":{"line":10,"column":0},"end":{"line":10,"column":27}},"10":{"start":{"line":11,"column":0},"end":{"line":11,"column":46}},"11":{"start":{"line":12,"column":0},"end":{"line":12,"column":11}},"12":{"start":{"line":13,"column":0},"end":{"line":13,"column":24}},"14":{"start":{"line":15,"column":0},"end":{"line":15,"column":50}},"15":{"start":{"line":16,"column":0},"end":{"line":16,"column":30}},"16":{"start":{"line":17,"column":0},"end":{"line":17,"column":61}},"17":{"start":{"line":18,"column":0},"end":{"line":18,"column":5}},"19":{"start":{"line":20,"column":0},"end":{"line":20,"column":12}},"20":{"start":{"line":21,"column":0},"end":{"line":21,"column":97}},"21":{"start":{"line":22,"column":0},"end":{"line":22,"column":76}},"22":{"start":{"line":23,"column":0},"end":{"line":23,"column":53}},"23":{"start":{"line":24,"column":0},"end":{"line":24,"column":59}},"24":{"start":{"line":25,"column":0},"end":{"line":25,"column":134}},"25":{"start":{"line":26,"column":0},"end":{"line":26,"column":29}},"26":{"start":{"line":27,"column":0},"end":{"line":27,"column":47}},"27":{"start":{"line":28,"column":0},"end":{"line":28,"column":30}},"28":{"start":{"line":29,"column":0},"end":{"line":29,"column":29}},"29":{"start":{"line":30,"column":0},"end":{"line":30,"column":211}},"30":{"start":{"line":31,"column":0},"end":{"line":31,"column":30}},"31":{"start":{"line":32,"column":0},"end":{"line":32,"column":26}},"32":{"start":{"line":33,"column":0},"end":{"line":33,"column":59}},"34":{"start":{"line":35,"column":0},"end":{"line":35,"column":15}},"35":{"start":{"line":36,"column":0},"end":{"line":36,"column":10}},"37":{"start":{"line":38,"column":0},"end":{"line":38,"column":2}}},"s":{"0":1,"4":6,"5":6,"7":6,"8":3,"9":3,"10":3,"11":6,"12":6,"14":6,"15":1,"16":1,"17":1,"19":6,"20":6,"21":6,"22":6,"23":6,"24":3,"25":3,"26":3,"27":3,"28":3,"29":3,"30":3,"31":3,"32":6,"34":6,"35":6,"37":1},"branchMap":{"0":{"type":"branch","line":5,"loc":{"start":{"line":5,"column":0},"end":{"line":38,"column":1}},"locations":[{"start":{"line":5,"column":0},"end":{"line":38,"column":1}}]},"1":{"type":"branch","line":24,"loc":{"start":{"line":24,"column":29},"end":{"line":33,"column":21}},"locations":[{"start":{"line":24,"column":29},"end":{"line":33,"column":21}}]},"2":{"type":"branch","line":33,"loc":{"start":{"line":33,"column":17},"end":{"line":33,"column":59}},"locations":[{"start":{"line":33,"column":17},"end":{"line":33,"column":59}}]},"3":{"type":"branch","line":8,"loc":{"start":{"line":8,"column":15},"end":{"line":12,"column":7}},"locations":[{"start":{"line":8,"column":15},"end":{"line":12,"column":7}}]},"4":{"type":"branch","line":10,"loc":{"start":{"line":10,"column":14},"end":{"line":10,"column":26}},"locations":[{"start":{"line":10,"column":14},"end":{"line":10,"column":26}}]},"5":{"type":"branch","line":11,"loc":{"start":{"line":11,"column":14},"end":{"line":11,"column":44}},"locations":[{"start":{"line":11,"column":14},"end":{"line":11,"column":44}}]},"6":{"type":"branch","line":15,"loc":{"start":{"line":15,"column":4},"end":{"line":18,"column":5}},"locations":[{"start":{"line":15,"column":4},"end":{"line":18,"column":5}}]},"7":{"type":"branch","line":17,"loc":{"start":{"line":17,"column":32},"end":{"line":17,"column":58}},"locations":[{"start":{"line":17,"column":32},"end":{"line":17,"column":58}}]},"8":{"type":"branch","line":24,"loc":{"start":{"line":24,"column":44},"end":{"line":32,"column":26}},"locations":[{"start":{"line":24,"column":44},"end":{"line":32,"column":26}}]},"9":{"type":"branch","line":30,"loc":{"start":{"line":30,"column":161},"end":{"line":30,"column":196}},"locations":[{"start":{"line":30,"column":161},"end":{"line":30,"column":196}}]}},"b":{"0":[6],"1":[2],"2":[4],"3":[3],"4":[3],"5":[3],"6":[1],"7":[2],"8":[3],"9":[1]},"fnMap":{"0":{"name":"DeleteGroup","decl":{"start":{"line":5,"column":0},"end":{"line":38,"column":1}},"loc":{"start":{"line":5,"column":0},"end":{"line":38,"column":1}},"line":5},"1":{"name":"handleDeleteGroup","decl":{"start":{"line":15,"column":4},"end":{"line":18,"column":5}},"loc":{"start":{"line":15,"column":4},"end":{"line":18,"column":5}},"line":15},"2":{"name":"onClick","decl":{"start":{"line":30,"column":161},"end":{"line":30,"column":196}},"loc":{"start":{"line":30,"column":161},"end":{"line":30,"column":196}},"line":30}},"f":{"0":6,"1":1,"2":1}}
,"D:\\Purdue\\ECE 46100\\Project\\Phase 2\\ECE461-group32-frontend\\frontend\\ECE461group32-frontend\\src\\components\\FileUploadModal.tsx": {"path":"D:\\Purdue\\ECE 46100\\Project\\Phase 2\\ECE461-group32-frontend\\frontend\\ECE461group32-frontend\\src\\components\\FileUploadModal.tsx","all":false,"statementMap":{"0":{"start":{"line":1,"column":0},"end":{"line":1,"column":41}},"182":{"start":{"line":183,"column":0},"end":{"line":183,"column":102}},"183":{"start":{"line":184,"column":0},"end":{"line":184,"column":61}},"184":{"start":{"line":185,"column":0},"end":{"line":185,"column":48}},"185":{"start":{"line":186,"column":0},"end":{"line":186,"column":89}},"187":{"start":{"line":188,"column":0},"end":{"line":188,"column":29}},"188":{"start":{"line":189,"column":0},"end":{"line":189,"column":31}},"189":{"start":{"line":190,"column":0},"end":{"line":190,"column":35}},"190":{"start":{"line":191,"column":0},"end":{"line":191,"column":5}},"191":{"start":{"line":192,"column":0},"end":{"line":192,"column":4}},"193":{"start":{"line":194,"column":0},"end":{"line":194,"column":36}},"194":{"start":{"line":195,"column":0},"end":{"line":195,"column":36}},"195":{"start":{"line":196,"column":0},"end":{"line":196,"column":46}},"196":{"start":{"line":197,"column":0},"end":{"line":197,"column":49}},"197":{"start":{"line":198,"column":0},"end":{"line":198,"column":92}},"198":{"start":{"line":199,"column":0},"end":{"line":199,"column":67}},"199":{"start":{"line":200,"column":0},"end":{"line":200,"column":15}},"200":{"start":{"line":201,"column":0},"end":{"line":201,"column":7}},"201":{"start":{"line":202,"column":0},"end":{"line":202,"column":11}},"202":{"start":{"line":203,"column":0},"end":{"line":203,"column":25}},"203":{"start":{"line":204,"column":0},"end":{"line":204,"column":61}},"204":{"start":{"line":205,"column":0},"end":{"line":205,"column":59}},"205":{"start":{"line":206,"column":0},"end":{"line":206,"column":23}},"206":{"start":{"line":207,"column":0},"end":{"line":207,"column":62}},"207":{"start":{"line":208,"column":0},"end":{"line":208,"column":16}},"208":{"start":{"line":209,"column":0},"end":{"line":209,"column":71}},"209":{"start":{"line":210,"column":0},"end":{"line":210,"column":9}},"210":{"start":{"line":211,"column":0},"end":{"line":211,"column":21}},"211":{"start":{"line":212,"column":0},"end":{"line":212,"column":48}},"212":{"start":{"line":213,"column":0},"end":{"line":213,"column":69}},"213":{"start":{"line":214,"column":0},"end":{"line":214,"column":17}},"214":{"start":{"line":215,"column":0},"end":{"line":215,"column":26}},"215":{"start":{"line":216,"column":0},"end":{"line":216,"column":7}},"216":{"start":{"line":217,"column":0},"end":{"line":217,"column":12}},"217":{"start":{"line":218,"column":0},"end":{"line":218,"column":55}},"218":{"start":{"line":219,"column":0},"end":{"line":219,"column":5}},"219":{"start":{"line":220,"column":0},"end":{"line":220,"column":4}},"221":{"start":{"line":222,"column":0},"end":{"line":222,"column":10}},"222":{"start":{"line":223,"column":0},"end":{"line":223,"column":51}},"223":{"start":{"line":224,"column":0},"end":{"line":224,"column":45}},"224":{"start":{"line":225,"column":0},"end":{"line":225,"column":12}},"225":{"start":{"line":226,"column":0},"end":{"line":226,"column":123}},"226":{"start":{"line":227,"column":0},"end":{"line":227,"column":31}},"228":{"start":{"line":229,"column":0},"end":{"line":229,"column":44}},"229":{"start":{"line":230,"column":0},"end":{"line":230,"column":84}},"230":{"start":{"line":231,"column":0},"end":{"line":231,"column":71}},"231":{"start":{"line":232,"column":0},"end":{"line":232,"column":14}},"232":{"start":{"line":233,"column":0},"end":{"line":233,"column":43}},"233":{"start":{"line":234,"column":0},"end":{"line":234,"column":65}},"235":{"start":{"line":236,"column":0},"end":{"line":236,"column":18}},"236":{"start":{"line":237,"column":0},"end":{"line":237,"column":16}},"237":{"start":{"line":238,"column":0},"end":{"line":238,"column":21}},"238":{"start":{"line":239,"column":0},"end":{"line":239,"column":23}},"239":{"start":{"line":240,"column":0},"end":{"line":240,"column":30}},"240":{"start":{"line":241,"column":0},"end":{"line":241,"column":30}},"241":{"start":{"line":242,"column":0},"end":{"line":242,"column":25}},"242":{"start":{"line":243,"column":0},"end":{"line":243,"column":44}},"243":{"start":{"line":244,"column":0},"end":{"line":244,"column":12}},"244":{"start":{"line":245,"column":0},"end":{"line":245,"column":14}},"245":{"start":{"line":246,"column":0},"end":{"line":246,"column":145}},"246":{"start":{"line":247,"column":0},"end":{"line":247,"column":20}},"247":{"start":{"line":248,"column":0},"end":{"line":248,"column":18}},"248":{"start":{"line":249,"column":0},"end":{"line":249,"column":15}},"249":{"start":{"line":250,"column":0},"end":{"line":250,"column":52}},"250":{"start":{"line":251,"column":0},"end":{"line":251,"column":23}},"251":{"start":{"line":252,"column":0},"end":{"line":252,"column":32}},"252":{"start":{"line":253,"column":0},"end":{"line":253,"column":114}},"253":{"start":{"line":254,"column":0},"end":{"line":254,"column":28}},"254":{"start":{"line":255,"column":0},"end":{"line":255,"column":10}},"255":{"start":{"line":256,"column":0},"end":{"line":256,"column":19}},"256":{"start":{"line":257,"column":0},"end":{"line":257,"column":11}},"258":{"start":{"line":259,"column":0},"end":{"line":259,"column":1}},"260":{"start":{"line":261,"column":0},"end":{"line":261,"column":57}},"261":{"start":{"line":262,"column":0},"end":{"line":262,"column":10}},"262":{"start":{"line":263,"column":0},"end":{"line":263,"column":8}},"263":{"start":{"line":264,"column":0},"end":{"line":264,"column":16}},"264":{"start":{"line":265,"column":0},"end":{"line":265,"column":40}},"265":{"start":{"line":266,"column":0},"end":{"line":266,"column":16}},"266":{"start":{"line":267,"column":0},"end":{"line":267,"column":17}},"267":{"start":{"line":268,"column":0},"end":{"line":268,"column":25}},"268":{"start":{"line":269,"column":0},"end":{"line":269,"column":17}},"269":{"start":{"line":270,"column":0},"end":{"line":270,"column":27}},"270":{"start":{"line":271,"column":0},"end":{"line":271,"column":21}},"271":{"start":{"line":272,"column":0},"end":{"line":272,"column":27}},"272":{"start":{"line":273,"column":0},"end":{"line":273,"column":29}},"273":{"start":{"line":274,"column":0},"end":{"line":274,"column":77}},"274":{"start":{"line":275,"column":0},"end":{"line":275,"column":42}},"275":{"start":{"line":276,"column":0},"end":{"line":276,"column":10}},"277":{"start":{"line":278,"column":0},"end":{"line":278,"column":1}}},"s":{"0":1,"182":1,"183":4,"184":4,"185":4,"187":4,"188":0,"189":0,"190":0,"191":0,"193":4,"194":0,"195":0,"196":0,"197":0,"198":0,"199":0,"200":0,"201":0,"202":0,"203":0,"204":0,"205":0,"206":0,"207":0,"208":0,"209":0,"210":0,"211":0,"212":0,"213":0,"214":0,"215":0,"216":0,"217":0,"218":0,"219":0,"221":4,"222":4,"223":4,"224":4,"225":4,"226":4,"228":4,"229":4,"230":4,"231":4,"232":4,"233":4,"235":4,"236":4,"237":4,"238":4,"239":4,"240":4,"241":4,"242":4,"243":4,"244":4,"245":4,"246":4,"247":4,"248":4,"249":4,"250":4,"251":4,"252":4,"253":4,"254":4,"255":4,"256":4,"258":4,"260":4,"261":4,"262":4,"263":4,"264":4,"265":4,"266":4,"267":4,"268":4,"269":4,"270":4,"271":4,"272":4,"273":4,"274":4,"275":4,"277":4},"branchMap":{"0":{"type":"branch","line":183,"loc":{"start":{"line":183,"column":7},"end":{"line":259,"column":1}},"locations":[{"start":{"line":183,"column":7},"end":{"line":259,"column":1}}]},"1":{"type":"branch","line":246,"loc":{"start":{"line":246,"column":32},"end":{"line":246,"column":145}},"locations":[{"start":{"line":246,"column":32},"end":{"line":246,"column":145}}]},"2":{"type":"branch","line":250,"loc":{"start":{"line":250,"column":16},"end":{"line":250,"column":43}},"locations":[{"start":{"line":250,"column":16},"end":{"line":250,"column":43}}]},"3":{"type":"branch","line":261,"loc":{"start":{"line":261,"column":0},"end":{"line":278,"column":1}},"locations":[{"start":{"line":261,"column":0},"end":{"line":278,"column":1}}]}},"b":{"0":[4],"1":[0],"2":[0],"3":[4]},"fnMap":{"0":{"name":"FileUploadModal","decl":{"start":{"line":183,"column":7},"end":{"line":259,"column":1}},"loc":{"start":{"line":183,"column":7},"end":{"line":259,"column":1}},"line":183},"1":{"name":"handleClick","decl":{"start":{"line":188,"column":22},"end":{"line":192,"column":4}},"loc":{"start":{"line":188,"column":22},"end":{"line":192,"column":4}},"line":188},"2":{"name":"handleUpload","decl":{"start":{"line":194,"column":23},"end":{"line":220,"column":4}},"loc":{"start":{"line":194,"column":23},"end":{"line":220,"column":4}},"line":194},"3":{"name":"FileIcon","decl":{"start":{"line":261,"column":0},"end":{"line":278,"column":1}},"loc":{"start":{"line":261,"column":0},"end":{"line":278,"column":1}},"line":261}},"f":{"0":4,"1":0,"2":0,"3":4}}
,"D:\\Purdue\\ECE 46100\\Project\\Phase 2\\ECE461-group32-frontend\\frontend\\ECE461group32-frontend\\src\\components\\GetPackage.tsx": {"path":"D:\\Purdue\\ECE 46100\\Project\\Phase 2\\ECE461-group32-frontend\\frontend\\ECE461group32-frontend\\src\\components\\GetPackage.tsx","all":false,"statementMap":{"0":{"start":{"line":1,"column":0},"end":{"line":1,"column":40}},"1":{"start":{"line":2,"column":0},"end":{"line":2,"column":63}},"3":{"start":{"line":4,"column":0},"end":{"line":4,"column":42}},"6":{"start":{"line":7,"column":0},"end":{"line":7,"column":36}},"7":{"start":{"line":8,"column":0},"end":{"line":8,"column":49}},"8":{"start":{"line":9,"column":0},"end":{"line":9,"column":41}},"9":{"start":{"line":10,"column":0},"end":{"line":10,"column":60}},"10":{"start":{"line":11,"column":0},"end":{"line":11,"column":58}},"11":{"start":{"line":12,"column":0},"end":{"line":12,"column":48}},"12":{"start":{"line":13,"column":0},"end":{"line":13,"column":76}},"13":{"start":{"line":14,"column":0},"end":{"line":14,"column":46}},"14":{"start":{"line":15,"column":0},"end":{"line":15,"column":62}},"15":{"start":{"line":16,"column":0},"end":{"line":16,"column":58}},"18":{"start":{"line":19,"column":0},"end":{"line":19,"column":44}},"19":{"start":{"line":20,"column":0},"end":{"line":20,"column":21}},"20":{"start":{"line":21,"column":0},"end":{"line":21,"column":45}},"21":{"start":{"line":22,"column":0},"end":{"line":22,"column":13}},"22":{"start":{"line":23,"column":0},"end":{"line":23,"column":5}},"23":{"start":{"line":24,"column":0},"end":{"line":24,"column":21}},"24":{"start":{"line":25,"column":0},"end":{"line":25,"column":19}},"25":{"start":{"line":26,"column":0},"end":{"line":26,"column":9}},"26":{"start":{"line":27,"column":0},"end":{"line":27,"column":29}},"27":{"start":{"line":28,"column":0},"end":{"line":28,"column":51}},"28":{"start":{"line":29,"column":0},"end":{"line":29,"column":17}},"29":{"start":{"line":30,"column":0},"end":{"line":30,"column":40}},"30":{"start":{"line":31,"column":0},"end":{"line":31,"column":38}},"31":{"start":{"line":32,"column":0},"end":{"line":32,"column":36}},"32":{"start":{"line":33,"column":0},"end":{"line":33,"column":14}},"33":{"start":{"line":34,"column":0},"end":{"line":34,"column":41}},"34":{"start":{"line":35,"column":0},"end":{"line":35,"column":7}},"35":{"start":{"line":36,"column":0},"end":{"line":36,"column":19}},"36":{"start":{"line":37,"column":0},"end":{"line":37,"column":46}},"37":{"start":{"line":38,"column":0},"end":{"line":38,"column":25}},"38":{"start":{"line":39,"column":0},"end":{"line":39,"column":15}},"39":{"start":{"line":40,"column":0},"end":{"line":40,"column":24}},"40":{"start":{"line":41,"column":0},"end":{"line":41,"column":5}},"41":{"start":{"line":42,"column":0},"end":{"line":42,"column":4}},"43":{"start":{"line":44,"column":0},"end":{"line":44,"column":43}},"44":{"start":{"line":45,"column":0},"end":{"line":45,"column":17}},"45":{"start":{"line":46,"column":0},"end":{"line":46,"column":40}},"46":{"start":{"line":47,"column":0},"end":{"line":47,"column":13}},"47":{"start":{"line":48,"column":0},"end":{"line":48,"column":5}},"48":{"start":{"line":49,"column":0},"end":{"line":49,"column":21}},"49":{"start":{"line":50,"column":0},"end":{"line":50,"column":19}},"50":{"start":{"line":51,"column":0},"end":{"line":51,"column":9}},"51":{"start":{"line":52,"column":0},"end":{"line":52,"column":54}},"52":{"start":{"line":53,"column":0},"end":{"line":53,"column":17}},"53":{"start":{"line":54,"column":0},"end":{"line":54,"column":49}},"54":{"start":{"line":55,"column":0},"end":{"line":55,"column":14}},"55":{"start":{"line":56,"column":0},"end":{"line":56,"column":41}},"56":{"start":{"line":57,"column":0},"end":{"line":57,"column":7}},"57":{"start":{"line":58,"column":0},"end":{"line":58,"column":19}},"58":{"start":{"line":59,"column":0},"end":{"line":59,"column":25}},"59":{"start":{"line":60,"column":0},"end":{"line":60,"column":53}},"60":{"start":{"line":61,"column":0},"end":{"line":61,"column":15}},"61":{"start":{"line":62,"column":0},"end":{"line":62,"column":24}},"62":{"start":{"line":63,"column":0},"end":{"line":63,"column":5}},"63":{"start":{"line":64,"column":0},"end":{"line":64,"column":4}},"65":{"start":{"line":66,"column":0},"end":{"line":66,"column":10}},"66":{"start":{"line":67,"column":0},"end":{"line":67,"column":95}},"67":{"start":{"line":68,"column":0},"end":{"line":68,"column":43}},"68":{"start":{"line":69,"column":0},"end":{"line":69,"column":21}},"69":{"start":{"line":70,"column":0},"end":{"line":70,"column":54}},"70":{"start":{"line":71,"column":0},"end":{"line":71,"column":19}},"72":{"start":{"line":73,"column":0},"end":{"line":73,"column":30}},"73":{"start":{"line":74,"column":0},"end":{"line":74,"column":36}},"74":{"start":{"line":75,"column":0},"end":{"line":75,"column":32}},"75":{"start":{"line":76,"column":0},"end":{"line":76,"column":16}},"76":{"start":{"line":77,"column":0},"end":{"line":77,"column":61}},"78":{"start":{"line":79,"column":0},"end":{"line":79,"column":21}},"79":{"start":{"line":80,"column":0},"end":{"line":80,"column":19}},"82":{"start":{"line":83,"column":0},"end":{"line":83,"column":30}},"83":{"start":{"line":84,"column":0},"end":{"line":84,"column":39}},"84":{"start":{"line":85,"column":0},"end":{"line":85,"column":32}},"85":{"start":{"line":86,"column":0},"end":{"line":86,"column":16}},"86":{"start":{"line":87,"column":0},"end":{"line":87,"column":61}},"88":{"start":{"line":89,"column":0},"end":{"line":89,"column":21}},"89":{"start":{"line":90,"column":0},"end":{"line":90,"column":16}},"91":{"start":{"line":92,"column":0},"end":{"line":92,"column":20}},"92":{"start":{"line":93,"column":0},"end":{"line":93,"column":15}},"93":{"start":{"line":94,"column":0},"end":{"line":94,"column":19}},"94":{"start":{"line":95,"column":0},"end":{"line":95,"column":30}},"95":{"start":{"line":96,"column":0},"end":{"line":96,"column":36}},"96":{"start":{"line":97,"column":0},"end":{"line":97,"column":33}},"97":{"start":{"line":98,"column":0},"end":{"line":98,"column":33}},"98":{"start":{"line":99,"column":0},"end":{"line":99,"column":29}},"99":{"start":{"line":100,"column":0},"end":{"line":100,"column":31}},"100":{"start":{"line":101,"column":0},"end":{"line":101,"column":32}},"101":{"start":{"line":102,"column":0},"end":{"line":102,"column":30}},"102":{"start":{"line":103,"column":0},"end":{"line":103,"column":33}},"103":{"start":{"line":104,"column":0},"end":{"line":104,"column":16}},"104":{"start":{"line":105,"column":0},"end":{"line":105,"column":135}},"106":{"start":{"line":107,"column":0},"end":{"line":107,"column":21}},"107":{"start":{"line":108,"column":0},"end":{"line":108,"column":36}},"108":{"start":{"line":109,"column":0},"end":{"line":109,"column":36}},"109":{"start":{"line":110,"column":0},"end":{"line":110,"column":76}},"111":{"start":{"line":112,"column":0},"end":{"line":112,"column":24}},"112":{"start":{"line":113,"column":0},"end":{"line":113,"column":22}},"113":{"start":{"line":114,"column":0},"end":{"line":114,"column":32}},"114":{"start":{"line":115,"column":0},"end":{"line":115,"column":29}},"115":{"start":{"line":116,"column":0},"end":{"line":116,"column":35}},"116":{"start":{"line":117,"column":0},"end":{"line":117,"column":64}},"117":{"start":{"line":118,"column":0},"end":{"line":118,"column":152}},"118":{"start":{"line":119,"column":0},"end":{"line":119,"column":18}},"119":{"start":{"line":120,"column":0},"end":{"line":120,"column":23}},"121":{"start":{"line":122,"column":0},"end":{"line":122,"column":48}},"122":{"start":{"line":123,"column":0},"end":{"line":123,"column":144}},"124":{"start":{"line":125,"column":0},"end":{"line":125,"column":25}},"125":{"start":{"line":126,"column":0},"end":{"line":126,"column":20}},"127":{"start":{"line":128,"column":0},"end":{"line":128,"column":36}},"128":{"start":{"line":129,"column":0},"end":{"line":129,"column":72}},"130":{"start":{"line":131,"column":0},"end":{"line":131,"column":24}},"131":{"start":{"line":132,"column":0},"end":{"line":132,"column":22}},"132":{"start":{"line":133,"column":0},"end":{"line":133,"column":28}},"133":{"start":{"line":134,"column":0},"end":{"line":134,"column":29}},"134":{"start":{"line":135,"column":0},"end":{"line":135,"column":31}},"135":{"start":{"line":136,"column":0},"end":{"line":136,"column":60}},"136":{"start":{"line":137,"column":0},"end":{"line":137,"column":152}},"137":{"start":{"line":138,"column":0},"end":{"line":138,"column":18}},"138":{"start":{"line":139,"column":0},"end":{"line":139,"column":23}},"140":{"start":{"line":141,"column":0},"end":{"line":141,"column":47}},"141":{"start":{"line":142,"column":0},"end":{"line":142,"column":146}},"143":{"start":{"line":144,"column":0},"end":{"line":144,"column":25}},"144":{"start":{"line":145,"column":0},"end":{"line":145,"column":20}},"146":{"start":{"line":147,"column":0},"end":{"line":147,"column":16}},"148":{"start":{"line":149,"column":0},"end":{"line":149,"column":71}},"149":{"start":{"line":150,"column":0},"end":{"line":150,"column":65}},"150":{"start":{"line":151,"column":0},"end":{"line":151,"column":163}},"151":{"start":{"line":152,"column":0},"end":{"line":152,"column":21}},"152":{"start":{"line":153,"column":0},"end":{"line":153,"column":18}},"153":{"start":{"line":154,"column":0},"end":{"line":154,"column":86}},"154":{"start":{"line":155,"column":0},"end":{"line":155,"column":63}},"155":{"start":{"line":156,"column":0},"end":{"line":156,"column":81}},"156":{"start":{"line":157,"column":0},"end":{"line":157,"column":17}},"158":{"start":{"line":159,"column":0},"end":{"line":159,"column":20}},"160":{"start":{"line":161,"column":0},"end":{"line":161,"column":12}},"161":{"start":{"line":162,"column":0},"end":{"line":162,"column":10}},"163":{"start":{"line":164,"column":0},"end":{"line":164,"column":2}},"165":{"start":{"line":166,"column":0},"end":{"line":166,"column":26}}},"s":{"0":1,"1":1,"3":1,"6":1,"7":27,"8":27,"9":27,"10":27,"11":27,"12":27,"13":27,"14":27,"15":27,"18":27,"19":3,"20":1,"21":1,"22":1,"23":2,"24":2,"25":2,"26":2,"27":2,"28":1,"29":1,"30":1,"31":1,"32":3,"33":0,"34":0,"35":3,"36":2,"37":2,"38":2,"39":2,"40":2,"41":3,"43":27,"44":3,"45":1,"46":1,"47":1,"48":2,"49":2,"50":2,"51":2,"52":1,"53":1,"54":3,"55":0,"56":0,"57":3,"58":1,"59":1,"60":3,"61":2,"62":2,"63":3,"65":27,"66":27,"67":27,"68":27,"69":7,"70":7,"72":7,"73":3,"74":3,"75":3,"76":7,"78":7,"79":7,"82":7,"83":3,"84":3,"85":3,"86":7,"88":7,"89":7,"91":27,"92":20,"93":20,"94":20,"95":0,"96":0,"97":0,"98":0,"99":0,"100":0,"101":0,"102":0,"103":0,"104":20,"106":20,"107":20,"108":10,"109":10,"111":10,"112":10,"113":10,"114":10,"115":10,"116":10,"117":10,"118":10,"119":10,"121":10,"122":10,"124":10,"125":10,"127":10,"128":10,"130":10,"131":10,"132":10,"133":10,"134":10,"135":10,"136":10,"137":10,"138":10,"140":10,"141":10,"143":10,"144":10,"146":20,"148":27,"149":27,"150":27,"151":27,"152":0,"153":0,"154":0,"155":0,"156":0,"158":0,"160":27,"161":27,"163":27,"165":1},"branchMap":{"0":{"type":"branch","line":7,"loc":{"start":{"line":7,"column":29},"end":{"line":164,"column":2}},"locations":[{"start":{"line":7,"column":29},"end":{"line":164,"column":2}}]},"1":{"type":"branch","line":69,"loc":{"start":{"line":69,"column":10},"end":{"line":90,"column":16}},"locations":[{"start":{"line":69,"column":10},"end":{"line":90,"column":16}}]},"2":{"type":"branch","line":92,"loc":{"start":{"line":92,"column":9},"end":{"line":147,"column":16}},"locations":[{"start":{"line":92,"column":9},"end":{"line":147,"column":16}}]},"3":{"type":"branch","line":108,"loc":{"start":{"line":108,"column":28},"end":{"line":126,"column":20}},"locations":[{"start":{"line":108,"column":28},"end":{"line":126,"column":20}}]},"4":{"type":"branch","line":126,"loc":{"start":{"line":126,"column":14},"end":{"line":145,"column":20}},"locations":[{"start":{"line":126,"column":14},"end":{"line":145,"column":20}}]},"5":{"type":"branch","line":149,"loc":{"start":{"line":149,"column":9},"end":{"line":149,"column":71}},"locations":[{"start":{"line":149,"column":9},"end":{"line":149,"column":71}}]},"6":{"type":"branch","line":150,"loc":{"start":{"line":150,"column":9},"end":{"line":150,"column":65}},"locations":[{"start":{"line":150,"column":9},"end":{"line":150,"column":65}}]},"7":{"type":"branch","line":151,"loc":{"start":{"line":151,"column":9},"end":{"line":151,"column":30}},"locations":[{"start":{"line":151,"column":9},"end":{"line":151,"column":30}}]},"8":{"type":"branch","line":151,"loc":{"start":{"line":151,"column":20},"end":{"line":151,"column":163}},"locations":[{"start":{"line":151,"column":20},"end":{"line":151,"column":163}}]},"9":{"type":"branch","line":152,"loc":{"start":{"line":152,"column":9},"end":{"line":159,"column":20}},"locations":[{"start":{"line":152,"column":9},"end":{"line":159,"column":20}}]},"10":{"type":"branch","line":19,"loc":{"start":{"line":19,"column":31},"end":{"line":42,"column":4}},"locations":[{"start":{"line":19,"column":31},"end":{"line":42,"column":4}}]},"11":{"type":"branch","line":20,"loc":{"start":{"line":20,"column":20},"end":{"line":23,"column":5}},"locations":[{"start":{"line":20,"column":20},"end":{"line":23,"column":5}}]},"12":{"type":"branch","line":23,"loc":{"start":{"line":23,"column":4},"end":{"line":28,"column":51}},"locations":[{"start":{"line":23,"column":4},"end":{"line":28,"column":51}}]},"13":{"type":"branch","line":28,"loc":{"start":{"line":28,"column":49},"end":{"line":33,"column":13}},"locations":[{"start":{"line":28,"column":49},"end":{"line":33,"column":13}}]},"14":{"type":"branch","line":33,"loc":{"start":{"line":33,"column":6},"end":{"line":35,"column":7}},"locations":[{"start":{"line":33,"column":6},"end":{"line":35,"column":7}}]},"15":{"type":"branch","line":36,"loc":{"start":{"line":36,"column":4},"end":{"line":41,"column":5}},"locations":[{"start":{"line":36,"column":4},"end":{"line":41,"column":5}}]},"16":{"type":"branch","line":44,"loc":{"start":{"line":44,"column":30},"end":{"line":64,"column":4}},"locations":[{"start":{"line":44,"column":30},"end":{"line":64,"column":4}}]},"17":{"type":"branch","line":45,"loc":{"start":{"line":45,"column":16},"end":{"line":48,"column":5}},"locations":[{"start":{"line":45,"column":16},"end":{"line":48,"column":5}}]},"18":{"type":"branch","line":48,"loc":{"start":{"line":48,"column":4},"end":{"line":52,"column":54}},"locations":[{"start":{"line":48,"column":4},"end":{"line":52,"column":54}}]},"19":{"type":"branch","line":52,"loc":{"start":{"line":52,"column":52},"end":{"line":55,"column":13}},"locations":[{"start":{"line":52,"column":52},"end":{"line":55,"column":13}}]},"20":{"type":"branch","line":55,"loc":{"start":{"line":55,"column":6},"end":{"line":57,"column":7}},"locations":[{"start":{"line":55,"column":6},"end":{"line":57,"column":7}}]},"21":{"type":"branch","line":58,"loc":{"start":{"line":58,"column":4},"end":{"line":61,"column":6}},"locations":[{"start":{"line":58,"column":4},"end":{"line":61,"column":6}}]},"22":{"type":"branch","line":61,"loc":{"start":{"line":61,"column":4},"end":{"line":63,"column":5}},"locations":[{"start":{"line":61,"column":4},"end":{"line":63,"column":5}}]},"23":{"type":"branch","line":73,"loc":{"start":{"line":73,"column":23},"end":{"line":76,"column":16}},"locations":[{"start":{"line":73,"column":23},"end":{"line":76,"column":16}}]},"24":{"type":"branch","line":83,"loc":{"start":{"line":83,"column":23},"end":{"line":86,"column":16}},"locations":[{"start":{"line":83,"column":23},"end":{"line":86,"column":16}}]},"25":{"type":"branch","line":117,"loc":{"start":{"line":117,"column":28},"end":{"line":117,"column":64}},"locations":[{"start":{"line":117,"column":28},"end":{"line":117,"column":64}}]},"26":{"type":"branch","line":136,"loc":{"start":{"line":136,"column":28},"end":{"line":136,"column":60}},"locations":[{"start":{"line":136,"column":28},"end":{"line":136,"column":60}}]}},"b":{"0":[27],"1":[7],"2":[20],"3":[10],"4":[10],"5":[4],"6":[5],"7":[2],"8":[2],"9":[0],"10":[3],"11":[1],"12":[2],"13":[1],"14":[0],"15":[2],"16":[3],"17":[1],"18":[2],"19":[1],"20":[0],"21":[1],"22":[2],"23":[3],"24":[3],"25":[2],"26":[2]},"fnMap":{"0":{"name":"GetPackage","decl":{"start":{"line":7,"column":29},"end":{"line":164,"column":2}},"loc":{"start":{"line":7,"column":29},"end":{"line":164,"column":2}},"line":7},"1":{"name":"handleGetPackageById","decl":{"start":{"line":19,"column":31},"end":{"line":42,"column":4}},"loc":{"start":{"line":19,"column":31},"end":{"line":42,"column":4}},"line":19},"2":{"name":"handleSearchByRegex","decl":{"start":{"line":44,"column":30},"end":{"line":64,"column":4}},"loc":{"start":{"line":44,"column":30},"end":{"line":64,"column":4}},"line":44},"3":{"name":"onClick","decl":{"start":{"line":73,"column":23},"end":{"line":76,"column":16}},"loc":{"start":{"line":73,"column":23},"end":{"line":76,"column":16}},"line":73},"4":{"name":"onClick","decl":{"start":{"line":83,"column":23},"end":{"line":86,"column":16}},"loc":{"start":{"line":83,"column":23},"end":{"line":86,"column":16}},"line":83},"5":{"name":"onClick","decl":{"start":{"line":95,"column":23},"end":{"line":104,"column":16}},"loc":{"start":{"line":95,"column":23},"end":{"line":104,"column":16}},"line":95},"6":{"name":"onChange","decl":{"start":{"line":117,"column":28},"end":{"line":117,"column":64}},"loc":{"start":{"line":117,"column":28},"end":{"line":117,"column":64}},"line":117},"7":{"name":"onChange","decl":{"start":{"line":136,"column":28},"end":{"line":136,"column":60}},"loc":{"start":{"line":136,"column":28},"end":{"line":136,"column":60}},"line":136}},"f":{"0":27,"1":3,"2":3,"3":3,"4":3,"5":0,"6":2,"7":2}}
,"D:\\Purdue\\ECE 46100\\Project\\Phase 2\\ECE461-group32-frontend\\frontend\\ECE461group32-frontend\\src\\components\\GetPackages.tsx": {"path":"D:\\Purdue\\ECE 46100\\Project\\Phase 2\\ECE461-group32-frontend\\frontend\\ECE461group32-frontend\\src\\components\\GetPackages.tsx","all":false,"statementMap":{"0":{"start":{"line":1,"column":0},"end":{"line":1,"column":40}},"4":{"start":{"line":5,"column":0},"end":{"line":5,"column":52}},"6":{"start":{"line":7,"column":0},"end":{"line":7,"column":52}},"7":{"start":{"line":8,"column":0},"end":{"line":8,"column":60}},"8":{"start":{"line":9,"column":0},"end":{"line":9,"column":80}},"18":{"start":{"line":19,"column":0},"end":{"line":19,"column":37}},"20":{"start":{"line":21,"column":0},"end":{"line":21,"column":13}},"21":{"start":{"line":22,"column":0},"end":{"line":22,"column":78}},"22":{"start":{"line":23,"column":0},"end":{"line":23,"column":27}},"23":{"start":{"line":24,"column":0},"end":{"line":24,"column":45}},"25":{"start":{"line":26,"column":0},"end":{"line":26,"column":24}},"26":{"start":{"line":27,"column":0},"end":{"line":27,"column":60}},"27":{"start":{"line":28,"column":0},"end":{"line":28,"column":13}},"28":{"start":{"line":29,"column":0},"end":{"line":29,"column":25}},"29":{"start":{"line":30,"column":0},"end":{"line":30,"column":76}},"30":{"start":{"line":31,"column":0},"end":{"line":31,"column":33}},"31":{"start":{"line":32,"column":0},"end":{"line":32,"column":9}},"32":{"start":{"line":33,"column":0},"end":{"line":33,"column":6}},"34":{"start":{"line":35,"column":0},"end":{"line":35,"column":77}},"35":{"start":{"line":36,"column":0},"end":{"line":36,"column":32}},"36":{"start":{"line":37,"column":0},"end":{"line":37,"column":26}},"37":{"start":{"line":38,"column":0},"end":{"line":38,"column":9}},"38":{"start":{"line":39,"column":0},"end":{"line":39,"column":6}},"40":{"start":{"line":41,"column":0},"end":{"line":41,"column":12}},"41":{"start":{"line":42,"column":0},"end":{"line":42,"column":73}},"42":{"start":{"line":43,"column":0},"end":{"line":43,"column":103}},"43":{"start":{"line":44,"column":0},"end":{"line":44,"column":21}},"44":{"start":{"line":45,"column":0},"end":{"line":45,"column":33}},"45":{"start":{"line":46,"column":0},"end":{"line":46,"column":58}},"46":{"start":{"line":47,"column":0},"end":{"line":47,"column":43}},"47":{"start":{"line":48,"column":0},"end":{"line":48,"column":49}},"48":{"start":{"line":49,"column":0},"end":{"line":49,"column":60}},"49":{"start":{"line":50,"column":0},"end":{"line":50,"column":24}},"50":{"start":{"line":51,"column":0},"end":{"line":51,"column":14}},"51":{"start":{"line":52,"column":0},"end":{"line":52,"column":95}},"52":{"start":{"line":53,"column":0},"end":{"line":53,"column":18}},"53":{"start":{"line":54,"column":0},"end":{"line":54,"column":31}},"54":{"start":{"line":55,"column":0},"end":{"line":55,"column":29}},"55":{"start":{"line":56,"column":0},"end":{"line":56,"column":71}},"56":{"start":{"line":57,"column":0},"end":{"line":57,"column":51}},"57":{"start":{"line":58,"column":0},"end":{"line":58,"column":60}},"58":{"start":{"line":59,"column":0},"end":{"line":59,"column":14}},"59":{"start":{"line":60,"column":0},"end":{"line":60,"column":103}},"61":{"start":{"line":62,"column":0},"end":{"line":62,"column":21}},"62":{"start":{"line":63,"column":0},"end":{"line":63,"column":93}},"64":{"start":{"line":65,"column":0},"end":{"line":65,"column":14}},"66":{"start":{"line":67,"column":0},"end":{"line":67,"column":1}}},"s":{"0":1,"4":16,"6":16,"7":16,"8":16,"18":16,"20":4,"21":4,"22":4,"23":2,"25":4,"26":1,"27":1,"28":4,"29":1,"30":1,"31":1,"32":4,"34":16,"35":1,"36":1,"37":1,"38":1,"40":16,"41":16,"42":16,"43":16,"44":16,"45":16,"46":16,"47":16,"48":16,"49":16,"50":16,"51":16,"52":16,"53":16,"54":16,"55":16,"56":16,"57":16,"58":16,"59":16,"61":16,"62":16,"64":16,"66":16},"branchMap":{"0":{"type":"branch","line":5,"loc":{"start":{"line":5,"column":0},"end":{"line":67,"column":1}},"locations":[{"start":{"line":5,"column":0},"end":{"line":67,"column":1}}]},"1":{"type":"branch","line":63,"loc":{"start":{"line":63,"column":13},"end":{"line":63,"column":93}},"locations":[{"start":{"line":63,"column":13},"end":{"line":63,"column":93}}]},"2":{"type":"branch","line":19,"loc":{"start":{"line":19,"column":24},"end":{"line":33,"column":6}},"locations":[{"start":{"line":19,"column":24},"end":{"line":33,"column":6}}]},"3":{"type":"branch","line":22,"loc":{"start":{"line":22,"column":76},"end":{"line":23,"column":26}},"locations":[{"start":{"line":22,"column":76},"end":{"line":23,"column":26}}]},"4":{"type":"branch","line":23,"loc":{"start":{"line":23,"column":26},"end":{"line":26,"column":23}},"locations":[{"start":{"line":23,"column":26},"end":{"line":26,"column":23}}]},"5":{"type":"branch","line":26,"loc":{"start":{"line":26,"column":16},"end":{"line":28,"column":13}},"locations":[{"start":{"line":26,"column":16},"end":{"line":28,"column":13}}]},"6":
[...]
,"D:\\Purdue\\ECE 46100\\Project\\Phase 2\\ECE461-group32-frontend\\frontend\\ECE461group32-frontend\\src\\components\\ui\\input.tsx": {"path":"D:\\Purdue\\ECE 46100\\Project\\Phase 2\\ECE461-group32-frontend\\frontend\\ECE461group32-frontend\\src\\components\\ui\\input.tsx","all":false,"statementMap":{"0":{"start":{"line":1,"column":0},"end":{"line":1,"column":25}},"6":{"start":{"line":7,"column":0},"end":{"line":7,"column":61}},"7":{"start":{"line":8,"column":0},"end":{"line":8,"column":43}},"8":{"start":{"line":9,"column":0},"end":{"line":9,"column":12}},"9":{"start":{"line":10,"column":0},"end":{"line":10,"column":12}},"10":{"start":{"line":11,"column":0},"end":{"line":11,"column":19}},"11":{"start":{"line":12,"column":0},"end":{"line":12,"column":22}},"12":{"start":{"line":13,"column":0},"end":{"line":13,"column":401}},"13":{"start":{"line":14,"column":0},"end":{"line":14,"column":19}},"14":{"start":{"line":15,"column":0},"end":{"line":15,"column":10}},"15":{"start":{"line":16,"column":0},"end":{"line":16,"column":17}},"16":{"start":{"line":17,"column":0},"end":{"line":17,"column":18}},"17":{"start":{"line":18,"column":0},"end":{"line":18,"column":8}},"19":{"start":{"line":20,"column":0},"end":{"line":20,"column":3}},"20":{"start":{"line":21,"column":0},"end":{"line":21,"column":1}}},"s":{"0":1,"6":1,"7":1,"8":12,"9":12,"10":12,"11":12,"12":12,"13":12,"14":12,"15":12,"16":12,"17":12,"19":12,"20":1},"branchMap":{"0":{"type":"branch","line":8,"loc":{"start":{"line":8,"column":2},"end":{"line":20,"column":3}},"locations":[{"start":{"line":8,"column":2},"end":{"line":20,"column":3}}]}},"b":{"0":[12]},"fnMap":{},"f":{}}
,"D:\\Purdue\\ECE 46100\\Project\\Phase 2\\ECE461-group32-frontend\\frontend\\ECE461group32-frontend\\src\\components\\ui\\loading.tsx": {"path":"D:\\Purdue\\ECE 46100\\Project\\Phase 2\\ECE461-group32-frontend\\frontend\\ECE461group32-frontend\\src\\components\\ui\\loading.tsx","all":false,"statementMap":{"0":{"start":{"line":1,"column":0},"end":{"line":1,"column":48}},"1":{"start":{"line":2,"column":0},"end":{"line":2,"column":10}},"2":{"start":{"line":3,"column":0},"end":{"line":3,"column":93}},"3":{"start":{"line":4,"column":0},"end":{"line":4,"column":10}},"4":{"start":{"line":5,"column":0},"end":{"line":5,"column":26}},"5":{"start":{"line":6,"column":0},"end":{"line":6,"column":87}},"6":{"start":{"line":7,"column":0},"end":{"line":7,"column":29}},"7":{"start":{"line":8,"column":0},"end":{"line":8,"column":19}},"8":{"start":{"line":9,"column":0},"end":{"line":9,"column":43}},"9":{"start":{"line":10,"column":0},"end":{"line":10,"column":13}},"10":{"start":{"line":11,"column":0},"end":{"line":11,"column":378}},"11":{"start":{"line":12,"column":0},"end":{"line":12,"column":29}},"12":{"start":{"line":13,"column":0},"end":{"line":13,"column":10}},"13":{"start":{"line":14,"column":0},"end":{"line":14,"column":13}},"14":{"start":{"line":15,"column":0},"end":{"line":15,"column":603}},"15":{"start":{"line":16,"column":0},"end":{"line":16,"column":28}},"16":{"start":{"line":17,"column":0},"end":{"line":17,"column":10}},"17":{"start":{"line":18,"column":0},"end":{"line":18,"column":12}},"18":{"start":{"line":19,"column":0},"end":{"line":19,"column":49}},"19":{"start":{"line":20,"column":0},"end":{"line":20,"column":10}},"21":{"start":{"line":22,"column":0},"end":{"line":22,"column":1}}},"s":{"0":11,"1":11,"2":11,"3":11,"4":11,"5":11,"6":11,"7":11,"8":11,"9":11,"10":11,"11":11,"12":11,"13":11,"14":11,"15":11,"16":11,"17":11,"18":11,"19":11,"21":11},"branchMap":{"0":{"type":"branch","line":1,"loc":{"start":{"line":1,"column":0},"end":{"line":22,"column":1}},"locations":[{"start":{"line":1,"column":0},"end":{"line":22,"column":1}}]}},"b":{"0":[11]},"fnMap":{"0":{"name":"Loading","decl":{"start":{"line":1,"column":0},"end":{"line":22,"column":1}},"loc":{"start":{"line":1,"column":0},"end":{"line":22,"column":1}},"line":1}},"f":{"0":11}}
,"D:\\Purdue\\ECE 46100\\Project\\Phase 2\\ECE461-group32-frontend\\frontend\\ECE461group32-frontend\\src\\pages\\Home.tsx": {"path":"D:\\Purdue\\ECE 46100\\Project\\Phase 2\\ECE461-group32-frontend\\frontend\\ECE461group32-frontend\\src\\pages\\Home.tsx","all":true,"statementMap":{"0":{"start":{"line":1,"column":0},"end":{"line":1,"column":40}},"1":{"start":{"line":2,"column":0},"end":{"line":2,"column":47}},"2":{"start":{"line":3,"column":0},"end":{"line":3,"column":42}},"3":{"start":{"line":4,"column":0},"end":{"line":4,"column":40}},"4":{"start":{"line":5,"column":0},"end":{"line":5,"column":52}},"5":{"start":{"line":6,"column":0},"end":{"line":6,"column":42}},"6":{"start":{"line":7,"column":0},"end":{"line":7,"column":38}},"7":{"start":{"line":8,"column":0},"end":{"line":8,"column":38}},"8":{"start":{"line":9,"column":0},"end":{"line":9,"column":49}},"9":{"start":{"line":10,"column":0},"end":{"line":10,"column":42}},"10":{"start":{"line":11,"column":0},"end":{"line":11,"column":50}},"11":{"start":{"line":12,"column":0},"end":{"line":12,"column":44}},"12":{"start":{"line":13,"column":0},"end":{"line":13,"column":46}},"13":{"start":{"line":14,"column":0},"end":{"line":14,"column":52}},"14":{"start":{"line":15,"column":0},"end":{"line":15,"column":0}},"15":{"start":{"line":16,"column":0},"end":{"line":16,"column":101}},"16":{"start":{"line":17,"column":0},"end":{"line":17,"column":33}},"17":{"start":{"line":18,"column":0},"end":{"line":18,"column":26}},"18":{"start":{"line":19,"column":0},"end":{"line":19,"column":23}},"19":{"start":{"line":20,"column":0},"end":{"line":20,"column":28}},"20":{"start":{"line":21,"column":0},"end":{"line":21,"column":23}},"21":{"start":{"line":22,"column":0},"end":{"line":22,"column":19}},"22":{"start":{"line":23,"column":0},"end":{"line":23,"column":19}},"23":{"start":{"line":24,"column":0},"end":{"line":24,"column":26}},"24":{"start":{"line":25,"column":0},"end":{"line":25,"column":20}},"25":{"start":{"line":26,"column":0},"end":{"line":26,"column":17}},"26":{"start":{"line":27,"column":0},"end":{"line":27,"column":18}},"27":{"start":{"line":28,"column":0},"end":{"line":28,"column":21}},"28":{"start":{"line":29,"column":0},"end":{"line":29,"column":4}},"29":{"start":{"line":30,"column":0},"end":{"line":30,"column":100}},"30":{"start":{"line":31,"column":0},"end":{"line":31,"column":0}},"31":{"start":{"line":32,"column":0},"end":{"line":32,"column":10}},"32":{"start":{"line":33,"column":0},"end":{"line":33,"column":99}},"33":{"start":{"line":34,"column":0},"end":{"line":34,"column":77}},"34":{"start":{"line":35,"column":0},"end":{"line":35,"column":23}},"35":{"start":{"line":36,"column":0},"end":{"line":36,"column":15}},"36":{"start":{"line":37,"column":0},"end":{"line":37,"column":19}},"37":{"start":{"line":38,"column":0},"end":{"line":38,"column":27}},"38":{"start":{"line":39,"column":0},"end":{"line":39,"column":64}},"39":{"start":{"line":40,"column":0},"end":{"line":40,"column":30}},"40":{"start":{"line":41,"column":0},"end":{"line":41,"column":53}},"41":{"start":{"line":42,"column":0},"end":{"line":42,"column":27}},"42":{"start":{"line":43,"column":0},"end":{"line":43,"column":30}},"43":{"start":{"line":44,"column":0},"end":{"line":44,"column":16}},"44":{"start":{"line":45,"column":0},"end":{"line":45,"column":14}},"45":{"start":{"line":46,"column":0},"end":{"line":46,"column":87}},"46":{"start":{"line":47,"column":0},"end":{"line":47,"column":34}},"47":{"start":{"line":48,"column":0},"end":{"line":48,"column":20}},"48":{"start":{"line":49,"column":0},"end":{"line":49,"column":28}},"49":{"start":{"line":50,"column":0},"end":{"line":50,"column":27}},"50":{"start":{"line":51,"column":0},"end":{"line":51,"column":169}},"51":{"start":{"line":52,"column":0},"end":{"line":52,"column":66}},"52":{"start":{"line":53,"column":0},"end":{"line":53,"column":23}},"53":{"start":{"line":54,"column":0},"end":{"line":54,"column":22}},"54":{"start":{"line":55,"column":0},"end":{"line":55,"column":17}},"55":{"start":{"line":56,"column":0},"end":{"line":56,"column":18}},"56":{"start":{"line":57,"column":0},"end":{"line":57,"column":43}},"57":{"start":{"line":58,"column":0},"end":{"line":58,"column":62}},"58":{"start":{"line":59,"column":0},"end":{"line":59,"column":72}},"59":{"start":{"line":60,"column":0},"end":{"line":60,"column":64}},"60":{"start":{"line":61,"column":0},"end":{"line":61,"column":62}},"61":{"start":{"line":62,"column":0},"end":{"line":62,"column":56}},"62":{"start":{"line":63,"column":0},"end":{"line":63,"column":56}},"63":{"start":{"line":64,"column":0},"end":{"line":64,"column":63}},"64":{"start":{"line":65,"column":0},"end":{"line":65,"column":57}},"65":{"start":{"line":66,"column":0},"end":{"line":66,"column":59}},"66":{"start":{"line":67,"column":0},"end":{"line":67,"column":65}},"67":{"start":{"line":68,"column":0},"end":{"line":68,"column":18}},"68":{"start":{"line":69,"column":0},"end":{"line":69,"column":16}},"69":{"start":{"line":70,"column":0},"end":{"line":70,"column":13}},"70":{"start":{"line":71,"column":0},"end":{"line":71,"column":55}},"71":{"start":{"line":72,"column":0},"end":{"line":72,"column":21}},"72":{"start":{"line":73,"column":0},"end":{"line":73,"column":28}},"73":{"start":{"line":74,"column":0},"end":{"line":74,"column":67}},"74":{"start":{"line":75,"column":0},"end":{"line":75,"column":50}},"75":{"start":{"line":76,"column":0},"end":{"line":76,"column":16}},"76":{"start":{"line":77,"column":0},"end":{"line":77,"column":24}},"77":{"start":{"line":78,"column":0},"end":{"line":78,"column":25}},"78":{"start":{"line":79,"column":0},"end":{"line":79,"column":30}},"79":{"start":{"line":80,"column":0},"end":{"line":80,"column":63}},"80":{"start":{"line":81,"column":0},"end":{"line":81,"column":51}},"81":{"start":{"line":82,"column":0},"end":{"line":82,"column":20}},"82":{"start":{"line":83,"column":0},"end":{"line":83,"column":17}},"83":{"start":{"line":84,"column":0},"end":{"line":84,"column":10}},"84":{"start":{"line":85,"column":0},"end":{"line":85,"column":10}},"85":{"start":{"line":86,"column":0},"end":{"line":86,"column":4}},"86":{"start":{"line":87,"column":0},"end":{"line":87,"column":2}},"87":{"start":{"line":88,"column":0},"end":{"line":88,"column":0}},"88":{"start":{"line":89,"column":0},"end":{"line":89,"column":20}}},"s":{"0":0,"1":0,"2":0,"3":0,"4":0,"5":0,"6":0,"7":0,"8":0,"9":0,"10":0,"11":0,"12":0,"13":0,"14":0,"15":0,"16":0,"17":0,"18":0,"19":0,"20":0,"21":0,"22":0,"23":0,"24":0,"25":0,"26":0,"27":0,"28":0,"29":0,"30":0,"31":0,"32":0,"33":0,"34":0,"35":0,"36":0,"37":0,"38":0,"39":0,"40":0,"41":0,"42":0,"43":0,"44":0,"45":0,"46":0,"47":0,"48":0,"49":0,"50":0,"51":0,"52":0,"53":0,"54":0,"55":0,"56":0,"57":0,"58":0,"59":0,"60":0,"61":0,"62":0,"63":0,"64":0,"65":0,"66":0,"67":0,"68":0,"69":0,"70":0,"71":0,"72":0,"73":0,"74":0,"75":0,"76":0,"77":0,"78":0,"79":0,"80":0,"81":0,"82":0,"83":0,"84":0,"85":0,"86":0,"87":0,"88":0},"branchMap":{"0":{"type":"branch","line":1,"loc":{"start":{"line":1,"column":0},"end":{"line":89,"column":20}},"locations":[{"start":{"line":1,"column":0},"end":{"line":89,"column":20}}]}},"b":{"0":[0]},"fnMap":{"0":{"name":"(empty-report)","decl":{"start":{"line":1,"column":0},"end":{"line":89,"column":20}},"loc":{"start":{"line":1,"column":0},"end":{"line":89,"column":20}},"line":1}},"f":{"0":0}}
,"D:\\Purdue\\ECE 46100\\Project\\Phase 2\\ECE461-group32-frontend\\frontend\\ECE461group32-frontend\\src\\pages\\Login.tsx": {"path":"D:\\Purdue\\ECE 46100\\Project\\Phase 2\\ECE461-group32-frontend\\frontend\\ECE461group32-frontend\\src\\pages\\Login.tsx","all":true,"statementMap":{"0":{"start":{"line":1,"column":0},"end":{"line":1,"column":40}},"1":{"start":{"line":2,"column":0},"end":{"line":2,"column":47}},"2":{"start":{"line":3,"column":0},"end":{"line":3,"column":95}},"3":{"start":{"line":4,"column":0},"end":{"line":4,"column":93}},"4":{"start":{"line":5,"column":0},"end":{"line":5,"column":47}},"5":{"start":{"line":6,"column":0},"end":{"line":6,"column":0}},"6":{"start":{"line":7,"column":0},"end":{"line":7,"column":19}},"7":{"start":{"line":8,"column":0},"end":{"line":8,"column":29}},"8":{"start":{"line":9,"column":0},"end":{"line":9,"column":2}},"9":{"start":{"line":10,"column":0},"end":{"line":10,"column":0}},"10":{"start":{"line":11,"column":0},"end":{"line":11,"column":61}},"11":{"start":{"line":12,"column":0},"end":{"line":12,"column":47}},"12":{"start":{"line":13,"column":0},"end":{"line":13,"column":47}},"13":{"start":{"line":14,"column":0},"end":{"line":14,"column":41}},"14":{"start":{"line":15,"column":0},"end":{"line":15,"column":33}},"15":{"start":{"line":16,"column":0},"end":{"line":16,"column":48}},"16":{"start":{"line":17,"column":0},"end":{"line":17,"column":0}},"17":{"start":{"line":18,"column":0},"end":{"line":18,"column":53}},"18":{"start":{"line":19,"column":0},"end":{"line":19,"column":23}},"19":{"start":{"line":20,"column":0},"end":{"line":20,"column":17}},"20":{"start":{"line":21,"column":0},"end":{"line":21,"column":0}},"21":{"start":{"line":22,"column":0},"end":{"line":22,"column":9}},"22":{"start":{"line":23,"column":0},"end":{"line":23,"column":23}},"23":{"start":{"line":24,"column":0},"end":{"line":24,"column":65}},"24":{"start":{"line":25,"column":0},"end":{"line":25,"column":112}},"25":{"start":{"line":26,"column":0},"end":{"line":26,"column":110}},"26":{"start":{"line":27,"column":0},"end":{"line":27,"column":27}},"27":{"start":{"line":28,"column":0},"end":{"line":28,"column":33}},"28":{"start":{"line":29,"column":0},"end":{"line":29,"column":31}},"29":{"start":{"line":30,"column":0},"end":{"line":30,"column":99}},"30":{"start":{"line":31,"column":0},"end":{"line":31,"column":72}},"31":{"start":{"line":32,"column":0},"end":{"line":32,"column":51}},"32":{"start":{"line":33,"column":0},"end":{"line":33,"column":14}},"33":{"start":{"line":34,"column":0},"end":{"line":34,"column":79}},"34":{"start":{"line":35,"column":0},"end":{"line":35,"column":7}},"35":{"start":{"line":36,"column":0},"end":{"line":36,"column":28}},"36":{"start":{"line":37,"column":0},"end":{"line":37,"column":33}},"37":{"start":{"line":38,"column":0},"end":{"line":38,"column":94}},"38":{"start":{"line":39,"column":0},"end":{"line":39,"column":12}},"39":{"start":{"line":40,"column":0},"end":{"line":40,"column":97}},"40":{"start":{"line":41,"column":0},"end":{"line":41,"column":5}},"41":{"start":{"line":42,"column":0},"end":{"line":42,"column":15}},"42":{"start":{"line":43,"column":0},"end":{"line":43,"column":24}},"43":{"start":{"line":44,"column":0},"end":{"line":44,"column":5}},"44":{"start":{"line":45,"column":0},"end":{"line":45,"column":4}},"45":{"start":{"line":46,"column":0},"end":{"line":46,"column":0}},"46":{"start":{"line":47,"column":0},"end":{"line":47,"column":16}},"47":{"start":{"line":48,"column":0},"end":{"line":48,"column":65}},"48":{"start":{"line":49,"column":0},"end":{"line":49,"column":3}},"49":{"start":{"line":50,"column":0},"end":{"line":50,"column":0}},"50":{"start":{"line":51,"column":0},"end":{"line":51,"column":10}},"51":{"start":{"line":52,"column":0},"end":{"line":52,"column":93}},"52":{"start":{"line":53,"column":0},"end":{"line":53,"column":58}},"53":{"start":{"line":54,"column":0},"end":{"line":54,"column":13}},"54":{"start":{"line":55,"column":0},"end":{"line":55,"column":37}},"55":{"start":{"line":56,"column":0},"end":{"line":56,"column":93}},"56":{"start":{"line":57,"column":0},"end":{"line":57,"column":7}},"57":{"start":{"line":58,"column":0},"end":{"line":58,"column":12}},"58":{"start":{"line":59,"column":0},"end":{"line":59,"column":15}},"59":{"start":{"line":60,"column":0},"end":{"line":60,"column":94}},"60":{"start":{"line":61,"column":0},"end":{"line":61,"column":30}},"61":{"start":{"line":62,"column":0},"end":{"line":62,"column":99}},"62":{"start":{"line":63,"column":0},"end":{"line":63,"column":16}},"63":{"start":{"line":64,"column":0},"end":{"line":64,"column":25}},"64":{"start":{"line":65,"column":0},"end":{"line":65,"column":23}},"65":{"start":{"line":66,"column":0},"end":{"line":66,"column":28}},"66":{"start":{"line":67,"column":0},"end":{"line":67,"column":57}},"67":{"start":{"line":68,"column":0},"end":{"line":68,"column":20}},"68":{"start":{"line":69,"column":0},"end":{"line":69,"column":146}},"69":{"start":{"line":70,"column":0},"end":{"line":70,"column":12}},"70":{"start":{"line":71,"column":0},"end":{"line":71,"column":14}},"71":{"start":{"line":72,"column":0},"end":{"line":72,"column":30}},"72":{"start":{"line":73,"column":0},"end":{"line":73,"column":99}},"73":{"start":{"line":74,"column":0},"end":{"line":74,"column":16}},"74":{"start":{"line":75,"column":0},"end":{"line":75,"column":25}},"75":{"start":{"line":76,"column":0},"end":{"line":76,"column":27}},"76":{"start":{"line":77,"column":0},"end":{"line":77,"column":28}},"77":{"start":{"line":78,"column":0},"end":{"line":78,"column":57}},"78":{"start":{"line":79,"column":0},"end":{"line":79,"column":20}},"79":{"start":{"line":80,"column":0},"end":{"line":80,"column":146}},"80":{"start":{"line":81,"column":0},"end":{"line":81,"column":12}},"81":{"start":{"line":82,"column":0},"end":{"line":82,"column":14}},"82":{"start":{"line":83,"column":0},"end":{"line":83,"column":70}},"83":{"start":{"line":84,"column":0},"end":{"line":84,"column":59}},"84":{"start":{"line":85,"column":0},"end":{"line":85,"column":17}},"85":{"start":{"line":86,"column":0},"end":{"line":86,"column":25}},"86":{"start":{"line":87,"column":0},"end":{"line":87,"column":134}},"87":{"start":{"line":88,"column":0},"end":{"line":88,"column":11}},"88":{"start":{"line":89,"column":0},"end":{"line":89,"column":17}},"89":{"start":{"line":90,"column":0},"end":{"line":90,"column":19}},"90":{"start":{"line":91,"column":0},"end":{"line":91,"column":14}},"91":{"start":{"line":92,"column":0},"end":{"line":92,"column":13}},"92":{"start":{"line":93,"column":0},"end":{"line":93,"column":10}},"93":{"start":{"line":94,"column":0},"end":{"line":94,"column":4}},"94":{"start":{"line":95,"column":0},"end":{"line":95,"column":2}},"95":{"start":{"line":96,"column":0},"end":{"line":96,"column":0}},"96":{"start":{"line":97,"column":0},"end":{"line":97,"column":21}}},"s":{"0":0,"1":0,"2":0,"3":0,"4":0,"5":0,"6":0,"7":0,"8":0,"9":0,"10":0,"11":0,"12":0,"13":0,"14":0,"15":0,"16":0,"17":0,"18":0,"19":0,"20":0,"21":0,"22":0,"23":0,"24":0,"25":0,"26":0,"27":0,"28":0,"29":0,"30":0,"31":0,"32":0,"33":0,"34":0,"35":0,"36":0,"37":0,"38":0,"39":0,"40":0,"41":0,"42":0,"43":0,"44":0,"45":0,"46":0,"47":0,"48":0,"49":0,"50":0,"51":0,"52":0,"53":0,"54":0,"55":0,"56":0,"57":0,"58":0,"59":0,"60":0,"61":0,"62":0,"63":0,"64":0,"65":0,"66":0,"67":0,"68":0,"69":0,"70":0,"71":0,"72":0,"73":0,"74":0,"75":0,"76":0,"77":0,"78":0,"79":0,"80":0,"81":0,"82":0,"83":0,"84":0,"85":0,"86":0,"87":0,"88":0,"89":0,"90":0,"91":0,"92":0,"93":0,"94":0,"95":0,"96":0},"branchMap":{"0":{"type":"branch","line":1,"loc":{"start":{"line":1,"column":0},"end":{"line":97,"column":21}},"locations":[{"start":{"line":1,"column":0},"end":{"line":97,"column":21}}]}},"b":{"0":[0]},"fnMap":{"0":{"name":"(empty-report)","decl":{"start":{"line":1,"column":0},"end":{"line":97,"column":21}},"loc":{"start":{"line":1,"column":0},"end":{"line":97,"column":21}},"line":1}},"f":{"0":0}}
}
